[ 2016-06-01T09:56:02+08:00 ] 127.0.0.1 /Member/getUserInfo.html
INFO: [ app_begin ] --START--
INFO: Run Behavior\ReadHtmlCacheBehavior [ RunTime:0.001450s ]
INFO: [ app_begin ] --END-- [ RunTime:0.002957s ]
INFO: [ action_begin ] --START--
INFO: Run \Home\Behavior\CheckUserBehavior [ RunTime:0.002953s ]
INFO: [ action_begin ] --END-- [ RunTime:0.003534s ]
INFO: [ app_end ] --START--
INFO: Run Behavior\ShowPageTraceBehavior [ RunTime:0.002558s ]
INFO: [ app_end ] --END-- [ RunTime:0.002901s ]

[ 2016-06-01T09:56:18+08:00 ] 127.0.0.1 /Member/getUserInfo.html
INFO: [ app_begin ] --START--
INFO: Run Behavior\ReadHtmlCacheBehavior [ RunTime:0.001350s ]
INFO: [ app_begin ] --END-- [ RunTime:0.002502s ]
INFO: [ action_begin ] --START--
INFO: Run \Home\Behavior\CheckUserBehavior [ RunTime:0.000787s ]
INFO: [ action_begin ] --END-- [ RunTime:0.001013s ]
INFO: [ app_end ] --START--
INFO: Run Behavior\ShowPageTraceBehavior [ RunTime:0.001172s ]
INFO: [ app_end ] --END-- [ RunTime:0.001369s ]

[ 2016-06-01T09:56:21+08:00 ] 127.0.0.1 /Member/getUserInfo.html
INFO: [ app_begin ] --START--
INFO: Run Behavior\ReadHtmlCacheBehavior [ RunTime:0.000910s ]
INFO: [ app_begin ] --END-- [ RunTime:0.001687s ]
INFO: [ action_begin ] --START--
INFO: Run \Home\Behavior\CheckUserBehavior [ RunTime:0.001080s ]
INFO: [ action_begin ] --END-- [ RunTime:0.001386s ]
INFO: [ app_end ] --START--
INFO: Run Behavior\ShowPageTraceBehavior [ RunTime:0.001410s ]
INFO: [ app_end ] --END-- [ RunTime:0.001651s ]

[ 2016-06-01T09:56:30+08:00 ] 127.0.0.1 /Member/getUserInfo.html
INFO: [ app_begin ] --START--
INFO: Run Behavior\ReadHtmlCacheBehavior [ RunTime:0.001041s ]
INFO: [ app_begin ] --END-- [ RunTime:0.001875s ]
INFO: [ action_begin ] --START--
INFO: Run \Home\Behavior\CheckUserBehavior [ RunTime:0.000842s ]
INFO: [ action_begin ] --END-- [ RunTime:0.001098s ]
INFO: [ app_end ] --START--
INFO: Run Behavior\ShowPageTraceBehavior [ RunTime:0.001186s ]
INFO: [ app_end ] --END-- [ RunTime:0.001399s ]

[ 2016-06-01T09:56:33+08:00 ] 127.0.0.1 /Member/getUserInfo.html
INFO: [ app_begin ] --START--
INFO: Run Behavior\ReadHtmlCacheBehavior [ RunTime:0.000991s ]
INFO: [ app_begin ] --END-- [ RunTime:0.001807s ]
INFO: [ action_begin ] --START--
INFO: Run \Home\Behavior\CheckUserBehavior [ RunTime:0.000824s ]
INFO: [ action_begin ] --END-- [ RunTime:0.001102s ]
INFO: [ app_end ] --START--
INFO: Run Behavior\ShowPageTraceBehavior [ RunTime:0.001605s ]
INFO: [ app_end ] --END-- [ RunTime:0.001888s ]

[ 2016-06-01T09:56:35+08:00 ] 127.0.0.1 /Member/getUserInfo.html
INFO: [ app_begin ] --START--
INFO: Run Behavior\ReadHtmlCacheBehavior [ RunTime:0.000909s ]
INFO: [ app_begin ] --END-- [ RunTime:0.001813s ]
INFO: [ action_begin ] --START--
INFO: Run \Home\Behavior\CheckUserBehavior [ RunTime:0.000784s ]
INFO: [ action_begin ] --END-- [ RunTime:0.001006s ]
INFO: [ app_end ] --START--
INFO: Run Behavior\ShowPageTraceBehavior [ RunTime:0.001123s ]
INFO: [ app_end ] --END-- [ RunTime:0.001337s ]

[ 2016-06-01T09:56:37+08:00 ] 127.0.0.1 /Member/getUserInfo.html
INFO: [ app_begin ] --START--
INFO: Run Behavior\ReadHtmlCacheBehavior [ RunTime:0.001197s ]
INFO: [ app_begin ] --END-- [ RunTime:0.002384s ]
INFO: [ action_begin ] --START--
INFO: Run \Home\Behavior\CheckUserBehavior [ RunTime:0.000779s ]
INFO: [ action_begin ] --END-- [ RunTime:0.000994s ]
INFO: [ app_end ] --START--
INFO: Run Behavior\ShowPageTraceBehavior [ RunTime:0.001217s ]
INFO: [ app_end ] --END-- [ RunTime:0.001430s ]

[ 2016-06-01T09:56:41+08:00 ] 127.0.0.1 /Member/getUserInfo.html
INFO: [ app_begin ] --START--
INFO: Run Behavior\ReadHtmlCacheBehavior [ RunTime:0.000873s ]
INFO: [ app_begin ] --END-- [ RunTime:0.001647s ]
INFO: [ action_begin ] --START--
INFO: Run \Home\Behavior\CheckUserBehavior [ RunTime:0.000771s ]
INFO: [ action_begin ] --END-- [ RunTime:0.000974s ]
INFO: [ app_end ] --START--
INFO: Run Behavior\ShowPageTraceBehavior [ RunTime:0.001120s ]
INFO: [ app_end ] --END-- [ RunTime:0.001329s ]

[ 2016-06-01T09:56:44+08:00 ] 127.0.0.1 /Member/getUserInfo.html
INFO: [ app_begin ] --START--
INFO: Run Behavior\ReadHtmlCacheBehavior [ RunTime:0.001011s ]
INFO: [ app_begin ] --END-- [ RunTime:0.001816s ]
INFO: [ action_begin ] --START--
INFO: Run \Home\Behavior\CheckUserBehavior [ RunTime:0.001194s ]
INFO: [ action_begin ] --END-- [ RunTime:0.001542s ]
INFO: [ app_end ] --START--
INFO: Run Behavior\ShowPageTraceBehavior [ RunTime:0.001491s ]
INFO: [ app_end ] --END-- [ RunTime:0.001732s ]

[ 2016-06-01T09:56:47+08:00 ] 127.0.0.1 /Member/getUserInfo.html
INFO: [ app_begin ] --START--
INFO: Run Behavior\ReadHtmlCacheBehavior [ RunTime:0.000885s ]
INFO: [ app_begin ] --END-- [ RunTime:0.001685s ]
INFO: [ action_begin ] --START--
INFO: Run \Home\Behavior\CheckUserBehavior [ RunTime:0.000774s ]
INFO: [ action_begin ] --END-- [ RunTime:0.000980s ]
INFO: [ app_end ] --START--
INFO: Run Behavior\ShowPageTraceBehavior [ RunTime:0.001343s ]
INFO: [ app_end ] --END-- [ RunTime:0.001571s ]

[ 2016-06-01T09:57:14+08:00 ] 127.0.0.1 /Member/getUserInfo.html
INFO: [ app_begin ] --START--
INFO: Run Behavior\ReadHtmlCacheBehavior [ RunTime:0.001381s ]
INFO: [ app_begin ] --END-- [ RunTime:0.002301s ]
INFO: [ action_begin ] --START--
INFO: Run \Home\Behavior\CheckUserBehavior [ RunTime:0.000913s ]
INFO: [ action_begin ] --END-- [ RunTime:0.001172s ]
INFO: [ app_end ] --START--
INFO: Run Behavior\ShowPageTraceBehavior [ RunTime:0.001288s ]
INFO: [ app_end ] --END-- [ RunTime:0.001551s ]

[ 2016-06-01T09:58:50+08:00 ] 127.0.0.1 /Member/getUserInfo.html
INFO: [ app_begin ] --START--
INFO: Run Behavior\ReadHtmlCacheBehavior [ RunTime:0.001680s ]
INFO: [ app_begin ] --END-- [ RunTime:0.002860s ]
INFO: [ action_begin ] --START--
INFO: Run \Home\Behavior\CheckUserBehavior [ RunTime:0.002038s ]
INFO: [ action_begin ] --END-- [ RunTime:0.002383s ]
INFO: [ app_end ] --START--
INFO: Run Behavior\ShowPageTraceBehavior [ RunTime:0.001867s ]
INFO: [ app_end ] --END-- [ RunTime:0.002386s ]

[ 2016-06-01T09:58:55+08:00 ] 127.0.0.1 /Member/getUserInfo.html
INFO: [ app_begin ] --START--
INFO: Run Behavior\ReadHtmlCacheBehavior [ RunTime:0.000979s ]
INFO: [ app_begin ] --END-- [ RunTime:0.001882s ]
INFO: [ action_begin ] --START--
INFO: Run \Home\Behavior\CheckUserBehavior [ RunTime:0.000994s ]
INFO: [ action_begin ] --END-- [ RunTime:0.001219s ]
INFO: [ app_end ] --START--
INFO: Run Behavior\ShowPageTraceBehavior [ RunTime:0.001157s ]
INFO: [ app_end ] --END-- [ RunTime:0.001355s ]

[ 2016-06-01T10:00:12+08:00 ] 127.0.0.1 /Member/getUserInfo.html
INFO: [ app_begin ] --START--
INFO: Run Behavior\ReadHtmlCacheBehavior [ RunTime:0.000908s ]
INFO: [ app_begin ] --END-- [ RunTime:0.001703s ]
INFO: [ action_begin ] --START--
INFO: Run \Home\Behavior\CheckUserBehavior [ RunTime:0.000864s ]
INFO: [ action_begin ] --END-- [ RunTime:0.001080s ]

[ 2016-06-01T10:00:19+08:00 ] 127.0.0.1 /Member/getUserInfo.html
INFO: [ app_begin ] --START--
INFO: Run Behavior\ReadHtmlCacheBehavior [ RunTime:0.000933s ]
INFO: [ app_begin ] --END-- [ RunTime:0.001771s ]
INFO: [ action_begin ] --START--
INFO: Run \Home\Behavior\CheckUserBehavior [ RunTime:0.000897s ]
INFO: [ action_begin ] --END-- [ RunTime:0.001105s ]

[ 2016-06-01T10:00:21+08:00 ] 127.0.0.1 /Member/getUserInfo.html
INFO: [ app_begin ] --START--
INFO: Run Behavior\ReadHtmlCacheBehavior [ RunTime:0.001207s ]
INFO: [ app_begin ] --END-- [ RunTime:0.002548s ]
INFO: [ action_begin ] --START--
INFO: Run \Home\Behavior\CheckUserBehavior [ RunTime:0.000895s ]
INFO: [ action_begin ] --END-- [ RunTime:0.001118s ]

[ 2016-06-01T10:00:28+08:00 ] 127.0.0.1 /Comment/add.html
INFO: [ app_begin ] --START--
INFO: Run Behavior\ReadHtmlCacheBehavior [ RunTime:0.001195s ]
INFO: [ app_begin ] --END-- [ RunTime:0.002245s ]
INFO: [ action_begin ] --START--
INFO: Run \Home\Behavior\CheckUserBehavior [ RunTime:0.001027s ]
INFO: [ action_begin ] --END-- [ RunTime:0.001270s ]
SQL: SHOW COLUMNS FROM `comment` [ RunTime:0.0043s ]
SQL: INSERT INTO `comment` (`start`,`content`,`order_id`,`goods_ids`,`member_id`,`create_at`,`replay`,`update_at`,`status`) VALUES ('1','haohao','48','36','23','1464746427','','2016-06-01 10:00:27','1') [ RunTime:0.1573s ]

[ 2016-06-01T10:00:29+08:00 ] 127.0.0.1 /Member/getUserInfo.html
INFO: [ app_begin ] --START--
INFO: Run Behavior\ReadHtmlCacheBehavior [ RunTime:0.000966s ]
INFO: [ app_begin ] --END-- [ RunTime:0.001853s ]
INFO: [ action_begin ] --START--
INFO: Run \Home\Behavior\CheckUserBehavior [ RunTime:0.000887s ]
INFO: [ action_begin ] --END-- [ RunTime:0.001097s ]

[ 2016-06-01T10:01:00+08:00 ] 127.0.0.1 /Member/getUserInfo.html
INFO: [ app_begin ] --START--
INFO: Run Behavior\ReadHtmlCacheBehavior [ RunTime:0.001026s ]
INFO: [ app_begin ] --END-- [ RunTime:0.001803s ]
INFO: [ action_begin ] --START--
INFO: Run \Home\Behavior\CheckUserBehavior [ RunTime:0.000837s ]
INFO: [ action_begin ] --END-- [ RunTime:0.001055s ]

[ 2016-06-01T10:01:09+08:00 ] 127.0.0.1 /Member/getUserInfo.html
INFO: [ app_begin ] --START--
INFO: Run Behavior\ReadHtmlCacheBehavior [ RunTime:0.001282s ]
INFO: [ app_begin ] --END-- [ RunTime:0.002182s ]
INFO: [ action_begin ] --START--
INFO: Run \Home\Behavior\CheckUserBehavior [ RunTime:0.001191s ]
INFO: [ action_begin ] --END-- [ RunTime:0.001396s ]

[ 2016-06-01T10:06:24+08:00 ] 127.0.0.1 /Member/getUserInfo.html
INFO: [ app_begin ] --START--
INFO: Run Behavior\ReadHtmlCacheBehavior [ RunTime:0.000908s ]
INFO: [ app_begin ] --END-- [ RunTime:0.001868s ]
INFO: [ action_begin ] --START--
INFO: Run \Home\Behavior\CheckUserBehavior [ RunTime:0.000823s ]
INFO: [ action_begin ] --END-- [ RunTime:0.001050s ]

[ 2016-06-01T10:59:32+08:00 ] 127.0.0.1 /Member/getUserInfo.html
INFO: [ app_begin ] --START--
INFO: Run Behavior\ReadHtmlCacheBehavior [ RunTime:0.001459s ]
INFO: [ app_begin ] --END-- [ RunTime:0.002559s ]
INFO: [ action_begin ] --START--
INFO: Run \Home\Behavior\CheckUserBehavior [ RunTime:0.001681s ]
INFO: [ action_begin ] --END-- [ RunTime:0.002058s ]

[ 2016-06-01T10:59:40+08:00 ] 127.0.0.1 /Member/getUserInfo.html
INFO: [ app_begin ] --START--
INFO: Run Behavior\ReadHtmlCacheBehavior [ RunTime:0.001235s ]
INFO: [ app_begin ] --END-- [ RunTime:0.002164s ]
INFO: [ action_begin ] --START--
INFO: Run \Home\Behavior\CheckUserBehavior [ RunTime:0.002379s ]
INFO: [ action_begin ] --END-- [ RunTime:0.002830s ]

[ 2016-06-01T10:59:41+08:00 ] 127.0.0.1 /ShoppingCar/add.html
INFO: [ app_begin ] --START--
INFO: Run Behavior\ReadHtmlCacheBehavior [ RunTime:0.001367s ]
INFO: [ app_begin ] --END-- [ RunTime:0.002447s ]
INFO: [ action_begin ] --START--
INFO: Run \Home\Behavior\CheckUserBehavior [ RunTime:0.001491s ]
INFO: [ action_begin ] --END-- [ RunTime:0.001785s ]
NOTIC: [2048] Declaration of Home\Model\ShoppingCarModel::add() should be compatible with that of Think\Model::add() D:\wamp\WAMP\www\shop\www.shop.com\Application\Home\Model\ShoppingCarModel.class.php 第 15 行.
SQL: SHOW COLUMNS FROM `shopping_car` [ RunTime:0.0047s ]
SQL: SELECT COUNT(*) AS tp_count FROM `shopping_car` WHERE `member_id` = 23 AND `goods_id` = 42 LIMIT 1   [ RunTime:0.0004s ]
SQL: INSERT INTO `shopping_car` (`num`,`goods_id`,`member_id`) VALUES ('1','42','23') [ RunTime:0.0006s ]

[ 2016-06-01T10:59:41+08:00 ] 127.0.0.1 /ShoppingCar/getCartNum.html
INFO: [ app_begin ] --START--
INFO: Run Behavior\ReadHtmlCacheBehavior [ RunTime:0.001273s ]
INFO: [ app_begin ] --END-- [ RunTime:0.002157s ]
INFO: [ action_begin ] --START--
INFO: Run \Home\Behavior\CheckUserBehavior [ RunTime:0.001180s ]
INFO: [ action_begin ] --END-- [ RunTime:0.001426s ]
NOTIC: [2048] Declaration of Home\Model\ShoppingCarModel::add() should be compatible with that of Think\Model::add() D:\wamp\WAMP\www\shop\www.shop.com\Application\Home\Model\ShoppingCarModel.class.php 第 15 行.
SQL: SHOW COLUMNS FROM `shopping_car` [ RunTime:0.0054s ]
SQL: SELECT COUNT(*) AS tp_count FROM `shopping_car` WHERE `member_id` = 23 LIMIT 1   [ RunTime:0.0004s ]

[ 2016-06-01T10:59:43+08:00 ] 127.0.0.1 /Member/getUserInfo.html
INFO: [ app_begin ] --START--
INFO: Run Behavior\ReadHtmlCacheBehavior [ RunTime:0.001235s ]
INFO: [ app_begin ] --END-- [ RunTime:0.002113s ]
INFO: [ action_begin ] --START--
INFO: Run \Home\Behavior\CheckUserBehavior [ RunTime:0.001236s ]
INFO: [ action_begin ] --END-- [ RunTime:0.001502s ]

[ 2016-06-01T10:59:44+08:00 ] 127.0.0.1 /Member/getUserInfo.html
INFO: [ app_begin ] --START--
INFO: Run Behavior\ReadHtmlCacheBehavior [ RunTime:0.001013s ]
INFO: [ app_begin ] --END-- [ RunTime:0.002050s ]
INFO: [ action_begin ] --START--
INFO: Run \Home\Behavior\CheckUserBehavior [ RunTime:0.001064s ]
INFO: [ action_begin ] --END-- [ RunTime:0.001276s ]

[ 2016-06-01T10:59:48+08:00 ] 127.0.0.1 /Member/getUserInfo.html
INFO: [ app_begin ] --START--
INFO: Run Behavior\ReadHtmlCacheBehavior [ RunTime:0.000934s ]
INFO: [ app_begin ] --END-- [ RunTime:0.001653s ]
INFO: [ action_begin ] --START--
INFO: Run \Home\Behavior\CheckUserBehavior [ RunTime:0.001738s ]
INFO: [ action_begin ] --END-- [ RunTime:0.002248s ]

[ 2016-06-01T10:59:50+08:00 ] 127.0.0.1 /Member/getUserInfo.html
INFO: [ app_begin ] --START--
INFO: Run Behavior\ReadHtmlCacheBehavior [ RunTime:0.000955s ]
INFO: [ app_begin ] --END-- [ RunTime:0.001700s ]
INFO: [ action_begin ] --START--
INFO: Run \Home\Behavior\CheckUserBehavior [ RunTime:0.001201s ]
INFO: [ action_begin ] --END-- [ RunTime:0.001466s ]

[ 2016-06-01T11:25:51+08:00 ] 127.0.0.1 /Member/getUserInfo.html
INFO: [ app_begin ] --START--
INFO: Run Behavior\ReadHtmlCacheBehavior [ RunTime:0.000932s ]
INFO: [ app_begin ] --END-- [ RunTime:0.001679s ]
INFO: [ action_begin ] --START--
INFO: Run \Home\Behavior\CheckUserBehavior [ RunTime:0.001031s ]
INFO: [ action_begin ] --END-- [ RunTime:0.001261s ]

[ 2016-06-01T11:25:53+08:00 ] 127.0.0.1 /Member/getUserInfo.html
INFO: [ app_begin ] --START--
INFO: Run Behavior\ReadHtmlCacheBehavior [ RunTime:0.001107s ]
INFO: [ app_begin ] --END-- [ RunTime:0.002197s ]
INFO: [ action_begin ] --START--
INFO: Run \Home\Behavior\CheckUserBehavior [ RunTime:0.001054s ]
INFO: [ action_begin ] --END-- [ RunTime:0.001281s ]

[ 2016-06-01T11:25:54+08:00 ] 127.0.0.1 /Member/getUserInfo.html
INFO: [ app_begin ] --START--
INFO: Run Behavior\ReadHtmlCacheBehavior [ RunTime:0.001309s ]
INFO: [ app_begin ] --END-- [ RunTime:0.002614s ]
INFO: [ action_begin ] --START--
INFO: Run \Home\Behavior\CheckUserBehavior [ RunTime:0.001602s ]
INFO: [ action_begin ] --END-- [ RunTime:0.002058s ]

[ 2016-06-01T11:25:57+08:00 ] 127.0.0.1 /Member/getUserInfo.html
INFO: [ app_begin ] --START--
INFO: Run Behavior\ReadHtmlCacheBehavior [ RunTime:0.001370s ]
INFO: [ app_begin ] --END-- [ RunTime:0.002358s ]
INFO: [ action_begin ] --START--
INFO: Run \Home\Behavior\CheckUserBehavior [ RunTime:0.003201s ]
INFO: [ action_begin ] --END-- [ RunTime:0.003609s ]

[ 2016-06-01T11:25:59+08:00 ] 127.0.0.1 /Member/getUserInfo.html
INFO: [ app_begin ] --START--
INFO: Run Behavior\ReadHtmlCacheBehavior [ RunTime:0.001617s ]
INFO: [ app_begin ] --END-- [ RunTime:0.003352s ]
INFO: [ action_begin ] --START--
INFO: Run \Home\Behavior\CheckUserBehavior [ RunTime:0.001593s ]
INFO: [ action_begin ] --END-- [ RunTime:0.001940s ]

[ 2016-06-01T11:26:00+08:00 ] 127.0.0.1 /ShoppingCar/add.html
INFO: [ app_begin ] --START--
INFO: Run Behavior\ReadHtmlCacheBehavior [ RunTime:0.001224s ]
INFO: [ app_begin ] --END-- [ RunTime:0.002228s ]
INFO: [ action_begin ] --START--
INFO: Run \Home\Behavior\CheckUserBehavior [ RunTime:0.001354s ]
INFO: [ action_begin ] --END-- [ RunTime:0.001648s ]
NOTIC: [2048] Declaration of Home\Model\ShoppingCarModel::add() should be compatible with that of Think\Model::add() D:\wamp\WAMP\www\shop\www.shop.com\Application\Home\Model\ShoppingCarModel.class.php 第 15 行.
SQL: SHOW COLUMNS FROM `shopping_car` [ RunTime:0.0043s ]
SQL: SELECT COUNT(*) AS tp_count FROM `shopping_car` WHERE `member_id` = 23 AND `goods_id` = 41 LIMIT 1   [ RunTime:0.0007s ]
SQL: INSERT INTO `shopping_car` (`num`,`goods_id`,`member_id`) VALUES ('1','41','23') [ RunTime:0.0007s ]

[ 2016-06-01T11:26:00+08:00 ] 127.0.0.1 /ShoppingCar/getCartNum.html
INFO: [ app_begin ] --START--
INFO: Run Behavior\ReadHtmlCacheBehavior [ RunTime:0.000930s ]
INFO: [ app_begin ] --END-- [ RunTime:0.001860s ]
INFO: [ action_begin ] --START--
INFO: Run \Home\Behavior\CheckUserBehavior [ RunTime:0.001006s ]
INFO: [ action_begin ] --END-- [ RunTime:0.001218s ]
NOTIC: [2048] Declaration of Home\Model\ShoppingCarModel::add() should be compatible with that of Think\Model::add() D:\wamp\WAMP\www\shop\www.shop.com\Application\Home\Model\ShoppingCarModel.class.php 第 15 行.
SQL: SHOW COLUMNS FROM `shopping_car` [ RunTime:0.0049s ]
SQL: SELECT COUNT(*) AS tp_count FROM `shopping_car` WHERE `member_id` = 23 LIMIT 1   [ RunTime:0.0006s ]

[ 2016-06-01T11:26:08+08:00 ] 127.0.0.1 /Member/getUserInfo.html
INFO: [ app_begin ] --START--
INFO: Run Behavior\ReadHtmlCacheBehavior [ RunTime:0.000997s ]
INFO: [ app_begin ] --END-- [ RunTime:0.001775s ]
INFO: [ action_begin ] --START--
INFO: Run \Home\Behavior\CheckUserBehavior [ RunTime:0.001311s ]
INFO: [ action_begin ] --END-- [ RunTime:0.001525s ]

[ 2016-06-01T11:28:00+08:00 ] 127.0.0.1 /Member/getUserInfo.html
INFO: [ app_begin ] --START--
INFO: Run Behavior\ReadHtmlCacheBehavior [ RunTime:0.001072s ]
INFO: [ app_begin ] --END-- [ RunTime:0.001995s ]
INFO: [ action_begin ] --START--
INFO: Run \Home\Behavior\CheckUserBehavior [ RunTime:0.004976s ]
INFO: [ action_begin ] --END-- [ RunTime:0.005369s ]

[ 2016-06-01T11:28:32+08:00 ] 127.0.0.1 /Member/getUserInfo.html
INFO: [ app_begin ] --START--
INFO: Run Behavior\ReadHtmlCacheBehavior [ RunTime:0.001009s ]
INFO: [ app_begin ] --END-- [ RunTime:0.002156s ]
INFO: [ action_begin ] --START--
INFO: Run \Home\Behavior\CheckUserBehavior [ RunTime:0.001081s ]
INFO: [ action_begin ] --END-- [ RunTime:0.001297s ]

[ 2016-06-01T11:33:33+08:00 ] 127.0.0.1 /Member/getUserInfo.html
INFO: [ app_begin ] --START--
INFO: Run Behavior\ReadHtmlCacheBehavior [ RunTime:0.001482s ]
INFO: [ app_begin ] --END-- [ RunTime:0.002526s ]
INFO: [ action_begin ] --START--
INFO: Run \Home\Behavior\CheckUserBehavior [ RunTime:0.001891s ]
INFO: [ action_begin ] --END-- [ RunTime:0.002259s ]
INFO: [ app_end ] --START--
INFO: Run Behavior\ShowPageTraceBehavior [ RunTime:0.002184s ]
INFO: [ app_end ] --END-- [ RunTime:0.002569s ]

[ 2016-06-01T13:29:53+08:00 ] 127.0.0.1 /Member/getUserInfo.html
INFO: [ app_begin ] --START--
INFO: Run Behavior\ReadHtmlCacheBehavior [ RunTime:0.001083s ]
INFO: [ app_begin ] --END-- [ RunTime:0.001861s ]
INFO: [ action_begin ] --START--
INFO: Run \Home\Behavior\CheckUserBehavior [ RunTime:0.001441s ]
INFO: [ action_begin ] --END-- [ RunTime:0.001674s ]
INFO: [ app_end ] --START--
INFO: Run Behavior\ShowPageTraceBehavior [ RunTime:0.001180s ]
INFO: [ app_end ] --END-- [ RunTime:0.001430s ]

[ 2016-06-01T13:56:12+08:00 ] 127.0.0.1 /Member/getUserInfo.html
INFO: [ app_begin ] --START--
INFO: Run Behavior\ReadHtmlCacheBehavior [ RunTime:0.000907s ]
INFO: [ app_begin ] --END-- [ RunTime:0.001662s ]
INFO: [ action_begin ] --START--
INFO: Run \Home\Behavior\CheckUserBehavior [ RunTime:0.001006s ]
INFO: [ action_begin ] --END-- [ RunTime:0.001203s ]
INFO: [ app_end ] --START--
INFO: Run Behavior\ShowPageTraceBehavior [ RunTime:0.000859s ]
INFO: [ app_end ] --END-- [ RunTime:0.001051s ]

[ 2016-06-01T13:56:19+08:00 ] 127.0.0.1 /Member/getUserInfo.html
INFO: [ app_begin ] --START--
INFO: Run Behavior\ReadHtmlCacheBehavior [ RunTime:0.000769s ]
INFO: [ app_begin ] --END-- [ RunTime:0.001383s ]
INFO: [ action_begin ] --START--
INFO: Run \Home\Behavior\CheckUserBehavior [ RunTime:0.001155s ]
INFO: [ action_begin ] --END-- [ RunTime:0.001335s ]
INFO: [ app_end ] --START--
INFO: Run Behavior\ShowPageTraceBehavior [ RunTime:0.000920s ]
INFO: [ app_end ] --END-- [ RunTime:0.001137s ]

[ 2016-06-01T13:56:25+08:00 ] 127.0.0.1 /Member/getUserInfo.html
INFO: [ app_begin ] --START--
INFO: Run Behavior\ReadHtmlCacheBehavior [ RunTime:0.001531s ]
INFO: [ app_begin ] --END-- [ RunTime:0.002408s ]
INFO: [ action_begin ] --START--
INFO: Run \Home\Behavior\CheckUserBehavior [ RunTime:0.000988s ]
INFO: [ action_begin ] --END-- [ RunTime:0.001154s ]
INFO: [ app_end ] --START--
INFO: Run Behavior\ShowPageTraceBehavior [ RunTime:0.000736s ]
INFO: [ app_end ] --END-- [ RunTime:0.000922s ]

[ 2016-06-01T13:56:28+08:00 ] 127.0.0.1 /Member/getUserInfo.html
INFO: [ app_begin ] --START--
INFO: Run Behavior\ReadHtmlCacheBehavior [ RunTime:0.000932s ]
INFO: [ app_begin ] --END-- [ RunTime:0.001617s ]
INFO: [ action_begin ] --START--
INFO: Run \Home\Behavior\CheckUserBehavior [ RunTime:0.000963s ]
INFO: [ action_begin ] --END-- [ RunTime:0.001116s ]
INFO: [ app_end ] --START--
INFO: Run Behavior\ShowPageTraceBehavior [ RunTime:0.000723s ]
INFO: [ app_end ] --END-- [ RunTime:0.000902s ]

[ 2016-06-01T13:56:37+08:00 ] 127.0.0.1 /Member/getUserInfo.html
INFO: [ app_begin ] --START--
INFO: Run Behavior\ReadHtmlCacheBehavior [ RunTime:0.000776s ]
INFO: [ app_begin ] --END-- [ RunTime:0.001355s ]
INFO: [ action_begin ] --START--
INFO: Run \Home\Behavior\CheckUserBehavior [ RunTime:0.000847s ]
INFO: [ action_begin ] --END-- [ RunTime:0.001015s ]
INFO: [ app_end ] --START--
INFO: Run Behavior\ShowPageTraceBehavior [ RunTime:0.000732s ]
INFO: [ app_end ] --END-- [ RunTime:0.000909s ]

[ 2016-06-01T13:57:01+08:00 ] 127.0.0.1 /Member/getUserInfo.html
INFO: [ app_begin ] --START--
INFO: Run Behavior\ReadHtmlCacheBehavior [ RunTime:0.000944s ]
INFO: [ app_begin ] --END-- [ RunTime:0.001628s ]
INFO: [ action_begin ] --START--
INFO: Run \Home\Behavior\CheckUserBehavior [ RunTime:0.001205s ]
INFO: [ action_begin ] --END-- [ RunTime:0.001420s ]
INFO: [ app_end ] --START--
INFO: Run Behavior\ShowPageTraceBehavior [ RunTime:0.000735s ]
INFO: [ app_end ] --END-- [ RunTime:0.000922s ]

[ 2016-06-01T13:57:04+08:00 ] 127.0.0.1 /ShoppingCar/add.html
INFO: [ app_begin ] --START--
INFO: Run Behavior\ReadHtmlCacheBehavior [ RunTime:0.000718s ]
INFO: [ app_begin ] --END-- [ RunTime:0.001325s ]
INFO: [ action_begin ] --START--
INFO: Run \Home\Behavior\CheckUserBehavior [ RunTime:0.001002s ]
INFO: [ action_begin ] --END-- [ RunTime:0.001169s ]

[ 2016-06-01T13:57:47+08:00 ] 127.0.0.1 /Member/getUserInfo.html
INFO: [ app_begin ] --START--
INFO: Run Behavior\ReadHtmlCacheBehavior [ RunTime:0.000822s ]
INFO: [ app_begin ] --END-- [ RunTime:0.001581s ]
INFO: [ action_begin ] --START--
INFO: Run \Home\Behavior\CheckUserBehavior [ RunTime:0.001216s ]
INFO: [ action_begin ] --END-- [ RunTime:0.001415s ]

[ 2016-06-01T13:58:17+08:00 ] 127.0.0.1 /Member/getUserInfo.html
INFO: [ app_begin ] --START--
INFO: Run Behavior\ReadHtmlCacheBehavior [ RunTime:0.000663s ]
INFO: [ app_begin ] --END-- [ RunTime:0.001269s ]
INFO: [ action_begin ] --START--
INFO: Run \Home\Behavior\CheckUserBehavior [ RunTime:0.001055s ]
INFO: [ action_begin ] --END-- [ RunTime:0.001262s ]

[ 2016-06-01T13:58:20+08:00 ] 127.0.0.1 /Member/getUserInfo.html
INFO: [ app_begin ] --START--
INFO: Run Behavior\ReadHtmlCacheBehavior [ RunTime:0.000735s ]
INFO: [ app_begin ] --END-- [ RunTime:0.001431s ]
INFO: [ action_begin ] --START--
INFO: Run \Home\Behavior\CheckUserBehavior [ RunTime:0.001083s ]
INFO: [ action_begin ] --END-- [ RunTime:0.001250s ]

[ 2016-06-01T13:58:22+08:00 ] 127.0.0.1 /ShoppingCar/add.html
INFO: [ app_begin ] --START--
INFO: Run Behavior\ReadHtmlCacheBehavior [ RunTime:0.000730s ]
INFO: [ app_begin ] --END-- [ RunTime:0.001329s ]
INFO: [ action_begin ] --START--
INFO: Run \Home\Behavior\CheckUserBehavior [ RunTime:0.001060s ]
INFO: [ action_begin ] --END-- [ RunTime:0.001230s ]
NOTIC: [2048] Declaration of Home\Model\ShoppingCarModel::add() should be compatible with that of Think\Model::add() D:\wamp\WAMP\www\shop\www.shop.com\Application\Home\Model\ShoppingCarModel.class.php 第 15 行.
SQL: SHOW COLUMNS FROM `shopping_car` [ RunTime:0.0032s ]
SQL: SELECT COUNT(*) AS tp_count FROM `shopping_car` WHERE `member_id` = 23 AND `goods_id` = 42 LIMIT 1   [ RunTime:0.0003s ]
SQL: INSERT INTO `shopping_car` (`num`,`goods_id`,`member_id`) VALUES ('1','42','23') [ RunTime:0.0003s ]

[ 2016-06-01T13:58:22+08:00 ] 127.0.0.1 /ShoppingCar/getCartNum.html
INFO: [ app_begin ] --START--
INFO: Run Behavior\ReadHtmlCacheBehavior [ RunTime:0.000581s ]
INFO: [ app_begin ] --END-- [ RunTime:0.001050s ]
INFO: [ action_begin ] --START--
INFO: Run \Home\Behavior\CheckUserBehavior [ RunTime:0.000833s ]
INFO: [ action_begin ] --END-- [ RunTime:0.000970s ]
NOTIC: [2048] Declaration of Home\Model\ShoppingCarModel::add() should be compatible with that of Think\Model::add() D:\wamp\WAMP\www\shop\www.shop.com\Application\Home\Model\ShoppingCarModel.class.php 第 15 行.
SQL: SHOW COLUMNS FROM `shopping_car` [ RunTime:0.0032s ]
SQL: SELECT COUNT(*) AS tp_count FROM `shopping_car` WHERE `member_id` = 23 LIMIT 1   [ RunTime:0.0003s ]

[ 2016-06-01T13:58:35+08:00 ] 127.0.0.1 /ShoppingCar/add.html
INFO: [ app_begin ] --START--
INFO: Run Behavior\ReadHtmlCacheBehavior [ RunTime:0.000707s ]
INFO: [ app_begin ] --END-- [ RunTime:0.001282s ]
INFO: [ action_begin ] --START--
INFO: Run \Home\Behavior\CheckUserBehavior [ RunTime:0.000946s ]
INFO: [ action_begin ] --END-- [ RunTime:0.001099s ]
NOTIC: [2048] Declaration of Home\Model\ShoppingCarModel::add() should be compatible with that of Think\Model::add() D:\wamp\WAMP\www\shop\www.shop.com\Application\Home\Model\ShoppingCarModel.class.php 第 15 行.
SQL: SHOW COLUMNS FROM `shopping_car` [ RunTime:0.0031s ]
SQL: SELECT COUNT(*) AS tp_count FROM `shopping_car` WHERE `member_id` = 23 AND `goods_id` = 42 LIMIT 1   [ RunTime:0.0004s ]
SQL: UPDATE `shopping_car` SET `num`=num+1 WHERE `member_id` = 23 AND `goods_id` = 42 [ RunTime:0.0005s ]

[ 2016-06-01T13:58:35+08:00 ] 127.0.0.1 /ShoppingCar/getCartNum.html
INFO: [ app_begin ] --START--
INFO: Run Behavior\ReadHtmlCacheBehavior [ RunTime:0.000705s ]
INFO: [ app_begin ] --END-- [ RunTime:0.001220s ]
INFO: [ action_begin ] --START--
INFO: Run \Home\Behavior\CheckUserBehavior [ RunTime:0.000832s ]
INFO: [ action_begin ] --END-- [ RunTime:0.000969s ]
NOTIC: [2048] Declaration of Home\Model\ShoppingCarModel::add() should be compatible with that of Think\Model::add() D:\wamp\WAMP\www\shop\www.shop.com\Application\Home\Model\ShoppingCarModel.class.php 第 15 行.
SQL: SHOW COLUMNS FROM `shopping_car` [ RunTime:0.0029s ]
SQL: SELECT COUNT(*) AS tp_count FROM `shopping_car` WHERE `member_id` = 23 LIMIT 1   [ RunTime:0.0003s ]

[ 2016-06-01T13:58:53+08:00 ] 127.0.0.1 /Member/getUserInfo.html
INFO: [ app_begin ] --START--
INFO: Run Behavior\ReadHtmlCacheBehavior [ RunTime:0.000750s ]
INFO: [ app_begin ] --END-- [ RunTime:0.001374s ]
INFO: [ action_begin ] --START--
INFO: Run \Home\Behavior\CheckUserBehavior [ RunTime:0.001094s ]
INFO: [ action_begin ] --END-- [ RunTime:0.001265s ]

[ 2016-06-01T13:59:02+08:00 ] 127.0.0.1 /Member/getUserInfo.html
INFO: [ app_begin ] --START--
INFO: Run Behavior\ReadHtmlCacheBehavior [ RunTime:0.001909s ]
INFO: [ app_begin ] --END-- [ RunTime:0.002784s ]
INFO: [ action_begin ] --START--
INFO: Run \Home\Behavior\CheckUserBehavior [ RunTime:0.001347s ]
INFO: [ action_begin ] --END-- [ RunTime:0.001579s ]

[ 2016-06-01T13:59:19+08:00 ] 127.0.0.1 /Member/getUserInfo.html
INFO: [ app_begin ] --START--
INFO: Run Behavior\ReadHtmlCacheBehavior [ RunTime:0.000853s ]
INFO: [ app_begin ] --END-- [ RunTime:0.001570s ]
INFO: [ action_begin ] --START--
INFO: Run \Home\Behavior\CheckUserBehavior [ RunTime:0.001057s ]
INFO: [ action_begin ] --END-- [ RunTime:0.001212s ]

[ 2016-06-01T13:59:28+08:00 ] 127.0.0.1 /Member/getUserInfo.html
INFO: [ app_begin ] --START--
INFO: Run Behavior\ReadHtmlCacheBehavior [ RunTime:0.001004s ]
INFO: [ app_begin ] --END-- [ RunTime:0.002046s ]
INFO: [ action_begin ] --START--
INFO: Run \Home\Behavior\CheckUserBehavior [ RunTime:0.001742s ]
INFO: [ action_begin ] --END-- [ RunTime:0.002012s ]

[ 2016-06-01T13:59:32+08:00 ] 127.0.0.1 /Member/getUserInfo.html
INFO: [ app_begin ] --START--
INFO: Run Behavior\ReadHtmlCacheBehavior [ RunTime:0.000784s ]
INFO: [ app_begin ] --END-- [ RunTime:0.001376s ]
INFO: [ action_begin ] --START--
INFO: Run \Home\Behavior\CheckUserBehavior [ RunTime:0.001053s ]
INFO: [ action_begin ] --END-- [ RunTime:0.001220s ]

[ 2016-06-01T13:59:35+08:00 ] 127.0.0.1 /Member/getUserInfo.html
INFO: [ app_begin ] --START--
INFO: Run Behavior\ReadHtmlCacheBehavior [ RunTime:0.000750s ]
INFO: [ app_begin ] --END-- [ RunTime:0.001369s ]
INFO: [ action_begin ] --START--
INFO: Run \Home\Behavior\CheckUserBehavior [ RunTime:0.001432s ]
INFO: [ action_begin ] --END-- [ RunTime:0.001694s ]

[ 2016-06-01T13:59:41+08:00 ] 127.0.0.1 /Member/getUserInfo.html
INFO: [ app_begin ] --START--
INFO: Run Behavior\ReadHtmlCacheBehavior [ RunTime:0.000771s ]
INFO: [ app_begin ] --END-- [ RunTime:0.001367s ]
INFO: [ action_begin ] --START--
INFO: Run \Home\Behavior\CheckUserBehavior [ RunTime:0.001041s ]
INFO: [ action_begin ] --END-- [ RunTime:0.001201s ]

[ 2016-06-01T13:59:46+08:00 ] 127.0.0.1 /Member/getUserInfo.html
INFO: [ app_begin ] --START--
INFO: Run Behavior\ReadHtmlCacheBehavior [ RunTime:0.000812s ]
INFO: [ app_begin ] --END-- [ RunTime:0.001588s ]
INFO: [ action_begin ] --START--
INFO: Run \Home\Behavior\CheckUserBehavior [ RunTime:0.000905s ]
INFO: [ action_begin ] --END-- [ RunTime:0.001074s ]

[ 2016-06-01T13:59:49+08:00 ] 127.0.0.1 /Member/getUserInfo.html
INFO: [ app_begin ] --START--
INFO: Run Behavior\ReadHtmlCacheBehavior [ RunTime:0.000917s ]
INFO: [ app_begin ] --END-- [ RunTime:0.001561s ]
INFO: [ action_begin ] --START--
INFO: Run \Home\Behavior\CheckUserBehavior [ RunTime:0.001098s ]
INFO: [ action_begin ] --END-- [ RunTime:0.001278s ]

[ 2016-06-01T13:59:56+08:00 ] 127.0.0.1 /Member/getUserInfo.html
INFO: [ app_begin ] --START--
INFO: Run Behavior\ReadHtmlCacheBehavior [ RunTime:0.000940s ]
INFO: [ app_begin ] --END-- [ RunTime:0.001692s ]
INFO: [ action_begin ] --START--
INFO: Run \Home\Behavior\CheckUserBehavior [ RunTime:0.001112s ]
INFO: [ action_begin ] --END-- [ RunTime:0.001295s ]

[ 2016-06-01T13:59:58+08:00 ] 127.0.0.1 /ShoppingCar/add.html
INFO: [ app_begin ] --START--
INFO: Run Behavior\ReadHtmlCacheBehavior [ RunTime:0.000850s ]
INFO: [ app_begin ] --END-- [ RunTime:0.001469s ]
INFO: [ action_begin ] --START--
INFO: Run \Home\Behavior\CheckUserBehavior [ RunTime:0.001127s ]
INFO: [ action_begin ] --END-- [ RunTime:0.001298s ]
NOTIC: [2048] Declaration of Home\Model\ShoppingCarModel::add() should be compatible with that of Think\Model::add() D:\wamp\WAMP\www\shop\www.shop.com\Application\Home\Model\ShoppingCarModel.class.php 第 15 行.
SQL: SHOW COLUMNS FROM `shopping_car` [ RunTime:0.0029s ]
SQL: SELECT COUNT(*) AS tp_count FROM `shopping_car` WHERE `member_id` = 23 AND `goods_id` = 42 LIMIT 1   [ RunTime:0.0005s ]
SQL: INSERT INTO `shopping_car` (`num`,`goods_id`,`member_id`) VALUES ('1','42','23') [ RunTime:0.0005s ]

[ 2016-06-01T13:59:58+08:00 ] 127.0.0.1 /ShoppingCar/getCartNum.html
INFO: [ app_begin ] --START--
INFO: Run Behavior\ReadHtmlCacheBehavior [ RunTime:0.000595s ]
INFO: [ app_begin ] --END-- [ RunTime:0.001088s ]
INFO: [ action_begin ] --START--
INFO: Run \Home\Behavior\CheckUserBehavior [ RunTime:0.001017s ]
INFO: [ action_begin ] --END-- [ RunTime:0.001179s ]
NOTIC: [2048] Declaration of Home\Model\ShoppingCarModel::add() should be compatible with that of Think\Model::add() D:\wamp\WAMP\www\shop\www.shop.com\Application\Home\Model\ShoppingCarModel.class.php 第 15 行.
SQL: SHOW COLUMNS FROM `shopping_car` [ RunTime:0.0029s ]
SQL: SELECT COUNT(*) AS tp_count FROM `shopping_car` WHERE `member_id` = 23 LIMIT 1   [ RunTime:0.0004s ]

[ 2016-06-01T14:00:01+08:00 ] 127.0.0.1 /Member/getUserInfo.html
INFO: [ app_begin ] --START--
INFO: Run Behavior\ReadHtmlCacheBehavior [ RunTime:0.000759s ]
INFO: [ app_begin ] --END-- [ RunTime:0.001362s ]
INFO: [ action_begin ] --START--
INFO: Run \Home\Behavior\CheckUserBehavior [ RunTime:0.001304s ]
INFO: [ action_begin ] --END-- [ RunTime:0.001499s ]

[ 2016-06-01T14:00:03+08:00 ] 127.0.0.1 /Member/getUserInfo.html
INFO: [ app_begin ] --START--
INFO: Run Behavior\ReadHtmlCacheBehavior [ RunTime:0.000922s ]
INFO: [ app_begin ] --END-- [ RunTime:0.002008s ]
INFO: [ action_begin ] --START--
INFO: Run \Home\Behavior\CheckUserBehavior [ RunTime:0.001627s ]
INFO: [ action_begin ] --END-- [ RunTime:0.001922s ]

[ 2016-06-01T14:00:15+08:00 ] 127.0.0.1 /Member/getUserInfo.html
INFO: [ app_begin ] --START--
INFO: Run Behavior\ReadHtmlCacheBehavior [ RunTime:0.000755s ]
INFO: [ app_begin ] --END-- [ RunTime:0.001415s ]
INFO: [ action_begin ] --START--
INFO: Run \Home\Behavior\CheckUserBehavior [ RunTime:0.001331s ]
INFO: [ action_begin ] --END-- [ RunTime:0.001531s ]

[ 2016-06-01T14:00:28+08:00 ] 127.0.0.1 /Member/getUserInfo.html
INFO: [ app_begin ] --START--
INFO: Run Behavior\ReadHtmlCacheBehavior [ RunTime:0.000923s ]
INFO: [ app_begin ] --END-- [ RunTime:0.001747s ]
INFO: [ action_begin ] --START--
INFO: Run \Home\Behavior\CheckUserBehavior [ RunTime:0.001380s ]
INFO: [ action_begin ] --END-- [ RunTime:0.001557s ]

[ 2016-06-01T14:04:50+08:00 ] 127.0.0.1 /Member/getUserInfo.html
INFO: [ app_begin ] --START--
INFO: Run Behavior\ReadHtmlCacheBehavior [ RunTime:0.000849s ]
INFO: [ app_begin ] --END-- [ RunTime:0.001556s ]
INFO: [ action_begin ] --START--
INFO: Run \Home\Behavior\CheckUserBehavior [ RunTime:0.001147s ]
INFO: [ action_begin ] --END-- [ RunTime:0.001341s ]
INFO: [ app_end ] --START--
INFO: Run Behavior\ShowPageTraceBehavior [ RunTime:0.000809s ]
INFO: [ app_end ] --END-- [ RunTime:0.000990s ]

[ 2016-06-01T14:05:07+08:00 ] 127.0.0.1 /Member/getUserInfo.html
INFO: [ app_begin ] --START--
INFO: Run Behavior\ReadHtmlCacheBehavior [ RunTime:0.001192s ]
INFO: [ app_begin ] --END-- [ RunTime:0.002071s ]
INFO: [ action_begin ] --START--
INFO: Run \Home\Behavior\CheckUserBehavior [ RunTime:0.001207s ]
INFO: [ action_begin ] --END-- [ RunTime:0.001427s ]

[ 2016-06-01T14:05:13+08:00 ] 127.0.0.1 /Member/getUserInfo.html
INFO: [ app_begin ] --START--
INFO: Run Behavior\ReadHtmlCacheBehavior [ RunTime:0.000755s ]
INFO: [ app_begin ] --END-- [ RunTime:0.001351s ]
INFO: [ action_begin ] --START--
INFO: Run \Home\Behavior\CheckUserBehavior [ RunTime:0.001067s ]
INFO: [ action_begin ] --END-- [ RunTime:0.001232s ]

[ 2016-06-01T14:05:16+08:00 ] 127.0.0.1 /Member/getUserInfo.html
INFO: [ app_begin ] --START--
INFO: Run Behavior\ReadHtmlCacheBehavior [ RunTime:0.001253s ]
INFO: [ app_begin ] --END-- [ RunTime:0.002075s ]
INFO: [ action_begin ] --START--
INFO: Run \Home\Behavior\CheckUserBehavior [ RunTime:0.001695s ]
INFO: [ action_begin ] --END-- [ RunTime:0.001965s ]

[ 2016-06-01T14:05:18+08:00 ] 127.0.0.1 /ShoppingCar/add.html
INFO: [ app_begin ] --START--
INFO: Run Behavior\ReadHtmlCacheBehavior [ RunTime:0.000708s ]
INFO: [ app_begin ] --END-- [ RunTime:0.001367s ]
INFO: [ action_begin ] --START--
INFO: Run \Home\Behavior\CheckUserBehavior [ RunTime:0.001229s ]
INFO: [ action_begin ] --END-- [ RunTime:0.001431s ]
NOTIC: [2048] Declaration of Home\Model\ShoppingCarModel::add() should be compatible with that of Think\Model::add() D:\wamp\WAMP\www\shop\www.shop.com\Application\Home\Model\ShoppingCarModel.class.php 第 15 行.
SQL: SHOW COLUMNS FROM `shopping_car` [ RunTime:0.0031s ]
SQL: SELECT COUNT(*) AS tp_count FROM `shopping_car` WHERE `member_id` = 23 AND `goods_id` = 35 LIMIT 1   [ RunTime:0.0004s ]
SQL: INSERT INTO `shopping_car` (`num`,`goods_id`,`member_id`) VALUES ('1','35','23') [ RunTime:0.0005s ]

[ 2016-06-01T14:05:18+08:00 ] 127.0.0.1 /ShoppingCar/getCartNum.html
INFO: [ app_begin ] --START--
INFO: Run Behavior\ReadHtmlCacheBehavior [ RunTime:0.000576s ]
INFO: [ app_begin ] --END-- [ RunTime:0.001042s ]
INFO: [ action_begin ] --START--
INFO: Run \Home\Behavior\CheckUserBehavior [ RunTime:0.001056s ]
INFO: [ action_begin ] --END-- [ RunTime:0.001220s ]
NOTIC: [2048] Declaration of Home\Model\ShoppingCarModel::add() should be compatible with that of Think\Model::add() D:\wamp\WAMP\www\shop\www.shop.com\Application\Home\Model\ShoppingCarModel.class.php 第 15 行.
SQL: SHOW COLUMNS FROM `shopping_car` [ RunTime:0.0031s ]
SQL: SELECT COUNT(*) AS tp_count FROM `shopping_car` WHERE `member_id` = 23 LIMIT 1   [ RunTime:0.0003s ]

[ 2016-06-01T14:05:20+08:00 ] 127.0.0.1 /Member/getUserInfo.html
INFO: [ app_begin ] --START--
INFO: Run Behavior\ReadHtmlCacheBehavior [ RunTime:0.000794s ]
INFO: [ app_begin ] --END-- [ RunTime:0.001451s ]
INFO: [ action_begin ] --START--
INFO: Run \Home\Behavior\CheckUserBehavior [ RunTime:0.001375s ]
INFO: [ action_begin ] --END-- [ RunTime:0.001615s ]

[ 2016-06-01T14:05:23+08:00 ] 127.0.0.1 /Member/getUserInfo.html
INFO: [ app_begin ] --START--
INFO: Run Behavior\ReadHtmlCacheBehavior [ RunTime:0.001010s ]
INFO: [ app_begin ] --END-- [ RunTime:0.001800s ]
INFO: [ action_begin ] --START--
INFO: Run \Home\Behavior\CheckUserBehavior [ RunTime:0.001513s ]
INFO: [ action_begin ] --END-- [ RunTime:0.001749s ]

[ 2016-06-01T14:05:36+08:00 ] 127.0.0.1 /Member/getUserInfo.html
INFO: [ app_begin ] --START--
INFO: Run Behavior\ReadHtmlCacheBehavior [ RunTime:0.000813s ]
INFO: [ app_begin ] --END-- [ RunTime:0.001373s ]
INFO: [ action_begin ] --START--
INFO: Run \Home\Behavior\CheckUserBehavior [ RunTime:0.001107s ]
INFO: [ action_begin ] --END-- [ RunTime:0.001287s ]

[ 2016-06-01T14:05:41+08:00 ] 127.0.0.1 /Member/getUserInfo.html
INFO: [ app_begin ] --START--
INFO: Run Behavior\ReadHtmlCacheBehavior [ RunTime:0.000772s ]
INFO: [ app_begin ] --END-- [ RunTime:0.001446s ]
INFO: [ action_begin ] --START--
INFO: Run \Home\Behavior\CheckUserBehavior [ RunTime:0.001081s ]
INFO: [ action_begin ] --END-- [ RunTime:0.001252s ]

[ 2016-06-01T14:06:43+08:00 ] 127.0.0.1 /Member/getUserInfo.html
INFO: [ app_begin ] --START--
INFO: Run Behavior\ReadHtmlCacheBehavior [ RunTime:0.001005s ]
INFO: [ app_begin ] --END-- [ RunTime:0.001722s ]
INFO: [ action_begin ] --START--
INFO: Run \Home\Behavior\CheckUserBehavior [ RunTime:0.001355s ]
INFO: [ action_begin ] --END-- [ RunTime:0.001554s ]

[ 2016-06-01T14:07:01+08:00 ] 127.0.0.1 /Member/getUserInfo.html
INFO: [ app_begin ] --START--
INFO: Run Behavior\ReadHtmlCacheBehavior [ RunTime:0.000930s ]
INFO: [ app_begin ] --END-- [ RunTime:0.001528s ]
INFO: [ action_begin ] --START--
INFO: Run \Home\Behavior\CheckUserBehavior [ RunTime:0.001384s ]
INFO: [ action_begin ] --END-- [ RunTime:0.001615s ]

[ 2016-06-01T14:07:06+08:00 ] 127.0.0.1 /OrderInfo/affirm.html
INFO: [ app_begin ] --START--
INFO: Run Behavior\ReadHtmlCacheBehavior [ RunTime:0.000739s ]
INFO: [ app_begin ] --END-- [ RunTime:0.001351s ]
INFO: [ action_begin ] --START--
INFO: Run \Home\Behavior\CheckUserBehavior [ RunTime:0.000939s ]
INFO: [ action_begin ] --END-- [ RunTime:0.001113s ]
NOTIC: [2048] Declaration of Home\Model\OrderInfoModel::add() should be compatible with that of Think\Model::add() D:\wamp\WAMP\www\shop\www.shop.com\Application\Home\Model\OrderInfoModel.class.php 第 15 行.
SQL: SHOW COLUMNS FROM `order_info` [ RunTime:0.0038s ]
SQL: UPDATE `order_info` SET `order_status`='1' WHERE `id` = 54 [ RunTime:0.1412s ]

[ 2016-06-01T14:07:07+08:00 ] 127.0.0.1 /Member/getUserInfo.html
INFO: [ app_begin ] --START--
INFO: Run Behavior\ReadHtmlCacheBehavior [ RunTime:0.000847s ]
INFO: [ app_begin ] --END-- [ RunTime:0.001559s ]
INFO: [ action_begin ] --START--
INFO: Run \Home\Behavior\CheckUserBehavior [ RunTime:0.000955s ]
INFO: [ action_begin ] --END-- [ RunTime:0.001130s ]

[ 2016-06-01T14:07:14+08:00 ] 127.0.0.1 /Member/getUserInfo.html
INFO: [ app_begin ] --START--
INFO: Run Behavior\ReadHtmlCacheBehavior [ RunTime:0.000614s ]
INFO: [ app_begin ] --END-- [ RunTime:0.001087s ]
INFO: [ action_begin ] --START--
INFO: Run \Home\Behavior\CheckUserBehavior [ RunTime:0.000865s ]
INFO: [ action_begin ] --END-- [ RunTime:0.001043s ]

[ 2016-06-01T14:07:20+08:00 ] 127.0.0.1 /Comment/add.html
INFO: [ app_begin ] --START--
INFO: Run Behavior\ReadHtmlCacheBehavior [ RunTime:0.000750s ]
INFO: [ app_begin ] --END-- [ RunTime:0.001380s ]
INFO: [ action_begin ] --START--
INFO: Run \Home\Behavior\CheckUserBehavior [ RunTime:0.000887s ]
INFO: [ action_begin ] --END-- [ RunTime:0.001062s ]
SQL: SHOW COLUMNS FROM `comment` [ RunTime:0.0032s ]
SQL: INSERT INTO `comment` (`start`,`content`,`order_id`,`goods_ids`,`member_id`,`create_at`,`replay`,`update_at`,`status`) VALUES ('1','qqqqqqqqqq','54','35','23','1464761239','','2016-06-01 14:07:19','1') [ RunTime:0.2279s ]

[ 2016-06-01T14:07:21+08:00 ] 127.0.0.1 /Member/getUserInfo.html
INFO: [ app_begin ] --START--
INFO: Run Behavior\ReadHtmlCacheBehavior [ RunTime:0.000743s ]
INFO: [ app_begin ] --END-- [ RunTime:0.001373s ]
INFO: [ action_begin ] --START--
INFO: Run \Home\Behavior\CheckUserBehavior [ RunTime:0.000893s ]
INFO: [ action_begin ] --END-- [ RunTime:0.001067s ]

[ 2016-06-01T14:08:12+08:00 ] 127.0.0.1 /Member/getUserInfo.html
INFO: [ app_begin ] --START--
INFO: Run Behavior\ReadHtmlCacheBehavior [ RunTime:0.000987s ]
INFO: [ app_begin ] --END-- [ RunTime:0.001860s ]
INFO: [ action_begin ] --START--
INFO: Run \Home\Behavior\CheckUserBehavior [ RunTime:0.001744s ]
INFO: [ action_begin ] --END-- [ RunTime:0.001950s ]

[ 2016-06-01T14:46:44+08:00 ] 127.0.0.1 /Member/getUserInfo.html
INFO: [ app_begin ] --START--
INFO: Run Behavior\ReadHtmlCacheBehavior [ RunTime:0.000950s ]
INFO: [ app_begin ] --END-- [ RunTime:0.001753s ]
INFO: [ action_begin ] --START--
INFO: Run \Home\Behavior\CheckUserBehavior [ RunTime:0.000959s ]
INFO: [ action_begin ] --END-- [ RunTime:0.001224s ]
INFO: [ app_end ] --START--
INFO: Run Behavior\ShowPageTraceBehavior [ RunTime:0.001378s ]
INFO: [ app_end ] --END-- [ RunTime:0.001600s ]

[ 2016-06-01T14:47:13+08:00 ] 127.0.0.1 /Member/getUserInfo.html
INFO: [ app_begin ] --START--
INFO: Run Behavior\ReadHtmlCacheBehavior [ RunTime:0.000828s ]
INFO: [ app_begin ] --END-- [ RunTime:0.001749s ]
INFO: [ action_begin ] --START--
INFO: Run \Home\Behavior\CheckUserBehavior [ RunTime:0.000762s ]
INFO: [ action_begin ] --END-- [ RunTime:0.000951s ]

[ 2016-06-01T14:47:22+08:00 ] 127.0.0.1 /Member/getUserInfo.html
INFO: [ app_begin ] --START--
INFO: Run Behavior\ReadHtmlCacheBehavior [ RunTime:0.000914s ]
INFO: [ app_begin ] --END-- [ RunTime:0.001649s ]
INFO: [ action_begin ] --START--
INFO: Run \Home\Behavior\CheckUserBehavior [ RunTime:0.000698s ]
INFO: [ action_begin ] --END-- [ RunTime:0.000891s ]

