[ 2016-04-17T11:44:56+08:00 ] 127.0.0.1 /Member/getUserInfo.html
INFO: [ app_begin ] --START--
INFO: Run Behavior\ReadHtmlCacheBehavior [ RunTime:0.001000s ]
INFO: [ app_begin ] --END-- [ RunTime:0.002000s ]
INFO: [ action_begin ] --START--
INFO: Run \Home\Behavior\CheckUserBehavior [ RunTime:0.002000s ]
INFO: [ action_begin ] --END-- [ RunTime:0.002000s ]
INFO: [ app_end ] --START--
INFO: Run Behavior\ShowPageTraceBehavior [ RunTime:0.001000s ]
INFO: [ app_end ] --END-- [ RunTime:0.001000s ]

[ 2016-04-17T11:45:05+08:00 ] 127.0.0.1 /Member/getUserInfo.html
INFO: [ app_begin ] --START--
INFO: Run Behavior\ReadHtmlCacheBehavior [ RunTime:0.001000s ]
INFO: [ app_begin ] --END-- [ RunTime:0.003000s ]
INFO: [ action_begin ] --START--
INFO: Run \Home\Behavior\CheckUserBehavior [ RunTime:0.002000s ]
INFO: [ action_begin ] --END-- [ RunTime:0.002000s ]
INFO: [ app_end ] --START--
INFO: Run Behavior\ShowPageTraceBehavior [ RunTime:0.002000s ]
INFO: [ app_end ] --END-- [ RunTime:0.002000s ]

[ 2016-04-17T11:45:24+08:00 ] 127.0.0.1 /Member/getUserInfo.html
INFO: [ app_begin ] --START--
INFO: Run Behavior\ReadHtmlCacheBehavior [ RunTime:0.002000s ]
INFO: [ app_begin ] --END-- [ RunTime:0.002000s ]
INFO: [ action_begin ] --START--
INFO: Run \Home\Behavior\CheckUserBehavior [ RunTime:0.002001s ]
INFO: [ action_begin ] --END-- [ RunTime:0.003001s ]
INFO: [ app_end ] --START--
INFO: Run Behavior\ShowPageTraceBehavior [ RunTime:0.001000s ]
INFO: [ app_end ] --END-- [ RunTime:0.002000s ]

[ 2016-04-17T11:45:29+08:00 ] 127.0.0.1 /Member/getUserInfo.html
INFO: [ app_begin ] --START--
INFO: Run Behavior\ReadHtmlCacheBehavior [ RunTime:0.002000s ]
INFO: [ app_begin ] --END-- [ RunTime:0.003000s ]
INFO: [ action_begin ] --START--
INFO: Run \Home\Behavior\CheckUserBehavior [ RunTime:0.002000s ]
INFO: [ action_begin ] --END-- [ RunTime:0.003000s ]
INFO: [ app_end ] --START--
INFO: Run Behavior\ShowPageTraceBehavior [ RunTime:0.001001s ]
INFO: [ app_end ] --END-- [ RunTime:0.001001s ]

[ 2016-04-17T11:45:43+08:00 ] 127.0.0.1 /Member/getUserInfo.html
INFO: [ app_begin ] --START--
INFO: Run Behavior\ReadHtmlCacheBehavior [ RunTime:0.002000s ]
INFO: [ app_begin ] --END-- [ RunTime:0.004000s ]
INFO: [ action_begin ] --START--
INFO: Run \Home\Behavior\CheckUserBehavior [ RunTime:0.002000s ]
INFO: [ action_begin ] --END-- [ RunTime:0.003001s ]
INFO: [ app_end ] --START--
INFO: Run Behavior\ShowPageTraceBehavior [ RunTime:0.001000s ]
INFO: [ app_end ] --END-- [ RunTime:0.002000s ]

[ 2016-04-17T11:45:43+08:00 ] 127.0.0.1 /ShoppingCar/add.html
INFO: [ app_begin ] --START--
INFO: Run Behavior\ReadHtmlCacheBehavior [ RunTime:0.001000s ]
INFO: [ app_begin ] --END-- [ RunTime:0.004000s ]
INFO: [ action_begin ] --START--
INFO: Run \Home\Behavior\CheckUserBehavior [ RunTime:0.003000s ]
INFO: [ action_begin ] --END-- [ RunTime:0.003000s ]

[ 2016-04-17T11:45:43+08:00 ] 127.0.0.1 /Login/checkLogin.html.html
INFO: [ app_begin ] --START--
INFO: Run Behavior\ReadHtmlCacheBehavior [ RunTime:0.002000s ]
INFO: [ app_begin ] --END-- [ RunTime:0.003000s ]
INFO: [ action_begin ] --START--
INFO: Run \Home\Behavior\CheckUserBehavior [ RunTime:0.002000s ]
INFO: [ action_begin ] --END-- [ RunTime:0.003000s ]
ERR: 非法操作:checkLogin.html

[ 2016-04-17T11:45:43+08:00 ] 127.0.0.1 /Goods/addViewCount.html?goods_id=33
INFO: [ app_begin ] --START--
INFO: Run Behavior\ReadHtmlCacheBehavior [ RunTime:0.001000s ]
INFO: [ app_begin ] --END-- [ RunTime:0.003000s ]
INFO: [ action_begin ] --START--
INFO: Run \Home\Behavior\CheckUserBehavior [ RunTime:0.003000s ]
INFO: [ action_begin ] --END-- [ RunTime:0.003000s ]
ERR: 1146:Table 'shop.goods_view_count' doesn't exist
 [ SQL语句 ] : SHOW COLUMNS FROM `goods_view_count`
ERR: 1146:Table 'shop.goods_view_count' doesn't exist
 [ SQL语句 ] : SHOW COLUMNS FROM `goods_view_count`

[ 2016-04-17T11:50:04+08:00 ] 127.0.0.1 /Member/getUserInfo.html
INFO: [ app_begin ] --START--
INFO: Run Behavior\ReadHtmlCacheBehavior [ RunTime:0.002000s ]
INFO: [ app_begin ] --END-- [ RunTime:0.003000s ]
INFO: [ action_begin ] --START--
INFO: Run \Home\Behavior\CheckUserBehavior [ RunTime:0.002000s ]
INFO: [ action_begin ] --END-- [ RunTime:0.003000s ]
INFO: [ app_end ] --START--
INFO: Run Behavior\ShowPageTraceBehavior [ RunTime:0.002000s ]
INFO: [ app_end ] --END-- [ RunTime:0.002000s ]

[ 2016-04-17T11:50:08+08:00 ] 127.0.0.1 /Member/getUserInfo.html
INFO: [ app_begin ] --START--
INFO: Run Behavior\ReadHtmlCacheBehavior [ RunTime:0.001000s ]
INFO: [ app_begin ] --END-- [ RunTime:0.002001s ]
INFO: [ action_begin ] --START--
INFO: Run \Home\Behavior\CheckUserBehavior [ RunTime:0.002000s ]
INFO: [ action_begin ] --END-- [ RunTime:0.002000s ]
INFO: [ app_end ] --START--
INFO: Run Behavior\ShowPageTraceBehavior [ RunTime:0.001000s ]
INFO: [ app_end ] --END-- [ RunTime:0.001000s ]

[ 2016-04-17T11:50:20+08:00 ] 127.0.0.1 /Member/getUserInfo.html
INFO: [ app_begin ] --START--
INFO: Run Behavior\ReadHtmlCacheBehavior [ RunTime:0.002000s ]
INFO: [ app_begin ] --END-- [ RunTime:0.004000s ]
INFO: [ action_begin ] --START--
INFO: Run \Home\Behavior\CheckUserBehavior [ RunTime:0.004000s ]
INFO: [ action_begin ] --END-- [ RunTime:0.005000s ]
INFO: [ app_end ] --START--
INFO: Run Behavior\ShowPageTraceBehavior [ RunTime:0.002000s ]
INFO: [ app_end ] --END-- [ RunTime:0.004000s ]

[ 2016-04-17T11:50:21+08:00 ] 127.0.0.1 /ShoppingCar/add.html
INFO: [ app_begin ] --START--
INFO: Run Behavior\ReadHtmlCacheBehavior [ RunTime:0.002000s ]
INFO: [ app_begin ] --END-- [ RunTime:0.003000s ]
INFO: [ action_begin ] --START--
INFO: Run \Home\Behavior\CheckUserBehavior [ RunTime:0.002000s ]
INFO: [ action_begin ] --END-- [ RunTime:0.004000s ]

[ 2016-04-17T11:50:21+08:00 ] 127.0.0.1 /Goods/addViewCount.html?goods_id=33
INFO: [ app_begin ] --START--
INFO: Run Behavior\ReadHtmlCacheBehavior [ RunTime:0.002000s ]
INFO: [ app_begin ] --END-- [ RunTime:0.004000s ]
INFO: [ action_begin ] --START--
INFO: Run \Home\Behavior\CheckUserBehavior [ RunTime:0.003000s ]
INFO: [ action_begin ] --END-- [ RunTime:0.003000s ]
ERR: 1146:Table 'shop.goods_view_count' doesn't exist
 [ SQL语句 ] : SHOW COLUMNS FROM `goods_view_count`
ERR: 1146:Table 'shop.goods_view_count' doesn't exist
 [ SQL语句 ] : SHOW COLUMNS FROM `goods_view_count`

[ 2016-04-17T11:50:21+08:00 ] 127.0.0.1 /Login/checkLogin.html.html
INFO: [ app_begin ] --START--
INFO: Run Behavior\ReadHtmlCacheBehavior [ RunTime:0.002001s ]
INFO: [ app_begin ] --END-- [ RunTime:0.003001s ]
INFO: [ action_begin ] --START--
INFO: Run \Home\Behavior\CheckUserBehavior [ RunTime:0.002000s ]
INFO: [ action_begin ] --END-- [ RunTime:0.002000s ]
ERR: 非法操作:checkLogin.html

[ 2016-04-17T11:50:24+08:00 ] 127.0.0.1 /Member/getUserInfo.html
INFO: [ app_begin ] --START--
INFO: Run Behavior\ReadHtmlCacheBehavior [ RunTime:0.002000s ]
INFO: [ app_begin ] --END-- [ RunTime:0.003000s ]
INFO: [ action_begin ] --START--
INFO: Run \Home\Behavior\CheckUserBehavior [ RunTime:0.003000s ]
INFO: [ action_begin ] --END-- [ RunTime:0.003000s ]
INFO: [ app_end ] --START--
INFO: Run Behavior\ShowPageTraceBehavior [ RunTime:0.004001s ]
INFO: [ app_end ] --END-- [ RunTime:0.004001s ]

[ 2016-04-17T11:50:24+08:00 ] 127.0.0.1 /ShoppingCar/add.html
INFO: [ app_begin ] --START--
INFO: Run Behavior\ReadHtmlCacheBehavior [ RunTime:0.002000s ]
INFO: [ app_begin ] --END-- [ RunTime:0.003000s ]
INFO: [ action_begin ] --START--
INFO: Run \Home\Behavior\CheckUserBehavior [ RunTime:0.003001s ]
INFO: [ action_begin ] --END-- [ RunTime:0.003001s ]

[ 2016-04-17T11:50:24+08:00 ] 127.0.0.1 /Goods/addViewCount.html?goods_id=33
INFO: [ app_begin ] --START--
INFO: Run Behavior\ReadHtmlCacheBehavior [ RunTime:0.002000s ]
INFO: [ app_begin ] --END-- [ RunTime:0.003000s ]
INFO: [ action_begin ] --START--
INFO: Run \Home\Behavior\CheckUserBehavior [ RunTime:0.002001s ]
INFO: [ action_begin ] --END-- [ RunTime:0.002001s ]
ERR: 1146:Table 'shop.goods_view_count' doesn't exist
 [ SQL语句 ] : SHOW COLUMNS FROM `goods_view_count`
ERR: 1146:Table 'shop.goods_view_count' doesn't exist
 [ SQL语句 ] : SHOW COLUMNS FROM `goods_view_count`

[ 2016-04-17T11:50:25+08:00 ] 127.0.0.1 /Login/checkLogin.html.html
INFO: [ app_begin ] --START--
INFO: Run Behavior\ReadHtmlCacheBehavior [ RunTime:0.001000s ]
INFO: [ app_begin ] --END-- [ RunTime:0.003000s ]
INFO: [ action_begin ] --START--
INFO: Run \Home\Behavior\CheckUserBehavior [ RunTime:0.002000s ]
INFO: [ action_begin ] --END-- [ RunTime:0.002000s ]
ERR: 非法操作:checkLogin.html

[ 2016-04-17T11:50:35+08:00 ] 127.0.0.1 /Member/getUserInfo.html
INFO: [ app_begin ] --START--
INFO: Run Behavior\ReadHtmlCacheBehavior [ RunTime:0.001000s ]
INFO: [ app_begin ] --END-- [ RunTime:0.003000s ]
INFO: [ action_begin ] --START--
INFO: Run \Home\Behavior\CheckUserBehavior [ RunTime:0.002000s ]
INFO: [ action_begin ] --END-- [ RunTime:0.002000s ]
INFO: [ app_end ] --START--
INFO: Run Behavior\ShowPageTraceBehavior [ RunTime:0.001000s ]
INFO: [ app_end ] --END-- [ RunTime:0.002000s ]

[ 2016-04-17T11:51:21+08:00 ] 127.0.0.1 /Member/getUserInfo.html
INFO: [ app_begin ] --START--
INFO: Run Behavior\ReadHtmlCacheBehavior [ RunTime:0.002000s ]
INFO: [ app_begin ] --END-- [ RunTime:0.002000s ]
INFO: [ action_begin ] --START--
INFO: Run \Home\Behavior\CheckUserBehavior [ RunTime:0.003000s ]
INFO: [ action_begin ] --END-- [ RunTime:0.005000s ]
INFO: [ app_end ] --START--
INFO: Run Behavior\ShowPageTraceBehavior [ RunTime:0.001000s ]
INFO: [ app_end ] --END-- [ RunTime:0.003000s ]

[ 2016-04-17T11:51:54+08:00 ] 127.0.0.1 /Member/getUserInfo.html
INFO: [ app_begin ] --START--
INFO: Run Behavior\ReadHtmlCacheBehavior [ RunTime:0.002000s ]
INFO: [ app_begin ] --END-- [ RunTime:0.003000s ]
INFO: [ action_begin ] --START--
INFO: Run \Home\Behavior\CheckUserBehavior [ RunTime:0.003000s ]
INFO: [ action_begin ] --END-- [ RunTime:0.004000s ]
INFO: [ app_end ] --START--
INFO: Run Behavior\ShowPageTraceBehavior [ RunTime:0.002000s ]
INFO: [ app_end ] --END-- [ RunTime:0.003000s ]

[ 2016-04-17T11:54:11+08:00 ] 127.0.0.1 /Member/getUserInfo.html
INFO: [ app_begin ] --START--
INFO: Run Behavior\ReadHtmlCacheBehavior [ RunTime:0.005001s ]
INFO: [ app_begin ] --END-- [ RunTime:0.007001s ]
INFO: [ action_begin ] --START--
INFO: Run \Home\Behavior\CheckUserBehavior [ RunTime:0.003000s ]
INFO: [ action_begin ] --END-- [ RunTime:0.003000s ]
INFO: [ app_end ] --START--
INFO: Run Behavior\ShowPageTraceBehavior [ RunTime:0.002000s ]
INFO: [ app_end ] --END-- [ RunTime:0.002000s ]

[ 2016-04-17T11:54:14+08:00 ] 127.0.0.1 /Member/getUserInfo.html
INFO: [ app_begin ] --START--
INFO: Run Behavior\ReadHtmlCacheBehavior [ RunTime:0.001000s ]
INFO: [ app_begin ] --END-- [ RunTime:0.003000s ]
INFO: [ action_begin ] --START--
INFO: Run \Home\Behavior\CheckUserBehavior [ RunTime:0.001000s ]
INFO: [ action_begin ] --END-- [ RunTime:0.001000s ]
INFO: [ app_end ] --START--
INFO: Run Behavior\ShowPageTraceBehavior [ RunTime:0.001000s ]
INFO: [ app_end ] --END-- [ RunTime:0.001000s ]

[ 2016-04-17T11:54:19+08:00 ] 127.0.0.1 /Member/getUserInfo.html
INFO: [ app_begin ] --START--
INFO: Run Behavior\ReadHtmlCacheBehavior [ RunTime:0.002001s ]
INFO: [ app_begin ] --END-- [ RunTime:0.003001s ]
INFO: [ action_begin ] --START--
INFO: Run \Home\Behavior\CheckUserBehavior [ RunTime:0.002000s ]
INFO: [ action_begin ] --END-- [ RunTime:0.002000s ]
INFO: [ app_end ] --START--
INFO: Run Behavior\ShowPageTraceBehavior [ RunTime:0.001000s ]
INFO: [ app_end ] --END-- [ RunTime:0.002000s ]

[ 2016-04-17T11:58:28+08:00 ] 127.0.0.1 /Member/getUserInfo.html
INFO: [ app_begin ] --START--
INFO: Run Behavior\ReadHtmlCacheBehavior [ RunTime:0.001000s ]
INFO: [ app_begin ] --END-- [ RunTime:0.002000s ]
INFO: [ action_begin ] --START--
INFO: Run \Home\Behavior\CheckUserBehavior [ RunTime:0.001000s ]
INFO: [ action_begin ] --END-- [ RunTime:0.002000s ]
INFO: [ app_end ] --START--
INFO: Run Behavior\ShowPageTraceBehavior [ RunTime:0.002000s ]
INFO: [ app_end ] --END-- [ RunTime:0.003000s ]

[ 2016-04-17T11:58:49+08:00 ] 127.0.0.1 /Member/getUserInfo.html
INFO: [ app_begin ] --START--
INFO: Run Behavior\ReadHtmlCacheBehavior [ RunTime:0.001000s ]
INFO: [ app_begin ] --END-- [ RunTime:0.004000s ]
INFO: [ action_begin ] --START--
INFO: Run \Home\Behavior\CheckUserBehavior [ RunTime:0.002000s ]
INFO: [ action_begin ] --END-- [ RunTime:0.002000s ]
INFO: [ app_end ] --START--
INFO: Run Behavior\ShowPageTraceBehavior [ RunTime:0.002000s ]
INFO: [ app_end ] --END-- [ RunTime:0.002000s ]

[ 2016-04-17T11:58:49+08:00 ] 127.0.0.1 /ShoppingCar/add.html
INFO: [ app_begin ] --START--
INFO: Run Behavior\ReadHtmlCacheBehavior [ RunTime:0.003000s ]
INFO: [ app_begin ] --END-- [ RunTime:0.005000s ]
INFO: [ action_begin ] --START--
INFO: Run \Home\Behavior\CheckUserBehavior [ RunTime:0.002000s ]
INFO: [ action_begin ] --END-- [ RunTime:0.002000s ]

[ 2016-04-17T11:58:49+08:00 ] 127.0.0.1 /Goods/addViewCount.html?goods_id=35
INFO: [ app_begin ] --START--
INFO: Run Behavior\ReadHtmlCacheBehavior [ RunTime:0.004001s ]
INFO: [ app_begin ] --END-- [ RunTime:0.006001s ]
INFO: [ action_begin ] --START--
INFO: Run \Home\Behavior\CheckUserBehavior [ RunTime:0.003000s ]
INFO: [ action_begin ] --END-- [ RunTime:0.004000s ]
ERR: 1146:Table 'shop.goods_view_count' doesn't exist
 [ SQL语句 ] : SHOW COLUMNS FROM `goods_view_count`
ERR: 1146:Table 'shop.goods_view_count' doesn't exist
 [ SQL语句 ] : SHOW COLUMNS FROM `goods_view_count`

[ 2016-04-17T11:58:49+08:00 ] 127.0.0.1 /Login/checkLogin.html.html
INFO: [ app_begin ] --START--
INFO: Run Behavior\ReadHtmlCacheBehavior [ RunTime:0.005001s ]
INFO: [ app_begin ] --END-- [ RunTime:0.007001s ]
INFO: [ action_begin ] --START--
INFO: Run \Home\Behavior\CheckUserBehavior [ RunTime:0.002000s ]
INFO: [ action_begin ] --END-- [ RunTime:0.002000s ]
ERR: 非法操作:checkLogin.html

[ 2016-04-17T12:40:57+08:00 ] 127.0.0.1 /Member/getUserInfo.html
INFO: [ app_begin ] --START--
INFO: Run Behavior\ReadHtmlCacheBehavior [ RunTime:0.002000s ]
INFO: [ app_begin ] --END-- [ RunTime:0.004000s ]
INFO: [ action_begin ] --START--
INFO: Run \Home\Behavior\CheckUserBehavior [ RunTime:0.005001s ]
INFO: [ action_begin ] --END-- [ RunTime:0.005001s ]
INFO: [ app_end ] --START--
INFO: Run Behavior\ShowPageTraceBehavior [ RunTime:0.007000s ]
INFO: [ app_end ] --END-- [ RunTime:0.008000s ]

[ 2016-04-17T12:40:57+08:00 ] 127.0.0.1 /Goods/addViewCount.html?goods_id=35
INFO: [ app_begin ] --START--
INFO: Run Behavior\ReadHtmlCacheBehavior [ RunTime:0.002000s ]
INFO: [ app_begin ] --END-- [ RunTime:0.003000s ]
INFO: [ action_begin ] --START--
INFO: Run \Home\Behavior\CheckUserBehavior [ RunTime:0.002000s ]
INFO: [ action_begin ] --END-- [ RunTime:0.003000s ]
ERR: 1146:Table 'shop.goods_view_count' doesn't exist
 [ SQL语句 ] : SHOW COLUMNS FROM `goods_view_count`
ERR: 1146:Table 'shop.goods_view_count' doesn't exist
 [ SQL语句 ] : SHOW COLUMNS FROM `goods_view_count`

[ 2016-04-17T12:40:59+08:00 ] 127.0.0.1 /Index/show.html
ERR: 参数错误或者未定义:id

[ 2016-04-17T12:41:05+08:00 ] 127.0.0.1 /Member/getUserInfo.html
INFO: [ app_begin ] --START--
INFO: Run Behavior\ReadHtmlCacheBehavior [ RunTime:0.002000s ]
INFO: [ app_begin ] --END-- [ RunTime:0.003000s ]
INFO: [ action_begin ] --START--
INFO: Run \Home\Behavior\CheckUserBehavior [ RunTime:0.003001s ]
INFO: [ action_begin ] --END-- [ RunTime:0.003001s ]
INFO: [ app_end ] --START--
INFO: Run Behavior\ShowPageTraceBehavior [ RunTime:0.002000s ]
INFO: [ app_end ] --END-- [ RunTime:0.002000s ]

[ 2016-04-17T12:41:05+08:00 ] 127.0.0.1 /Goods/addViewCount.html?goods_id=35
INFO: [ app_begin ] --START--
INFO: Run Behavior\ReadHtmlCacheBehavior [ RunTime:0.001000s ]
INFO: [ app_begin ] --END-- [ RunTime:0.003000s ]
INFO: [ action_begin ] --START--
INFO: Run \Home\Behavior\CheckUserBehavior [ RunTime:0.002000s ]
INFO: [ action_begin ] --END-- [ RunTime:0.002000s ]
ERR: 1146:Table 'shop.goods_view_count' doesn't exist
 [ SQL语句 ] : SHOW COLUMNS FROM `goods_view_count`
ERR: 1146:Table 'shop.goods_view_count' doesn't exist
 [ SQL语句 ] : SHOW COLUMNS FROM `goods_view_count`

[ 2016-04-17T12:41:08+08:00 ] 127.0.0.1 /Member/getUserInfo.html
INFO: [ app_begin ] --START--
INFO: Run Behavior\ReadHtmlCacheBehavior [ RunTime:0.005000s ]
INFO: [ app_begin ] --END-- [ RunTime:0.007001s ]
INFO: [ action_begin ] --START--
INFO: Run \Home\Behavior\CheckUserBehavior [ RunTime:0.003001s ]
INFO: [ action_begin ] --END-- [ RunTime:0.003001s ]
INFO: [ app_end ] --START--
INFO: Run Behavior\ShowPageTraceBehavior [ RunTime:0.002000s ]
INFO: [ app_end ] --END-- [ RunTime:0.002000s ]

[ 2016-04-17T12:41:08+08:00 ] 127.0.0.1 /Goods/addViewCount.html?goods_id=35
INFO: [ app_begin ] --START--
INFO: Run Behavior\ReadHtmlCacheBehavior [ RunTime:0.002000s ]
INFO: [ app_begin ] --END-- [ RunTime:0.003000s ]
INFO: [ action_begin ] --START--
INFO: Run \Home\Behavior\CheckUserBehavior [ RunTime:0.003000s ]
INFO: [ action_begin ] --END-- [ RunTime:0.004000s ]
ERR: 1146:Table 'shop.goods_view_count' doesn't exist
 [ SQL语句 ] : SHOW COLUMNS FROM `goods_view_count`
ERR: 1146:Table 'shop.goods_view_count' doesn't exist
 [ SQL语句 ] : SHOW COLUMNS FROM `goods_view_count`

[ 2016-04-17T12:41:12+08:00 ] 127.0.0.1 /Index/show.html
ERR: 参数错误或者未定义:id

[ 2016-04-17T12:41:24+08:00 ] 127.0.0.1 /Member/getUserInfo.html
INFO: [ app_begin ] --START--
INFO: Run Behavior\ReadHtmlCacheBehavior [ RunTime:0.002000s ]
INFO: [ app_begin ] --END-- [ RunTime:0.003001s ]
INFO: [ action_begin ] --START--
INFO: Run \Home\Behavior\CheckUserBehavior [ RunTime:0.003000s ]
INFO: [ action_begin ] --END-- [ RunTime:0.003000s ]
INFO: [ app_end ] --START--
INFO: Run Behavior\ShowPageTraceBehavior [ RunTime:0.002000s ]
INFO: [ app_end ] --END-- [ RunTime:0.002000s ]

[ 2016-04-17T12:41:25+08:00 ] 127.0.0.1 /Goods/addViewCount.html?goods_id=35
INFO: [ app_begin ] --START--
INFO: Run Behavior\ReadHtmlCacheBehavior [ RunTime:0.001000s ]
INFO: [ app_begin ] --END-- [ RunTime:0.002000s ]
INFO: [ action_begin ] --START--
INFO: Run \Home\Behavior\CheckUserBehavior [ RunTime:0.003000s ]
INFO: [ action_begin ] --END-- [ RunTime:0.003000s ]
ERR: 1146:Table 'shop.goods_view_count' doesn't exist
 [ SQL语句 ] : SHOW COLUMNS FROM `goods_view_count`
ERR: 1146:Table 'shop.goods_view_count' doesn't exist
 [ SQL语句 ] : SHOW COLUMNS FROM `goods_view_count`

[ 2016-04-17T12:41:27+08:00 ] 127.0.0.1 /Member/getUserInfo.html
INFO: [ app_begin ] --START--
INFO: Run Behavior\ReadHtmlCacheBehavior [ RunTime:0.002000s ]
INFO: [ app_begin ] --END-- [ RunTime:0.003000s ]
INFO: [ action_begin ] --START--
INFO: Run \Home\Behavior\CheckUserBehavior [ RunTime:0.009001s ]
INFO: [ action_begin ] --END-- [ RunTime:0.009001s ]
INFO: [ app_end ] --START--
INFO: Run Behavior\ShowPageTraceBehavior [ RunTime:0.003000s ]
INFO: [ app_end ] --END-- [ RunTime:0.003000s ]

[ 2016-04-17T12:41:27+08:00 ] 127.0.0.1 /Goods/addViewCount.html?goods_id=35
INFO: [ app_begin ] --START--
INFO: Run Behavior\ReadHtmlCacheBehavior [ RunTime:0.002000s ]
INFO: [ app_begin ] --END-- [ RunTime:0.004000s ]
INFO: [ action_begin ] --START--
INFO: Run \Home\Behavior\CheckUserBehavior [ RunTime:0.003000s ]
INFO: [ action_begin ] --END-- [ RunTime:0.003000s ]
ERR: 1146:Table 'shop.goods_view_count' doesn't exist
 [ SQL语句 ] : SHOW COLUMNS FROM `goods_view_count`
ERR: 1146:Table 'shop.goods_view_count' doesn't exist
 [ SQL语句 ] : SHOW COLUMNS FROM `goods_view_count`

[ 2016-04-17T12:42:24+08:00 ] 127.0.0.1 /Member/getUserInfo.html
INFO: [ app_begin ] --START--
INFO: Run Behavior\ReadHtmlCacheBehavior [ RunTime:0.002000s ]
INFO: [ app_begin ] --END-- [ RunTime:0.003000s ]
INFO: [ action_begin ] --START--
INFO: Run \Home\Behavior\CheckUserBehavior [ RunTime:0.002000s ]
INFO: [ action_begin ] --END-- [ RunTime:0.002000s ]
INFO: [ app_end ] --START--
INFO: Run Behavior\ShowPageTraceBehavior [ RunTime:0.002000s ]
INFO: [ app_end ] --END-- [ RunTime:0.002000s ]

[ 2016-04-17T12:42:24+08:00 ] 127.0.0.1 /Goods/addViewCount.html?goods_id=35
INFO: [ app_begin ] --START--
INFO: Run Behavior\ReadHtmlCacheBehavior [ RunTime:0.002000s ]
INFO: [ app_begin ] --END-- [ RunTime:0.003000s ]
INFO: [ action_begin ] --START--
INFO: Run \Home\Behavior\CheckUserBehavior [ RunTime:0.002000s ]
INFO: [ action_begin ] --END-- [ RunTime:0.003000s ]
ERR: 1146:Table 'shop.goods_view_count' doesn't exist
 [ SQL语句 ] : SHOW COLUMNS FROM `goods_view_count`
ERR: 1146:Table 'shop.goods_view_count' doesn't exist
 [ SQL语句 ] : SHOW COLUMNS FROM `goods_view_count`

[ 2016-04-17T12:42:26+08:00 ] 127.0.0.1 /Login/checkLogin.html.html
ERR: 非法操作:checkLogin.html

[ 2016-04-17T12:44:10+08:00 ] 127.0.0.1 /Member/getUserInfo.html
INFO: [ app_begin ] --START--
INFO: Run Behavior\ReadHtmlCacheBehavior [ RunTime:0.002000s ]
INFO: [ app_begin ] --END-- [ RunTime:0.003000s ]
INFO: [ action_begin ] --START--
INFO: Run \Home\Behavior\CheckUserBehavior [ RunTime:0.003000s ]
INFO: [ action_begin ] --END-- [ RunTime:0.003000s ]
INFO: [ app_end ] --START--
INFO: Run Behavior\ShowPageTraceBehavior [ RunTime:0.001000s ]
INFO: [ app_end ] --END-- [ RunTime:0.002000s ]

[ 2016-04-17T12:44:10+08:00 ] 127.0.0.1 /Goods/addViewCount.html?goods_id=35
INFO: [ app_begin ] --START--
INFO: Run Behavior\ReadHtmlCacheBehavior [ RunTime:0.002000s ]
INFO: [ app_begin ] --END-- [ RunTime:0.004000s ]
INFO: [ action_begin ] --START--
INFO: Run \Home\Behavior\CheckUserBehavior [ RunTime:0.003000s ]
INFO: [ action_begin ] --END-- [ RunTime:0.003000s ]
ERR: 1146:Table 'shop.goods_view_count' doesn't exist
 [ SQL语句 ] : SHOW COLUMNS FROM `goods_view_count`
ERR: 1146:Table 'shop.goods_view_count' doesn't exist
 [ SQL语句 ] : SHOW COLUMNS FROM `goods_view_count`

[ 2016-04-17T12:44:12+08:00 ] 127.0.0.1 /Member/getUserInfo.html
INFO: [ app_begin ] --START--
INFO: Run Behavior\ReadHtmlCacheBehavior [ RunTime:0.003000s ]
INFO: [ app_begin ] --END-- [ RunTime:0.004000s ]
INFO: [ action_begin ] --START--
INFO: Run \Home\Behavior\CheckUserBehavior [ RunTime:0.002000s ]
INFO: [ action_begin ] --END-- [ RunTime:0.004000s ]
INFO: [ app_end ] --START--
INFO: Run Behavior\ShowPageTraceBehavior [ RunTime:0.001000s ]
INFO: [ app_end ] --END-- [ RunTime:0.002000s ]

[ 2016-04-17T12:44:12+08:00 ] 127.0.0.1 /Goods/addViewCount.html?goods_id=35
INFO: [ app_begin ] --START--
INFO: Run Behavior\ReadHtmlCacheBehavior [ RunTime:0.002000s ]
INFO: [ app_begin ] --END-- [ RunTime:0.003000s ]
INFO: [ action_begin ] --START--
INFO: Run \Home\Behavior\CheckUserBehavior [ RunTime:0.003000s ]
INFO: [ action_begin ] --END-- [ RunTime:0.003000s ]
ERR: 1146:Table 'shop.goods_view_count' doesn't exist
 [ SQL语句 ] : SHOW COLUMNS FROM `goods_view_count`
ERR: 1146:Table 'shop.goods_view_count' doesn't exist
 [ SQL语句 ] : SHOW COLUMNS FROM `goods_view_count`

[ 2016-04-17T12:44:13+08:00 ] 127.0.0.1 /shoppingCar/add.html
ERR: 1048:Column 'member_id' cannot be null
 [ SQL语句 ] : INSERT INTO `shopping_car` (`num`,`goods_id`,`member_id`) VALUES ('1','35',NULL)

[ 2016-04-17T12:47:10+08:00 ] 127.0.0.1 /Member/getUserInfo.html
INFO: [ app_begin ] --START--
INFO: Run Behavior\ReadHtmlCacheBehavior [ RunTime:0.002000s ]
INFO: [ app_begin ] --END-- [ RunTime:0.003000s ]
INFO: [ action_begin ] --START--
INFO: Run \Home\Behavior\CheckUserBehavior [ RunTime:0.002000s ]
INFO: [ action_begin ] --END-- [ RunTime:0.003000s ]
INFO: [ app_end ] --START--
INFO: Run Behavior\ShowPageTraceBehavior [ RunTime:0.003000s ]
INFO: [ app_end ] --END-- [ RunTime:0.003000s ]

[ 2016-04-17T12:47:10+08:00 ] 127.0.0.1 /Goods/addViewCount.html?goods_id=35
INFO: [ app_begin ] --START--
INFO: Run Behavior\ReadHtmlCacheBehavior [ RunTime:0.002000s ]
INFO: [ app_begin ] --END-- [ RunTime:0.003000s ]
INFO: [ action_begin ] --START--
INFO: Run \Home\Behavior\CheckUserBehavior [ RunTime:0.002000s ]
INFO: [ action_begin ] --END-- [ RunTime:0.004000s ]
ERR: 1146:Table 'shop.goods_view_count' doesn't exist
 [ SQL语句 ] : SHOW COLUMNS FROM `goods_view_count`
ERR: 1146:Table 'shop.goods_view_count' doesn't exist
 [ SQL语句 ] : SHOW COLUMNS FROM `goods_view_count`

[ 2016-04-17T12:47:11+08:00 ] 127.0.0.1 /Member/getUserInfo.html
INFO: [ app_begin ] --START--
INFO: Run Behavior\ReadHtmlCacheBehavior [ RunTime:0.003000s ]
INFO: [ app_begin ] --END-- [ RunTime:0.005000s ]
INFO: [ action_begin ] --START--
INFO: Run \Home\Behavior\CheckUserBehavior [ RunTime:0.010000s ]
INFO: [ action_begin ] --END-- [ RunTime:0.011000s ]
INFO: [ app_end ] --START--
INFO: Run Behavior\ShowPageTraceBehavior [ RunTime:0.004000s ]
INFO: [ app_end ] --END-- [ RunTime:0.004000s ]

[ 2016-04-17T12:47:11+08:00 ] 127.0.0.1 /Goods/addViewCount.html?goods_id=35
INFO: [ app_begin ] --START--
INFO: Run Behavior\ReadHtmlCacheBehavior [ RunTime:0.002000s ]
INFO: [ app_begin ] --END-- [ RunTime:0.003000s ]
INFO: [ action_begin ] --START--
INFO: Run \Home\Behavior\CheckUserBehavior [ RunTime:0.002000s ]
INFO: [ action_begin ] --END-- [ RunTime:0.003000s ]
ERR: 1146:Table 'shop.goods_view_count' doesn't exist
 [ SQL语句 ] : SHOW COLUMNS FROM `goods_view_count`
ERR: 1146:Table 'shop.goods_view_count' doesn't exist
 [ SQL语句 ] : SHOW COLUMNS FROM `goods_view_count`

[ 2016-04-17T12:47:13+08:00 ] 127.0.0.1 /shoppingCar/add.html
ERR: 1048:Column 'member_id' cannot be null
 [ SQL语句 ] : INSERT INTO `shopping_car` (`num`,`goods_id`,`member_id`) VALUES ('1','35',NULL)

[ 2016-04-17T12:47:54+08:00 ] 127.0.0.1 /shoppingCar/add.html
ERR: 1048:Column 'member_id' cannot be null
 [ SQL语句 ] : INSERT INTO `shopping_car` (`num`,`goods_id`,`member_id`) VALUES ('1','35',NULL)

[ 2016-04-17T13:21:32+08:00 ] 127.0.0.1 /Login/regist.html
ERR: 非法操作:regist

[ 2016-04-17T13:22:44+08:00 ] 127.0.0.1 /Member/checkRepeat.html?username=xuanzi
INFO: [ app_begin ] --START--
INFO: Run Behavior\ReadHtmlCacheBehavior [ RunTime:0.008001s ]
INFO: [ app_begin ] --END-- [ RunTime:0.034002s ]
INFO: [ action_begin ] --START--
INFO: Run \Home\Behavior\CheckUserBehavior [ RunTime:0.023001s ]
INFO: [ action_begin ] --END-- [ RunTime:0.024002s ]
NOTIC: [2048] Declaration of Home\Model\MemberModel::add() should be compatible with Think\Model::add($data = '', $options = Array, $replace = false) E:\shop\www.shop.com\Application\Home\Model\MemberModel.class.php 第 16 行.
SQL: SHOW COLUMNS FROM `member` [ RunTime:0.0080s ]
SQL: SELECT * FROM `member` WHERE `username` = 'xuanzi' LIMIT 1   [ RunTime:0.0010s ]

[ 2016-04-17T13:22:47+08:00 ] 127.0.0.1 /Member/checkRepeat.html?email=xuanzi%40qq.com
INFO: [ app_begin ] --START--
INFO: Run Behavior\ReadHtmlCacheBehavior [ RunTime:0.001000s ]
INFO: [ app_begin ] --END-- [ RunTime:0.002001s ]
INFO: [ action_begin ] --START--
INFO: Run \Home\Behavior\CheckUserBehavior [ RunTime:0.002000s ]
INFO: [ action_begin ] --END-- [ RunTime:0.002000s ]
NOTIC: [2048] Declaration of Home\Model\MemberModel::add() should be compatible with Think\Model::add($data = '', $options = Array, $replace = false) E:\shop\www.shop.com\Application\Home\Model\MemberModel.class.php 第 16 行.
SQL: SHOW COLUMNS FROM `member` [ RunTime:0.0060s ]
SQL: SELECT * FROM `member` WHERE `email` = 'xuanzi@qq.com' LIMIT 1   [ RunTime:0.0000s ]

