[ 2016-04-10T16:43:23+08:00 ] 127.0.0.1 /Member/getUserInfo.html
INFO: [ app_begin ] --START--
INFO: Run Behavior\ReadHtmlCacheBehavior [ RunTime:0.002000s ]
INFO: [ app_begin ] --END-- [ RunTime:0.003000s ]
INFO: [ action_begin ] --START--
INFO: Run \Home\Behavior\CheckUserBehavior [ RunTime:0.002001s ]
INFO: [ action_begin ] --END-- [ RunTime:0.003001s ]
INFO: [ app_end ] --START--
INFO: Run Behavior\ShowPageTraceBehavior [ RunTime:0.002000s ]
INFO: [ app_end ] --END-- [ RunTime:0.003000s ]

[ 2016-04-10T16:43:30+08:00 ] 127.0.0.1 /Member/getUserInfo.html
INFO: [ app_begin ] --START--
INFO: Run Behavior\ReadHtmlCacheBehavior [ RunTime:0.002000s ]
INFO: [ app_begin ] --END-- [ RunTime:0.003000s ]
INFO: [ action_begin ] --START--
INFO: Run \Home\Behavior\CheckUserBehavior [ RunTime:0.003000s ]
INFO: [ action_begin ] --END-- [ RunTime:0.003000s ]
INFO: [ app_end ] --START--
INFO: Run Behavior\ShowPageTraceBehavior [ RunTime:0.002000s ]
INFO: [ app_end ] --END-- [ RunTime:0.002000s ]

[ 2016-04-10T16:43:34+08:00 ] 127.0.0.1 /Member/getUserInfo.html
INFO: [ app_begin ] --START--
INFO: Run Behavior\ReadHtmlCacheBehavior [ RunTime:0.002000s ]
INFO: [ app_begin ] --END-- [ RunTime:0.003000s ]
INFO: [ action_begin ] --START--
INFO: Run \Home\Behavior\CheckUserBehavior [ RunTime:0.003000s ]
INFO: [ action_begin ] --END-- [ RunTime:0.003000s ]
INFO: [ app_end ] --START--
INFO: Run Behavior\ShowPageTraceBehavior [ RunTime:0.001000s ]
INFO: [ app_end ] --END-- [ RunTime:0.002000s ]

[ 2016-04-10T16:43:34+08:00 ] 127.0.0.1 /Goods/addViewCount.html?goods_id=17
INFO: [ app_begin ] --START--
INFO: Run Behavior\ReadHtmlCacheBehavior [ RunTime:0.002000s ]
INFO: [ app_begin ] --END-- [ RunTime:0.003000s ]
INFO: [ action_begin ] --START--
INFO: Run \Home\Behavior\CheckUserBehavior [ RunTime:0.002000s ]
INFO: [ action_begin ] --END-- [ RunTime:0.004000s ]
ERR: 1146:Table 'shop.goods_view_count' doesn't exist
 [ SQL语句 ] : SHOW COLUMNS FROM `goods_view_count`
ERR: 1146:Table 'shop.goods_view_count' doesn't exist
 [ SQL语句 ] : SHOW COLUMNS FROM `goods_view_count`

[ 2016-04-10T18:33:39+08:00 ] 127.0.0.1 /Member/getUserInfo.html
INFO: [ app_begin ] --START--
INFO: Run Behavior\ReadHtmlCacheBehavior [ RunTime:0.002000s ]
INFO: [ app_begin ] --END-- [ RunTime:0.003000s ]
INFO: [ action_begin ] --START--
INFO: Run \Home\Behavior\CheckUserBehavior [ RunTime:0.003000s ]
INFO: [ action_begin ] --END-- [ RunTime:0.004000s ]
INFO: [ app_end ] --START--
INFO: Run Behavior\ShowPageTraceBehavior [ RunTime:0.002000s ]
INFO: [ app_end ] --END-- [ RunTime:0.002000s ]

[ 2016-04-10T18:33:47+08:00 ] 127.0.0.1 /Member/getUserInfo.html
INFO: [ app_begin ] --START--
INFO: Run Behavior\ReadHtmlCacheBehavior [ RunTime:0.001000s ]
INFO: [ app_begin ] --END-- [ RunTime:0.002000s ]
INFO: [ action_begin ] --START--
INFO: Run \Home\Behavior\CheckUserBehavior [ RunTime:0.002000s ]
INFO: [ action_begin ] --END-- [ RunTime:0.002000s ]
INFO: [ app_end ] --START--
INFO: Run Behavior\ShowPageTraceBehavior [ RunTime:0.002000s ]
INFO: [ app_end ] --END-- [ RunTime:0.002000s ]

[ 2016-04-10T18:33:54+08:00 ] 127.0.0.1 /Member/getUserInfo.html
INFO: [ app_begin ] --START--
INFO: Run Behavior\ReadHtmlCacheBehavior [ RunTime:0.001000s ]
INFO: [ app_begin ] --END-- [ RunTime:0.003000s ]
INFO: [ action_begin ] --START--
INFO: Run \Home\Behavior\CheckUserBehavior [ RunTime:0.003001s ]
INFO: [ action_begin ] --END-- [ RunTime:0.003001s ]
INFO: [ app_end ] --START--
INFO: Run Behavior\ShowPageTraceBehavior [ RunTime:0.002000s ]
INFO: [ app_end ] --END-- [ RunTime:0.002000s ]

[ 2016-04-10T18:33:55+08:00 ] 127.0.0.1 /ShoppingCar/add.html
INFO: [ app_begin ] --START--
INFO: Run Behavior\ReadHtmlCacheBehavior [ RunTime:0.002000s ]
INFO: [ app_begin ] --END-- [ RunTime:0.002000s ]
INFO: [ action_begin ] --START--
INFO: Run \Home\Behavior\CheckUserBehavior [ RunTime:0.003000s ]
INFO: [ action_begin ] --END-- [ RunTime:0.003000s ]

[ 2016-04-10T18:33:55+08:00 ] 127.0.0.1 /Goods/addViewCount.html?goods_id=17
INFO: [ app_begin ] --START--
INFO: Run Behavior\ReadHtmlCacheBehavior [ RunTime:0.013001s ]
INFO: [ app_begin ] --END-- [ RunTime:0.016001s ]
INFO: [ action_begin ] --START--
INFO: Run \Home\Behavior\CheckUserBehavior [ RunTime:0.002000s ]
INFO: [ action_begin ] --END-- [ RunTime:0.003000s ]
ERR: 1146:Table 'shop.goods_view_count' doesn't exist
 [ SQL语句 ] : SHOW COLUMNS FROM `goods_view_count`
ERR: 1146:Table 'shop.goods_view_count' doesn't exist
 [ SQL语句 ] : SHOW COLUMNS FROM `goods_view_count`

[ 2016-04-10T18:33:56+08:00 ] 127.0.0.1 /Login/checkLogin.html.html
INFO: [ app_begin ] --START--
INFO: Run Behavior\ReadHtmlCacheBehavior [ RunTime:0.002000s ]
INFO: [ app_begin ] --END-- [ RunTime:0.003000s ]
INFO: [ action_begin ] --START--
INFO: Run \Home\Behavior\CheckUserBehavior [ RunTime:0.004000s ]
INFO: [ action_begin ] --END-- [ RunTime:0.005000s ]
ERR: 非法操作:checkLogin.html

[ 2016-04-10T18:33:58+08:00 ] 127.0.0.1 /Member/getUserInfo.html
INFO: [ app_begin ] --START--
INFO: Run Behavior\ReadHtmlCacheBehavior [ RunTime:0.002000s ]
INFO: [ app_begin ] --END-- [ RunTime:0.003000s ]
INFO: [ action_begin ] --START--
INFO: Run \Home\Behavior\CheckUserBehavior [ RunTime:0.004001s ]
INFO: [ action_begin ] --END-- [ RunTime:0.005001s ]
INFO: [ app_end ] --START--
INFO: Run Behavior\ShowPageTraceBehavior [ RunTime:0.002000s ]
INFO: [ app_end ] --END-- [ RunTime:0.002000s ]

[ 2016-04-10T18:33:59+08:00 ] 127.0.0.1 /ShoppingCar/add.html
INFO: [ app_begin ] --START--
INFO: Run Behavior\ReadHtmlCacheBehavior [ RunTime:0.002000s ]
INFO: [ app_begin ] --END-- [ RunTime:0.004000s ]
INFO: [ action_begin ] --START--
INFO: Run \Home\Behavior\CheckUserBehavior [ RunTime:0.004000s ]
INFO: [ action_begin ] --END-- [ RunTime:0.005001s ]

[ 2016-04-10T18:33:59+08:00 ] 127.0.0.1 /Goods/addViewCount.html?goods_id=17
INFO: [ app_begin ] --START--
INFO: Run Behavior\ReadHtmlCacheBehavior [ RunTime:0.002000s ]
INFO: [ app_begin ] --END-- [ RunTime:0.003000s ]
INFO: [ action_begin ] --START--
INFO: Run \Home\Behavior\CheckUserBehavior [ RunTime:0.003000s ]
INFO: [ action_begin ] --END-- [ RunTime:0.004000s ]
ERR: 1146:Table 'shop.goods_view_count' doesn't exist
 [ SQL语句 ] : SHOW COLUMNS FROM `goods_view_count`
ERR: 1146:Table 'shop.goods_view_count' doesn't exist
 [ SQL语句 ] : SHOW COLUMNS FROM `goods_view_count`

[ 2016-04-10T18:33:59+08:00 ] 127.0.0.1 /Login/checkLogin.html.html
INFO: [ app_begin ] --START--
INFO: Run Behavior\ReadHtmlCacheBehavior [ RunTime:0.002000s ]
INFO: [ app_begin ] --END-- [ RunTime:0.004000s ]
INFO: [ action_begin ] --START--
INFO: Run \Home\Behavior\CheckUserBehavior [ RunTime:0.002000s ]
INFO: [ action_begin ] --END-- [ RunTime:0.003000s ]
ERR: 非法操作:checkLogin.html

[ 2016-04-10T18:34:19+08:00 ] 127.0.0.1 /Member/getUserInfo.html
INFO: [ app_begin ] --START--
INFO: Run Behavior\ReadHtmlCacheBehavior [ RunTime:0.002000s ]
INFO: [ app_begin ] --END-- [ RunTime:0.003000s ]
INFO: [ action_begin ] --START--
INFO: Run \Home\Behavior\CheckUserBehavior [ RunTime:0.003000s ]
INFO: [ action_begin ] --END-- [ RunTime:0.003000s ]
INFO: [ app_end ] --START--
INFO: Run Behavior\ShowPageTraceBehavior [ RunTime:0.002000s ]
INFO: [ app_end ] --END-- [ RunTime:0.002000s ]

[ 2016-04-10T18:34:19+08:00 ] 127.0.0.1 /ShoppingCar/add.html
INFO: [ app_begin ] --START--
INFO: Run Behavior\ReadHtmlCacheBehavior [ RunTime:0.002000s ]
INFO: [ app_begin ] --END-- [ RunTime:0.003000s ]
INFO: [ action_begin ] --START--
INFO: Run \Home\Behavior\CheckUserBehavior [ RunTime:0.002000s ]
INFO: [ action_begin ] --END-- [ RunTime:0.003000s ]

[ 2016-04-10T18:34:19+08:00 ] 127.0.0.1 /Goods/addViewCount.html?goods_id=17
INFO: [ app_begin ] --START--
INFO: Run Behavior\ReadHtmlCacheBehavior [ RunTime:0.002000s ]
INFO: [ app_begin ] --END-- [ RunTime:0.004000s ]
INFO: [ action_begin ] --START--
INFO: Run \Home\Behavior\CheckUserBehavior [ RunTime:0.002000s ]
INFO: [ action_begin ] --END-- [ RunTime:0.002000s ]
ERR: 1146:Table 'shop.goods_view_count' doesn't exist
 [ SQL语句 ] : SHOW COLUMNS FROM `goods_view_count`
ERR: 1146:Table 'shop.goods_view_count' doesn't exist
 [ SQL语句 ] : SHOW COLUMNS FROM `goods_view_count`

[ 2016-04-10T18:34:19+08:00 ] 127.0.0.1 /Login/checkLogin.html.html
INFO: [ app_begin ] --START--
INFO: Run Behavior\ReadHtmlCacheBehavior [ RunTime:0.001000s ]
INFO: [ app_begin ] --END-- [ RunTime:0.002001s ]
INFO: [ action_begin ] --START--
INFO: Run \Home\Behavior\CheckUserBehavior [ RunTime:0.003000s ]
INFO: [ action_begin ] --END-- [ RunTime:0.003000s ]
ERR: 非法操作:checkLogin.html

[ 2016-04-10T18:36:35+08:00 ] 127.0.0.1 /Member/getUserInfo.html
INFO: [ app_begin ] --START--
INFO: Run Behavior\ReadHtmlCacheBehavior [ RunTime:0.003001s ]
INFO: [ app_begin ] --END-- [ RunTime:0.005001s ]
INFO: [ action_begin ] --START--
INFO: Run \Home\Behavior\CheckUserBehavior [ RunTime:0.004000s ]
INFO: [ action_begin ] --END-- [ RunTime:0.004000s ]
INFO: [ app_end ] --START--
INFO: Run Behavior\ShowPageTraceBehavior [ RunTime:0.002000s ]
INFO: [ app_end ] --END-- [ RunTime:0.002000s ]

[ 2016-04-10T18:36:35+08:00 ] 127.0.0.1 /Goods/addViewCount.html?goods_id=17
INFO: [ app_begin ] --START--
INFO: Run Behavior\ReadHtmlCacheBehavior [ RunTime:0.003000s ]
INFO: [ app_begin ] --END-- [ RunTime:0.004000s ]
INFO: [ action_begin ] --START--
INFO: Run \Home\Behavior\CheckUserBehavior [ RunTime:0.003000s ]
INFO: [ action_begin ] --END-- [ RunTime:0.003000s ]
ERR: 1146:Table 'shop.goods_view_count' doesn't exist
 [ SQL语句 ] : SHOW COLUMNS FROM `goods_view_count`
ERR: 1146:Table 'shop.goods_view_count' doesn't exist
 [ SQL语句 ] : SHOW COLUMNS FROM `goods_view_count`

[ 2016-04-10T18:36:35+08:00 ] 127.0.0.1 /ShoppingCar/add.html
INFO: [ app_begin ] --START--
INFO: Run Behavior\ReadHtmlCacheBehavior [ RunTime:0.003000s ]
INFO: [ app_begin ] --END-- [ RunTime:0.004001s ]
INFO: [ action_begin ] --START--
INFO: Run \Home\Behavior\CheckUserBehavior [ RunTime:0.003000s ]
INFO: [ action_begin ] --END-- [ RunTime:0.004000s ]

[ 2016-04-10T18:36:36+08:00 ] 127.0.0.1 /Login/checkLogin.html.html
INFO: [ app_begin ] --START--
INFO: Run Behavior\ReadHtmlCacheBehavior [ RunTime:0.002000s ]
INFO: [ app_begin ] --END-- [ RunTime:0.003000s ]
INFO: [ action_begin ] --START--
INFO: Run \Home\Behavior\CheckUserBehavior [ RunTime:0.002000s ]
INFO: [ action_begin ] --END-- [ RunTime:0.003000s ]
ERR: 非法操作:checkLogin.html

[ 2016-04-10T18:38:30+08:00 ] 127.0.0.1 /Member/getUserInfo.html
INFO: [ app_begin ] --START--
INFO: Run Behavior\ReadHtmlCacheBehavior [ RunTime:0.002000s ]
INFO: [ app_begin ] --END-- [ RunTime:0.003000s ]
INFO: [ action_begin ] --START--
INFO: Run \Home\Behavior\CheckUserBehavior [ RunTime:0.003000s ]
INFO: [ action_begin ] --END-- [ RunTime:0.004000s ]
INFO: [ app_end ] --START--
INFO: Run Behavior\ShowPageTraceBehavior [ RunTime:0.001000s ]
INFO: [ app_end ] --END-- [ RunTime:0.003001s ]

[ 2016-04-10T18:38:30+08:00 ] 127.0.0.1 /Goods/addViewCount.html?goods_id=17
INFO: [ app_begin ] --START--
INFO: Run Behavior\ReadHtmlCacheBehavior [ RunTime:0.002000s ]
INFO: [ app_begin ] --END-- [ RunTime:0.003000s ]
INFO: [ action_begin ] --START--
INFO: Run \Home\Behavior\CheckUserBehavior [ RunTime:0.002000s ]
INFO: [ action_begin ] --END-- [ RunTime:0.003000s ]
ERR: 1146:Table 'shop.goods_view_count' doesn't exist
 [ SQL语句 ] : SHOW COLUMNS FROM `goods_view_count`
ERR: 1146:Table 'shop.goods_view_count' doesn't exist
 [ SQL语句 ] : SHOW COLUMNS FROM `goods_view_count`

[ 2016-04-10T18:38:30+08:00 ] 127.0.0.1 /ShoppingCar/add.html
INFO: [ app_begin ] --START--
INFO: Run Behavior\ReadHtmlCacheBehavior [ RunTime:0.002000s ]
INFO: [ app_begin ] --END-- [ RunTime:0.003000s ]
INFO: [ action_begin ] --START--
INFO: Run \Home\Behavior\CheckUserBehavior [ RunTime:0.002000s ]
INFO: [ action_begin ] --END-- [ RunTime:0.002000s ]

[ 2016-04-10T18:38:30+08:00 ] 127.0.0.1 /Login/checkLogin.html.html
INFO: [ app_begin ] --START--
INFO: Run Behavior\ReadHtmlCacheBehavior [ RunTime:0.002000s ]
INFO: [ app_begin ] --END-- [ RunTime:0.003000s ]
INFO: [ action_begin ] --START--
INFO: Run \Home\Behavior\CheckUserBehavior [ RunTime:0.003000s ]
INFO: [ action_begin ] --END-- [ RunTime:0.003000s ]
ERR: 非法操作:checkLogin.html

[ 2016-04-10T18:39:52+08:00 ] 127.0.0.1 /Member/getUserInfo.html
INFO: [ app_begin ] --START--
INFO: Run Behavior\ReadHtmlCacheBehavior [ RunTime:0.002000s ]
INFO: [ app_begin ] --END-- [ RunTime:0.004000s ]
INFO: [ action_begin ] --START--
INFO: Run \Home\Behavior\CheckUserBehavior [ RunTime:0.002000s ]
INFO: [ action_begin ] --END-- [ RunTime:0.003000s ]
INFO: [ app_end ] --START--
INFO: Run Behavior\ShowPageTraceBehavior [ RunTime:0.001000s ]
INFO: [ app_end ] --END-- [ RunTime:0.003000s ]

[ 2016-04-10T18:39:52+08:00 ] 127.0.0.1 /ShoppingCar/add.html
INFO: [ app_begin ] --START--
INFO: Run Behavior\ReadHtmlCacheBehavior [ RunTime:0.002001s ]
INFO: [ app_begin ] --END-- [ RunTime:0.003001s ]
INFO: [ action_begin ] --START--
INFO: Run \Home\Behavior\CheckUserBehavior [ RunTime:0.003000s ]
INFO: [ action_begin ] --END-- [ RunTime:0.003000s ]

[ 2016-04-10T18:39:52+08:00 ] 127.0.0.1 /Goods/addViewCount.html?goods_id=17
INFO: [ app_begin ] --START--
INFO: Run Behavior\ReadHtmlCacheBehavior [ RunTime:0.002001s ]
INFO: [ app_begin ] --END-- [ RunTime:0.003001s ]
INFO: [ action_begin ] --START--
INFO: Run \Home\Behavior\CheckUserBehavior [ RunTime:0.003000s ]
INFO: [ action_begin ] --END-- [ RunTime:0.004000s ]
ERR: 1146:Table 'shop.goods_view_count' doesn't exist
 [ SQL语句 ] : SHOW COLUMNS FROM `goods_view_count`
ERR: 1146:Table 'shop.goods_view_count' doesn't exist
 [ SQL语句 ] : SHOW COLUMNS FROM `goods_view_count`

[ 2016-04-10T18:39:52+08:00 ] 127.0.0.1 /Login/checkLogin.html.html
INFO: [ app_begin ] --START--
INFO: Run Behavior\ReadHtmlCacheBehavior [ RunTime:0.002001s ]
INFO: [ app_begin ] --END-- [ RunTime:0.004001s ]
INFO: [ action_begin ] --START--
INFO: Run \Home\Behavior\CheckUserBehavior [ RunTime:0.003000s ]
INFO: [ action_begin ] --END-- [ RunTime:0.003000s ]
ERR: 非法操作:checkLogin.html

[ 2016-04-10T18:40:20+08:00 ] 127.0.0.1 /Login/checkLogin.html.html
ERR: 非法操作:checkLogin.html

