[ 2016-05-20T20:31:56+08:00 ] 127.0.0.1 /Member/getUserInfo.html
INFO: [ app_begin ] --START--
INFO: Run Behavior\ReadHtmlCacheBehavior [ RunTime:0.000992s ]
INFO: [ app_begin ] --END-- [ RunTime:0.001846s ]
INFO: [ action_begin ] --START--
INFO: Run \Home\Behavior\CheckUserBehavior [ RunTime:0.000754s ]
INFO: [ action_begin ] --END-- [ RunTime:0.000965s ]
INFO: [ app_end ] --START--
INFO: Run Behavior\ShowPageTraceBehavior [ RunTime:0.000954s ]
INFO: [ app_end ] --END-- [ RunTime:0.001121s ]

[ 2016-05-20T20:33:49+08:00 ] 127.0.0.1 /Member/getUserInfo.html
INFO: [ app_begin ] --START--
INFO: Run Behavior\ReadHtmlCacheBehavior [ RunTime:0.001188s ]
INFO: [ app_begin ] --END-- [ RunTime:0.002035s ]
INFO: [ action_begin ] --START--
INFO: Run \Home\Behavior\CheckUserBehavior [ RunTime:0.000775s ]
INFO: [ action_begin ] --END-- [ RunTime:0.000965s ]
INFO: [ app_end ] --START--
INFO: Run Behavior\ShowPageTraceBehavior [ RunTime:0.001118s ]
INFO: [ app_end ] --END-- [ RunTime:0.001402s ]

[ 2016-05-20T20:33:49+08:00 ] 127.0.0.1 /Goods/addViewCount.html?goods_id=35
INFO: [ app_begin ] --START--
INFO: Run Behavior\ReadHtmlCacheBehavior [ RunTime:0.001207s ]
INFO: [ app_begin ] --END-- [ RunTime:0.002013s ]
INFO: [ action_begin ] --START--
INFO: Run \Home\Behavior\CheckUserBehavior [ RunTime:0.001099s ]
INFO: [ action_begin ] --END-- [ RunTime:0.001319s ]
ERR: 1146:Table 'shop.goods_view_count' doesn't exist
 [ SQL语句 ] : SHOW COLUMNS FROM `goods_view_count`
ERR: 1146:Table 'shop.goods_view_count' doesn't exist
 [ SQL语句 ] : SHOW COLUMNS FROM `goods_view_count`

[ 2016-05-20T20:34:45+08:00 ] 127.0.0.1 /Member/getUserInfo.html
INFO: [ app_begin ] --START--
INFO: Run Behavior\ReadHtmlCacheBehavior [ RunTime:0.000971s ]
INFO: [ app_begin ] --END-- [ RunTime:0.001814s ]
INFO: [ action_begin ] --START--
INFO: Run \Home\Behavior\CheckUserBehavior [ RunTime:0.000655s ]
INFO: [ action_begin ] --END-- [ RunTime:0.000831s ]
INFO: [ app_end ] --START--
INFO: Run Behavior\ShowPageTraceBehavior [ RunTime:0.000984s ]
INFO: [ app_end ] --END-- [ RunTime:0.001168s ]

[ 2016-05-20T20:34:45+08:00 ] 127.0.0.1 /Goods/addViewCount.html?goods_id=35
INFO: [ app_begin ] --START--
INFO: Run Behavior\ReadHtmlCacheBehavior [ RunTime:0.001134s ]
INFO: [ app_begin ] --END-- [ RunTime:0.001820s ]
INFO: [ action_begin ] --START--
INFO: Run \Home\Behavior\CheckUserBehavior [ RunTime:0.001020s ]
INFO: [ action_begin ] --END-- [ RunTime:0.001232s ]
ERR: 1146:Table 'shop.goods_view_count' doesn't exist
 [ SQL语句 ] : SHOW COLUMNS FROM `goods_view_count`
ERR: 1146:Table 'shop.goods_view_count' doesn't exist
 [ SQL语句 ] : SHOW COLUMNS FROM `goods_view_count`

[ 2016-05-20T20:36:20+08:00 ] 127.0.0.1 /Member/getUserInfo.html
INFO: [ app_begin ] --START--
INFO: Run Behavior\ReadHtmlCacheBehavior [ RunTime:0.000780s ]
INFO: [ app_begin ] --END-- [ RunTime:0.001449s ]
INFO: [ action_begin ] --START--
INFO: Run \Home\Behavior\CheckUserBehavior [ RunTime:0.000877s ]
INFO: [ action_begin ] --END-- [ RunTime:0.001163s ]

[ 2016-05-20T20:36:28+08:00 ] 127.0.0.1 /Member/getUserInfo.html
INFO: [ app_begin ] --START--
INFO: Run Behavior\ReadHtmlCacheBehavior [ RunTime:0.000919s ]
INFO: [ app_begin ] --END-- [ RunTime:0.001645s ]
INFO: [ action_begin ] --START--
INFO: Run \Home\Behavior\CheckUserBehavior [ RunTime:0.000878s ]
INFO: [ action_begin ] --END-- [ RunTime:0.001106s ]

[ 2016-05-20T20:36:28+08:00 ] 127.0.0.1 /Goods/addViewCount.html?goods_id=35
INFO: [ app_begin ] --START--
INFO: Run Behavior\ReadHtmlCacheBehavior [ RunTime:0.000921s ]
INFO: [ app_begin ] --END-- [ RunTime:0.001673s ]
INFO: [ action_begin ] --START--
INFO: Run \Home\Behavior\CheckUserBehavior [ RunTime:0.001185s ]
INFO: [ action_begin ] --END-- [ RunTime:0.001372s ]
ERR: 1146:Table 'shop.goods_view_count' doesn't exist
 [ SQL语句 ] : SHOW COLUMNS FROM `goods_view_count`
ERR: 1146:Table 'shop.goods_view_count' doesn't exist
 [ SQL语句 ] : SHOW COLUMNS FROM `goods_view_count`

[ 2016-05-20T20:58:57+08:00 ] 127.0.0.1 /Member/getUserInfo.html
INFO: [ app_begin ] --START--
INFO: Run Behavior\ReadHtmlCacheBehavior [ RunTime:0.001157s ]
INFO: [ app_begin ] --END-- [ RunTime:0.001985s ]
INFO: [ action_begin ] --START--
INFO: Run \Home\Behavior\CheckUserBehavior [ RunTime:0.001711s ]
INFO: [ action_begin ] --END-- [ RunTime:0.002017s ]
INFO: [ app_end ] --START--
INFO: Run Behavior\ShowPageTraceBehavior [ RunTime:0.001498s ]
INFO: [ app_end ] --END-- [ RunTime:0.001820s ]

[ 2016-05-20T21:01:23+08:00 ] 127.0.0.1 /Member/getUserInfo.html
INFO: [ app_begin ] --START--
INFO: Run Behavior\ReadHtmlCacheBehavior [ RunTime:0.001045s ]
INFO: [ app_begin ] --END-- [ RunTime:0.002163s ]
INFO: [ action_begin ] --START--
INFO: Run \Home\Behavior\CheckUserBehavior [ RunTime:0.000978s ]
INFO: [ action_begin ] --END-- [ RunTime:0.001200s ]
INFO: [ app_end ] --START--
INFO: Run Behavior\ShowPageTraceBehavior [ RunTime:0.001159s ]
INFO: [ app_end ] --END-- [ RunTime:0.001402s ]

[ 2016-05-20T21:01:26+08:00 ] 127.0.0.1 /Member/getUserInfo.html
INFO: [ app_begin ] --START--
INFO: Run Behavior\ReadHtmlCacheBehavior [ RunTime:0.001205s ]
INFO: [ app_begin ] --END-- [ RunTime:0.001986s ]
INFO: [ action_begin ] --START--
INFO: Run \Home\Behavior\CheckUserBehavior [ RunTime:0.001192s ]
INFO: [ action_begin ] --END-- [ RunTime:0.001400s ]
INFO: [ app_end ] --START--
INFO: Run Behavior\ShowPageTraceBehavior [ RunTime:0.001206s ]
INFO: [ app_end ] --END-- [ RunTime:0.001449s ]

[ 2016-05-20T21:01:26+08:00 ] 127.0.0.1 /Goods/addViewCount.html?goods_id=36
INFO: [ app_begin ] --START--
INFO: Run Behavior\ReadHtmlCacheBehavior [ RunTime:0.001549s ]
INFO: [ app_begin ] --END-- [ RunTime:0.002635s ]
INFO: [ action_begin ] --START--
INFO: Run \Home\Behavior\CheckUserBehavior [ RunTime:0.001742s ]
INFO: [ action_begin ] --END-- [ RunTime:0.002052s ]
ERR: 1146:Table 'shop.goods_view_count' doesn't exist
 [ SQL语句 ] : SHOW COLUMNS FROM `goods_view_count`
ERR: 1146:Table 'shop.goods_view_count' doesn't exist
 [ SQL语句 ] : SHOW COLUMNS FROM `goods_view_count`

[ 2016-05-20T21:01:47+08:00 ] 127.0.0.1 /Member/getUserInfo.html
INFO: [ app_begin ] --START--
INFO: Run Behavior\ReadHtmlCacheBehavior [ RunTime:0.001185s ]
INFO: [ app_begin ] --END-- [ RunTime:0.001994s ]
INFO: [ action_begin ] --START--
INFO: Run \Home\Behavior\CheckUserBehavior [ RunTime:0.000820s ]
INFO: [ action_begin ] --END-- [ RunTime:0.001108s ]
INFO: [ app_end ] --START--
INFO: Run Behavior\ShowPageTraceBehavior [ RunTime:0.000942s ]
INFO: [ app_end ] --END-- [ RunTime:0.001144s ]

[ 2016-05-20T21:01:47+08:00 ] 127.0.0.1 /Goods/addViewCount.html?goods_id=36
INFO: [ app_begin ] --START--
INFO: Run Behavior\ReadHtmlCacheBehavior [ RunTime:0.001198s ]
INFO: [ app_begin ] --END-- [ RunTime:0.002273s ]
INFO: [ action_begin ] --START--
INFO: Run \Home\Behavior\CheckUserBehavior [ RunTime:0.001077s ]
INFO: [ action_begin ] --END-- [ RunTime:0.001353s ]
ERR: 1146:Table 'shop.goods_view_count' doesn't exist
 [ SQL语句 ] : SHOW COLUMNS FROM `goods_view_count`
ERR: 1146:Table 'shop.goods_view_count' doesn't exist
 [ SQL语句 ] : SHOW COLUMNS FROM `goods_view_count`

[ 2016-05-20T21:02:03+08:00 ] 127.0.0.1 /Member/getUserInfo.html
INFO: [ app_begin ] --START--
INFO: Run Behavior\ReadHtmlCacheBehavior [ RunTime:0.001357s ]
INFO: [ app_begin ] --END-- [ RunTime:0.002306s ]
INFO: [ action_begin ] --START--
INFO: Run \Home\Behavior\CheckUserBehavior [ RunTime:0.002128s ]
INFO: [ action_begin ] --END-- [ RunTime:0.002551s ]
INFO: [ app_end ] --START--
INFO: Run Behavior\ShowPageTraceBehavior [ RunTime:0.001308s ]
INFO: [ app_end ] --END-- [ RunTime:0.001618s ]

[ 2016-05-20T21:02:03+08:00 ] 127.0.0.1 /Goods/addViewCount.html?goods_id=36
INFO: [ app_begin ] --START--
INFO: Run Behavior\ReadHtmlCacheBehavior [ RunTime:0.002130s ]
INFO: [ app_begin ] --END-- [ RunTime:0.003452s ]
INFO: [ action_begin ] --START--
INFO: Run \Home\Behavior\CheckUserBehavior [ RunTime:0.003874s ]
INFO: [ action_begin ] --END-- [ RunTime:0.004344s ]
ERR: 1146:Table 'shop.goods_view_count' doesn't exist
 [ SQL语句 ] : SHOW COLUMNS FROM `goods_view_count`
ERR: 1146:Table 'shop.goods_view_count' doesn't exist
 [ SQL语句 ] : SHOW COLUMNS FROM `goods_view_count`

[ 2016-05-20T21:02:21+08:00 ] 127.0.0.1 /Member/checkLogin.html
ERR: 1064:You have an error in your SQL syntax; check the manual that corresponds to your MySQL server version for the right syntax to use near 'WHERE `id` = 21' at line 1
 [ SQL语句 ] : UPDATE `member` SET  WHERE `id` = 21

[ 2016-05-20T21:04:54+08:00 ] 127.0.0.1 /Member/getUserInfo.html
INFO: [ app_begin ] --START--
INFO: Run Behavior\ReadHtmlCacheBehavior [ RunTime:0.001232s ]
INFO: [ app_begin ] --END-- [ RunTime:0.002255s ]
INFO: [ action_begin ] --START--
INFO: Run \Home\Behavior\CheckUserBehavior [ RunTime:0.001401s ]
INFO: [ action_begin ] --END-- [ RunTime:0.001680s ]

[ 2016-05-20T21:05:13+08:00 ] 127.0.0.1 /Member/getUserInfo.html
INFO: [ app_begin ] --START--
INFO: Run Behavior\ReadHtmlCacheBehavior [ RunTime:0.000942s ]
INFO: [ app_begin ] --END-- [ RunTime:0.001754s ]
INFO: [ action_begin ] --START--
INFO: Run \Home\Behavior\CheckUserBehavior [ RunTime:0.001014s ]
INFO: [ action_begin ] --END-- [ RunTime:0.001227s ]

[ 2016-05-20T21:05:13+08:00 ] 127.0.0.1 /Goods/addViewCount.html?goods_id=36
INFO: [ app_begin ] --START--
INFO: Run Behavior\ReadHtmlCacheBehavior [ RunTime:0.001277s ]
INFO: [ app_begin ] --END-- [ RunTime:0.002310s ]
INFO: [ action_begin ] --START--
INFO: Run \Home\Behavior\CheckUserBehavior [ RunTime:0.001391s ]
INFO: [ action_begin ] --END-- [ RunTime:0.001674s ]
ERR: 1146:Table 'shop.goods_view_count' doesn't exist
 [ SQL语句 ] : SHOW COLUMNS FROM `goods_view_count`
ERR: 1146:Table 'shop.goods_view_count' doesn't exist
 [ SQL语句 ] : SHOW COLUMNS FROM `goods_view_count`

[ 2016-05-20T21:10:59+08:00 ] 127.0.0.1 /Member/getUserInfo.html
INFO: [ app_begin ] --START--
INFO: Run Behavior\ReadHtmlCacheBehavior [ RunTime:0.001049s ]
INFO: [ app_begin ] --END-- [ RunTime:0.002218s ]
INFO: [ action_begin ] --START--
INFO: Run \Home\Behavior\CheckUserBehavior [ RunTime:0.001026s ]
INFO: [ action_begin ] --END-- [ RunTime:0.001246s ]

[ 2016-05-20T21:10:59+08:00 ] 127.0.0.1 /Goods/addViewCount.html?goods_id=36
INFO: [ app_begin ] --START--
INFO: Run Behavior\ReadHtmlCacheBehavior [ RunTime:0.000958s ]
INFO: [ app_begin ] --END-- [ RunTime:0.001725s ]
INFO: [ action_begin ] --START--
INFO: Run \Home\Behavior\CheckUserBehavior [ RunTime:0.001272s ]
INFO: [ action_begin ] --END-- [ RunTime:0.001527s ]
ERR: 1146:Table 'shop.goods_view_count' doesn't exist
 [ SQL语句 ] : SHOW COLUMNS FROM `goods_view_count`
ERR: 1146:Table 'shop.goods_view_count' doesn't exist
 [ SQL语句 ] : SHOW COLUMNS FROM `goods_view_count`

[ 2016-05-20T21:11:01+08:00 ] 127.0.0.1 /Member/getUserInfo.html
INFO: [ app_begin ] --START--
INFO: Run Behavior\ReadHtmlCacheBehavior [ RunTime:0.000976s ]
INFO: [ app_begin ] --END-- [ RunTime:0.001753s ]
INFO: [ action_begin ] --START--
INFO: Run \Home\Behavior\CheckUserBehavior [ RunTime:0.001162s ]
INFO: [ action_begin ] --END-- [ RunTime:0.001410s ]

[ 2016-05-20T21:11:01+08:00 ] 127.0.0.1 /Goods/addViewCount.html?goods_id=36
INFO: [ app_begin ] --START--
INFO: Run Behavior\ReadHtmlCacheBehavior [ RunTime:0.001237s ]
INFO: [ app_begin ] --END-- [ RunTime:0.002215s ]
INFO: [ action_begin ] --START--
INFO: Run \Home\Behavior\CheckUserBehavior [ RunTime:0.002073s ]
INFO: [ action_begin ] --END-- [ RunTime:0.002462s ]
ERR: 1146:Table 'shop.goods_view_count' doesn't exist
 [ SQL语句 ] : SHOW COLUMNS FROM `goods_view_count`
ERR: 1146:Table 'shop.goods_view_count' doesn't exist
 [ SQL语句 ] : SHOW COLUMNS FROM `goods_view_count`

[ 2016-05-20T21:11:59+08:00 ] 127.0.0.1 /Member/getUserInfo.html
INFO: [ app_begin ] --START--
INFO: Run Behavior\ReadHtmlCacheBehavior [ RunTime:0.000963s ]
INFO: [ app_begin ] --END-- [ RunTime:0.001922s ]
INFO: [ action_begin ] --START--
INFO: Run \Home\Behavior\CheckUserBehavior [ RunTime:0.001018s ]
INFO: [ action_begin ] --END-- [ RunTime:0.001232s ]

[ 2016-05-20T21:11:59+08:00 ] 127.0.0.1 /Goods/addViewCount.html?goods_id=36
INFO: [ app_begin ] --START--
INFO: Run Behavior\ReadHtmlCacheBehavior [ RunTime:0.001216s ]
INFO: [ app_begin ] --END-- [ RunTime:0.002654s ]
INFO: [ action_begin ] --START--
INFO: Run \Home\Behavior\CheckUserBehavior [ RunTime:0.001416s ]
INFO: [ action_begin ] --END-- [ RunTime:0.001707s ]
ERR: 1146:Table 'shop.goods_view_count' doesn't exist
 [ SQL语句 ] : SHOW COLUMNS FROM `goods_view_count`
ERR: 1146:Table 'shop.goods_view_count' doesn't exist
 [ SQL语句 ] : SHOW COLUMNS FROM `goods_view_count`

[ 2016-05-20T21:14:10+08:00 ] 127.0.0.1 /Member/getUserInfo.html
INFO: [ app_begin ] --START--
INFO: Run Behavior\ReadHtmlCacheBehavior [ RunTime:0.001608s ]
INFO: [ app_begin ] --END-- [ RunTime:0.002743s ]
INFO: [ action_begin ] --START--
INFO: Run \Home\Behavior\CheckUserBehavior [ RunTime:0.002176s ]
INFO: [ action_begin ] --END-- [ RunTime:0.002618s ]

[ 2016-05-20T21:25:35+08:00 ] 127.0.0.1 /Member/getUserInfo.html
INFO: [ app_begin ] --START--
INFO: Run Behavior\ReadHtmlCacheBehavior [ RunTime:0.001359s ]
INFO: [ app_begin ] --END-- [ RunTime:0.002730s ]
INFO: [ action_begin ] --START--
INFO: Run \Home\Behavior\CheckUserBehavior [ RunTime:0.000995s ]
INFO: [ action_begin ] --END-- [ RunTime:0.001285s ]

[ 2016-05-20T21:25:38+08:00 ] 127.0.0.1 /Member/getUserInfo.html
INFO: [ app_begin ] --START--
INFO: Run Behavior\ReadHtmlCacheBehavior [ RunTime:0.001584s ]
INFO: [ app_begin ] --END-- [ RunTime:0.002770s ]
INFO: [ action_begin ] --START--
INFO: Run \Home\Behavior\CheckUserBehavior [ RunTime:0.002019s ]
INFO: [ action_begin ] --END-- [ RunTime:0.002392s ]

[ 2016-05-20T21:26:28+08:00 ] 127.0.0.1 /Member/getUserInfo.html
INFO: [ app_begin ] --START--
INFO: Run Behavior\ReadHtmlCacheBehavior [ RunTime:0.001890s ]
INFO: [ app_begin ] --END-- [ RunTime:0.003178s ]
INFO: [ action_begin ] --START--
INFO: Run \Home\Behavior\CheckUserBehavior [ RunTime:0.002717s ]
INFO: [ action_begin ] --END-- [ RunTime:0.003085s ]

[ 2016-05-20T21:27:00+08:00 ] 127.0.0.1 /Member/getUserInfo.html
INFO: [ app_begin ] --START--
INFO: Run Behavior\ReadHtmlCacheBehavior [ RunTime:0.002470s ]
INFO: [ app_begin ] --END-- [ RunTime:0.003911s ]
INFO: [ action_begin ] --START--
INFO: Run \Home\Behavior\CheckUserBehavior [ RunTime:0.004036s ]
INFO: [ action_begin ] --END-- [ RunTime:0.004440s ]

[ 2016-05-20T21:27:51+08:00 ] 127.0.0.1 /Member/getUserInfo.html
INFO: [ app_begin ] --START--
INFO: Run Behavior\ReadHtmlCacheBehavior [ RunTime:0.001527s ]
INFO: [ app_begin ] --END-- [ RunTime:0.002648s ]
INFO: [ action_begin ] --START--
INFO: Run \Home\Behavior\CheckUserBehavior [ RunTime:0.002600s ]
INFO: [ action_begin ] --END-- [ RunTime:0.002927s ]

[ 2016-05-20T21:28:29+08:00 ] 127.0.0.1 /Index/show/id/javascript
ERR: 1064:You have an error in your SQL syntax; check the manual that corresponds to your MySQL server version for the right syntax to use near '' at line 1
 [ SQL语句 ] : SELECT a.`name`,a.id FROM goods_category AS a,goods_category AS b WHERE a.`lft`<=b.`lft` AND a.`rgt`>=b.`rgt` AND b.`id`=

[ 2016-05-20T21:29:04+08:00 ] 127.0.0.1 /Member/getUserInfo.html
INFO: [ app_begin ] --START--
INFO: Run Behavior\ReadHtmlCacheBehavior [ RunTime:0.002299s ]
INFO: [ app_begin ] --END-- [ RunTime:0.003713s ]
INFO: [ action_begin ] --START--
INFO: Run \Home\Behavior\CheckUserBehavior [ RunTime:0.002743s ]
INFO: [ action_begin ] --END-- [ RunTime:0.003197s ]

[ 2016-05-20T21:29:06+08:00 ] 127.0.0.1 /Member/getUserInfo.html
INFO: [ app_begin ] --START--
INFO: Run Behavior\ReadHtmlCacheBehavior [ RunTime:0.001623s ]
INFO: [ app_begin ] --END-- [ RunTime:0.002893s ]
INFO: [ action_begin ] --START--
INFO: Run \Home\Behavior\CheckUserBehavior [ RunTime:0.001826s ]
INFO: [ action_begin ] --END-- [ RunTime:0.002146s ]

[ 2016-05-20T21:33:36+08:00 ] 127.0.0.1 /Member/getUserInfo.html
INFO: [ app_begin ] --START--
INFO: Run Behavior\ReadHtmlCacheBehavior [ RunTime:0.000934s ]
INFO: [ app_begin ] --END-- [ RunTime:0.001671s ]
INFO: [ action_begin ] --START--
INFO: Run \Home\Behavior\CheckUserBehavior [ RunTime:0.001044s ]
INFO: [ action_begin ] --END-- [ RunTime:0.001323s ]

[ 2016-05-20T21:33:40+08:00 ] 127.0.0.1 /Shopping/add.html
INFO: [ app_begin ] --START--
INFO: Run Behavior\ReadHtmlCacheBehavior [ RunTime:0.001080s ]
INFO: [ app_begin ] --END-- [ RunTime:0.001959s ]
ERR: 无法加载控制器:Shopping

[ 2016-05-20T21:34:08+08:00 ] 127.0.0.1 /Member/getUserInfo.html
INFO: [ app_begin ] --START--
INFO: Run Behavior\ReadHtmlCacheBehavior [ RunTime:0.001250s ]
INFO: [ app_begin ] --END-- [ RunTime:0.002589s ]
INFO: [ action_begin ] --START--
INFO: Run \Home\Behavior\CheckUserBehavior [ RunTime:0.001153s ]
INFO: [ action_begin ] --END-- [ RunTime:0.001443s ]

[ 2016-05-20T21:34:13+08:00 ] 127.0.0.1 /ShoppingCar/add.html
INFO: [ app_begin ] --START--
INFO: Run Behavior\ReadHtmlCacheBehavior [ RunTime:0.000929s ]
INFO: [ app_begin ] --END-- [ RunTime:0.001708s ]
INFO: [ action_begin ] --START--
INFO: Run \Home\Behavior\CheckUserBehavior [ RunTime:0.001582s ]
INFO: [ action_begin ] --END-- [ RunTime:0.001992s ]

[ 2016-05-20T21:36:48+08:00 ] 127.0.0.1 /Member/getUserInfo.html
INFO: [ app_begin ] --START--
INFO: Run Behavior\ReadHtmlCacheBehavior [ RunTime:0.001772s ]
INFO: [ app_begin ] --END-- [ RunTime:0.003168s ]
INFO: [ action_begin ] --START--
INFO: Run \Home\Behavior\CheckUserBehavior [ RunTime:0.003042s ]
INFO: [ action_begin ] --END-- [ RunTime:0.003618s ]

[ 2016-05-20T21:36:53+08:00 ] 127.0.0.1 /ShoppingCar/add.html
INFO: [ app_begin ] --START--
INFO: Run Behavior\ReadHtmlCacheBehavior [ RunTime:0.001864s ]
INFO: [ app_begin ] --END-- [ RunTime:0.003077s ]
INFO: [ action_begin ] --START--
INFO: Run \Home\Behavior\CheckUserBehavior [ RunTime:0.003111s ]
INFO: [ action_begin ] --END-- [ RunTime:0.003494s ]
NOTIC: [2048] Declaration of Home\Model\ShoppingCarModel::add() should be compatible with that of Think\Model::add() D:\wamp\WAMP\www\shop\www.shop.com\Application\Home\Model\ShoppingCarModel.class.php 第 15 行.
SQL: SHOW COLUMNS FROM `shopping_car` [ RunTime:0.0390s ]
SQL: SELECT COUNT(*) AS tp_count FROM `shopping_car` WHERE `member_id` = 21 AND `goods_id` = 36 LIMIT 1   [ RunTime:0.0208s ]
SQL: INSERT INTO `shopping_car` (`num`,`goods_id`,`member_id`) VALUES ('1','36','21') [ RunTime:0.0042s ]
INFO: [ app_end ] --START--
INFO: Run Behavior\ShowPageTraceBehavior [ RunTime:0.002330s ]
INFO: [ app_end ] --END-- [ RunTime:0.002624s ]

[ 2016-05-20T21:39:19+08:00 ] 127.0.0.1 /Member/getUserInfo.html
INFO: [ app_begin ] --START--
INFO: Run Behavior\ReadHtmlCacheBehavior [ RunTime:0.001792s ]
INFO: [ app_begin ] --END-- [ RunTime:0.002981s ]
INFO: [ action_begin ] --START--
INFO: Run \Home\Behavior\CheckUserBehavior [ RunTime:0.002090s ]
INFO: [ action_begin ] --END-- [ RunTime:0.002341s ]

[ 2016-05-20T21:39:21+08:00 ] 127.0.0.1 /ShoppingCar/add.html
INFO: [ app_begin ] --START--
INFO: Run Behavior\ReadHtmlCacheBehavior [ RunTime:0.001343s ]
INFO: [ app_begin ] --END-- [ RunTime:0.002184s ]
INFO: [ action_begin ] --START--
INFO: Run \Home\Behavior\CheckUserBehavior [ RunTime:0.001859s ]
INFO: [ action_begin ] --END-- [ RunTime:0.002076s ]
NOTIC: [2048] Declaration of Home\Model\ShoppingCarModel::add() should be compatible with that of Think\Model::add() D:\wamp\WAMP\www\shop\www.shop.com\Application\Home\Model\ShoppingCarModel.class.php 第 15 行.
SQL: SHOW COLUMNS FROM `shopping_car` [ RunTime:0.0040s ]
SQL: SELECT COUNT(*) AS tp_count FROM `shopping_car` WHERE `member_id` = 21 AND `goods_id` = 36 LIMIT 1   [ RunTime:0.0005s ]
SQL: INSERT INTO `shopping_car` (`num`,`goods_id`,`member_id`) VALUES ('1','36','21') [ RunTime:0.0005s ]
INFO: [ app_end ] --START--
INFO: Run Behavior\ShowPageTraceBehavior [ RunTime:0.001692s ]
INFO: [ app_end ] --END-- [ RunTime:0.001955s ]

[ 2016-05-20T21:40:46+08:00 ] 127.0.0.1 /ShoppingCar/add.html
INFO: [ app_begin ] --START--
INFO: Run Behavior\ReadHtmlCacheBehavior [ RunTime:0.001620s ]
INFO: [ app_begin ] --END-- [ RunTime:0.002754s ]
INFO: [ action_begin ] --START--
INFO: Run \Home\Behavior\CheckUserBehavior [ RunTime:0.001706s ]
INFO: [ action_begin ] --END-- [ RunTime:0.002029s ]
NOTIC: [2048] Declaration of Home\Model\ShoppingCarModel::add() should be compatible with that of Think\Model::add() D:\wamp\WAMP\www\shop\www.shop.com\Application\Home\Model\ShoppingCarModel.class.php 第 15 行.
SQL: SHOW COLUMNS FROM `shopping_car` [ RunTime:0.0057s ]
SQL: SELECT COUNT(*) AS tp_count FROM `shopping_car` WHERE `member_id` = 21 AND `goods_id` = 36 LIMIT 1   [ RunTime:0.0005s ]
SQL: UPDATE `shopping_car` SET `num`=num+1 WHERE `member_id` = 21 AND `goods_id` = 36 [ RunTime:0.0795s ]
INFO: [ app_end ] --START--
INFO: Run Behavior\ShowPageTraceBehavior [ RunTime:0.002168s ]
INFO: [ app_end ] --END-- [ RunTime:0.002549s ]

[ 2016-05-20T21:41:17+08:00 ] 127.0.0.1 /ShoppingCar/add.html
INFO: [ app_begin ] --START--
INFO: Run Behavior\ReadHtmlCacheBehavior [ RunTime:0.001464s ]
INFO: [ app_begin ] --END-- [ RunTime:0.002733s ]
INFO: [ action_begin ] --START--
INFO: Run \Home\Behavior\CheckUserBehavior [ RunTime:0.000837s ]
INFO: [ action_begin ] --END-- [ RunTime:0.001052s ]
NOTIC: [2048] Declaration of Home\Model\ShoppingCarModel::add() should be compatible with that of Think\Model::add() D:\wamp\WAMP\www\shop\www.shop.com\Application\Home\Model\ShoppingCarModel.class.php 第 15 行.
SQL: SHOW COLUMNS FROM `shopping_car` [ RunTime:0.0039s ]
SQL: SELECT COUNT(*) AS tp_count FROM `shopping_car` WHERE `member_id` = 21 AND `goods_id` = 36 LIMIT 1   [ RunTime:0.0005s ]
SQL: UPDATE `shopping_car` SET `num`=num+1 WHERE `member_id` = 21 AND `goods_id` = 36 [ RunTime:0.0005s ]
INFO: [ app_end ] --START--
INFO: Run Behavior\ShowPageTraceBehavior [ RunTime:0.001112s ]
INFO: [ app_end ] --END-- [ RunTime:0.001321s ]

[ 2016-05-20T21:41:24+08:00 ] 127.0.0.1 /Member/getUserInfo.html
INFO: [ app_begin ] --START--
INFO: Run Behavior\ReadHtmlCacheBehavior [ RunTime:0.002065s ]
INFO: [ app_begin ] --END-- [ RunTime:0.003766s ]
INFO: [ action_begin ] --START--
INFO: Run \Home\Behavior\CheckUserBehavior [ RunTime:0.001335s ]
INFO: [ action_begin ] --END-- [ RunTime:0.001583s ]

[ 2016-05-20T21:41:27+08:00 ] 127.0.0.1 /ShoppingCar/add.html
INFO: [ app_begin ] --START--
INFO: Run Behavior\ReadHtmlCacheBehavior [ RunTime:0.001235s ]
INFO: [ app_begin ] --END-- [ RunTime:0.002215s ]
INFO: [ action_begin ] --START--
INFO: Run \Home\Behavior\CheckUserBehavior [ RunTime:0.001393s ]
INFO: [ action_begin ] --END-- [ RunTime:0.001680s ]
NOTIC: [2048] Declaration of Home\Model\ShoppingCarModel::add() should be compatible with that of Think\Model::add() D:\wamp\WAMP\www\shop\www.shop.com\Application\Home\Model\ShoppingCarModel.class.php 第 15 行.
SQL: SHOW COLUMNS FROM `shopping_car` [ RunTime:0.0053s ]
SQL: SELECT COUNT(*) AS tp_count FROM `shopping_car` WHERE `member_id` = 21 AND `goods_id` = 36 LIMIT 1   [ RunTime:0.0006s ]
SQL: UPDATE `shopping_car` SET `num`=num+1 WHERE `member_id` = 21 AND `goods_id` = 36 [ RunTime:0.0007s ]
INFO: [ app_end ] --START--
INFO: Run Behavior\ShowPageTraceBehavior [ RunTime:0.001876s ]
INFO: [ app_end ] --END-- [ RunTime:0.002296s ]

[ 2016-05-20T21:42:13+08:00 ] 127.0.0.1 /Member/getUserInfo.html
INFO: [ app_begin ] --START--
INFO: Run Behavior\ReadHtmlCacheBehavior [ RunTime:0.002732s ]
INFO: [ app_begin ] --END-- [ RunTime:0.004284s ]
INFO: [ action_begin ] --START--
INFO: Run \Home\Behavior\CheckUserBehavior [ RunTime:0.001877s ]
INFO: [ action_begin ] --END-- [ RunTime:0.002251s ]

[ 2016-05-20T21:42:14+08:00 ] 127.0.0.1 /ShoppingCar/add.html
INFO: [ app_begin ] --START--
INFO: Run Behavior\ReadHtmlCacheBehavior [ RunTime:0.001168s ]
INFO: [ app_begin ] --END-- [ RunTime:0.002194s ]
INFO: [ action_begin ] --START--
INFO: Run \Home\Behavior\CheckUserBehavior [ RunTime:0.000853s ]
INFO: [ action_begin ] --END-- [ RunTime:0.001069s ]
NOTIC: [2048] Declaration of Home\Model\ShoppingCarModel::add() should be compatible with that of Think\Model::add() D:\wamp\WAMP\www\shop\www.shop.com\Application\Home\Model\ShoppingCarModel.class.php 第 15 行.
SQL: SHOW COLUMNS FROM `shopping_car` [ RunTime:0.0046s ]
SQL: SELECT COUNT(*) AS tp_count FROM `shopping_car` WHERE `member_id` = 21 AND `goods_id` = 36 LIMIT 1   [ RunTime:0.0006s ]
SQL: UPDATE `shopping_car` SET `num`=num+1 WHERE `member_id` = 21 AND `goods_id` = 36 [ RunTime:0.0006s ]

[ 2016-05-20T21:43:13+08:00 ] 127.0.0.1 /Member/getUserInfo.html
INFO: [ app_begin ] --START--
INFO: Run Behavior\ReadHtmlCacheBehavior [ RunTime:0.001753s ]
INFO: [ app_begin ] --END-- [ RunTime:0.002912s ]
INFO: [ action_begin ] --START--
INFO: Run \Home\Behavior\CheckUserBehavior [ RunTime:0.001708s ]
INFO: [ action_begin ] --END-- [ RunTime:0.002022s ]

[ 2016-05-20T21:43:14+08:00 ] 127.0.0.1 /ShoppingCar/add.html
INFO: [ app_begin ] --START--
INFO: Run Behavior\ReadHtmlCacheBehavior [ RunTime:0.001698s ]
INFO: [ app_begin ] --END-- [ RunTime:0.002728s ]
INFO: [ action_begin ] --START--
INFO: Run \Home\Behavior\CheckUserBehavior [ RunTime:0.001179s ]
INFO: [ action_begin ] --END-- [ RunTime:0.001460s ]
NOTIC: [2048] Declaration of Home\Model\ShoppingCarModel::add() should be compatible with that of Think\Model::add() D:\wamp\WAMP\www\shop\www.shop.com\Application\Home\Model\ShoppingCarModel.class.php 第 15 行.
SQL: SHOW COLUMNS FROM `shopping_car` [ RunTime:0.0061s ]
SQL: SELECT COUNT(*) AS tp_count FROM `shopping_car` WHERE `member_id` = 21 AND `goods_id` = 36 LIMIT 1   [ RunTime:0.0004s ]
SQL: UPDATE `shopping_car` SET `num`=num+1 WHERE `member_id` = 21 AND `goods_id` = 36 [ RunTime:0.0003s ]

[ 2016-05-20T21:43:24+08:00 ] 127.0.0.1 /Member/getUserInfo.html
INFO: [ app_begin ] --START--
INFO: Run Behavior\ReadHtmlCacheBehavior [ RunTime:0.001515s ]
INFO: [ app_begin ] --END-- [ RunTime:0.002560s ]
INFO: [ action_begin ] --START--
INFO: Run \Home\Behavior\CheckUserBehavior [ RunTime:0.000855s ]
INFO: [ action_begin ] --END-- [ RunTime:0.001113s ]

[ 2016-05-20T21:43:26+08:00 ] 127.0.0.1 /ShoppingCar/add.html
INFO: [ app_begin ] --START--
INFO: Run Behavior\ReadHtmlCacheBehavior [ RunTime:0.001288s ]
INFO: [ app_begin ] --END-- [ RunTime:0.002298s ]
INFO: [ action_begin ] --START--
INFO: Run \Home\Behavior\CheckUserBehavior [ RunTime:0.001141s ]
INFO: [ action_begin ] --END-- [ RunTime:0.001431s ]
NOTIC: [2048] Declaration of Home\Model\ShoppingCarModel::add() should be compatible with that of Think\Model::add() D:\wamp\WAMP\www\shop\www.shop.com\Application\Home\Model\ShoppingCarModel.class.php 第 15 行.
SQL: SHOW COLUMNS FROM `shopping_car` [ RunTime:0.0043s ]
SQL: SELECT COUNT(*) AS tp_count FROM `shopping_car` WHERE `member_id` = 21 AND `goods_id` = 36 LIMIT 1   [ RunTime:0.0005s ]
SQL: UPDATE `shopping_car` SET `num`=num+1 WHERE `member_id` = 21 AND `goods_id` = 36 [ RunTime:0.0006s ]

[ 2016-05-20T21:44:00+08:00 ] 127.0.0.1 /Member/getUserInfo.html
INFO: [ app_begin ] --START--
INFO: Run Behavior\ReadHtmlCacheBehavior [ RunTime:0.001276s ]
INFO: [ app_begin ] --END-- [ RunTime:0.002479s ]
INFO: [ action_begin ] --START--
INFO: Run \Home\Behavior\CheckUserBehavior [ RunTime:0.002908s ]
INFO: [ action_begin ] --END-- [ RunTime:0.003218s ]

[ 2016-05-20T21:44:02+08:00 ] 127.0.0.1 /ShoppingCar/add.html
INFO: [ app_begin ] --START--
INFO: Run Behavior\ReadHtmlCacheBehavior [ RunTime:0.001629s ]
INFO: [ app_begin ] --END-- [ RunTime:0.002624s ]
INFO: [ action_begin ] --START--
INFO: Run \Home\Behavior\CheckUserBehavior [ RunTime:0.002377s ]
INFO: [ action_begin ] --END-- [ RunTime:0.002676s ]
NOTIC: [2048] Declaration of Home\Model\ShoppingCarModel::add() should be compatible with that of Think\Model::add() D:\wamp\WAMP\www\shop\www.shop.com\Application\Home\Model\ShoppingCarModel.class.php 第 15 行.
SQL: SHOW COLUMNS FROM `shopping_car` [ RunTime:0.0045s ]
SQL: SELECT COUNT(*) AS tp_count FROM `shopping_car` WHERE `member_id` = 21 AND `goods_id` = 36 LIMIT 1   [ RunTime:0.0006s ]
SQL: UPDATE `shopping_car` SET `num`=num+1 WHERE `member_id` = 21 AND `goods_id` = 36 [ RunTime:0.0008s ]

[ 2016-05-20T21:47:12+08:00 ] 127.0.0.1 /Member/getUserInfo.html
INFO: [ app_begin ] --START--
INFO: Run Behavior\ReadHtmlCacheBehavior [ RunTime:0.001442s ]
INFO: [ app_begin ] --END-- [ RunTime:0.002498s ]
INFO: [ action_begin ] --START--
INFO: Run \Home\Behavior\CheckUserBehavior [ RunTime:0.002371s ]
INFO: [ action_begin ] --END-- [ RunTime:0.002682s ]

[ 2016-05-20T21:47:19+08:00 ] 127.0.0.1 /ShoppingCar/add.html
INFO: [ app_begin ] --START--
INFO: Run Behavior\ReadHtmlCacheBehavior [ RunTime:0.001690s ]
INFO: [ app_begin ] --END-- [ RunTime:0.002880s ]
INFO: [ action_begin ] --START--
INFO: Run \Home\Behavior\CheckUserBehavior [ RunTime:0.002835s ]
INFO: [ action_begin ] --END-- [ RunTime:0.003146s ]
NOTIC: [2048] Declaration of Home\Model\ShoppingCarModel::add() should be compatible with that of Think\Model::add() D:\wamp\WAMP\www\shop\www.shop.com\Application\Home\Model\ShoppingCarModel.class.php 第 15 行.
SQL: SHOW COLUMNS FROM `shopping_car` [ RunTime:0.0059s ]
SQL: SELECT COUNT(*) AS tp_count FROM `shopping_car` WHERE `member_id` = 21 AND `goods_id` = 36 LIMIT 1   [ RunTime:0.0007s ]
SQL: UPDATE `shopping_car` SET `num`=num+1 WHERE `member_id` = 21 AND `goods_id` = 36 [ RunTime:0.0009s ]

[ 2016-05-20T21:50:18+08:00 ] 127.0.0.1 /Member/getUserInfo.html
INFO: [ app_begin ] --START--
INFO: Run Behavior\ReadHtmlCacheBehavior [ RunTime:0.002135s ]
INFO: [ app_begin ] --END-- [ RunTime:0.007294s ]
INFO: [ action_begin ] --START--
INFO: Run \Home\Behavior\CheckUserBehavior [ RunTime:0.002426s ]
INFO: [ action_begin ] --END-- [ RunTime:0.002841s ]

[ 2016-05-20T21:50:21+08:00 ] 127.0.0.1 /ShoppingCar/add.html
INFO: [ app_begin ] --START--
INFO: Run Behavior\ReadHtmlCacheBehavior [ RunTime:0.001454s ]
INFO: [ app_begin ] --END-- [ RunTime:0.002507s ]
INFO: [ action_begin ] --START--
INFO: Run \Home\Behavior\CheckUserBehavior [ RunTime:0.001157s ]
INFO: [ action_begin ] --END-- [ RunTime:0.001437s ]
NOTIC: [2048] Declaration of Home\Model\ShoppingCarModel::add() should be compatible with that of Think\Model::add() D:\wamp\WAMP\www\shop\www.shop.com\Application\Home\Model\ShoppingCarModel.class.php 第 15 行.
SQL: SHOW COLUMNS FROM `shopping_car` [ RunTime:0.0051s ]
SQL: SELECT COUNT(*) AS tp_count FROM `shopping_car` WHERE `member_id` = 21 AND `goods_id` = 36 LIMIT 1   [ RunTime:0.0006s ]
SQL: UPDATE `shopping_car` SET `num`=num+1 WHERE `member_id` = 21 AND `goods_id` = 36 [ RunTime:0.0006s ]

[ 2016-05-20T21:55:21+08:00 ] 127.0.0.1 /Member/getUserInfo.html
INFO: [ app_begin ] --START--
INFO: Run Behavior\ReadHtmlCacheBehavior [ RunTime:0.001194s ]
INFO: [ app_begin ] --END-- [ RunTime:0.002208s ]
INFO: [ action_begin ] --START--
INFO: Run \Home\Behavior\CheckUserBehavior [ RunTime:0.001650s ]
INFO: [ action_begin ] --END-- [ RunTime:0.001981s ]

[ 2016-05-20T21:55:24+08:00 ] 127.0.0.1 /ShoppingCar/add.html
INFO: [ app_begin ] --START--
INFO: Run Behavior\ReadHtmlCacheBehavior [ RunTime:0.001254s ]
INFO: [ app_begin ] --END-- [ RunTime:0.002487s ]
INFO: [ action_begin ] --START--
INFO: Run \Home\Behavior\CheckUserBehavior [ RunTime:0.001156s ]
INFO: [ action_begin ] --END-- [ RunTime:0.001479s ]
NOTIC: [2048] Declaration of Home\Model\ShoppingCarModel::add() should be compatible with that of Think\Model::add() D:\wamp\WAMP\www\shop\www.shop.com\Application\Home\Model\ShoppingCarModel.class.php 第 15 行.
SQL: SHOW COLUMNS FROM `shopping_car` [ RunTime:0.0040s ]
SQL: SELECT COUNT(*) AS tp_count FROM `shopping_car` WHERE `member_id` = 21 AND `goods_id` = 36 LIMIT 1   [ RunTime:0.0006s ]
SQL: UPDATE `shopping_car` SET `num`=num+1 WHERE `member_id` = 21 AND `goods_id` = 36 [ RunTime:0.0004s ]

[ 2016-05-20T21:55:32+08:00 ] 127.0.0.1 /ShoppingCar/add.html
INFO: [ app_begin ] --START--
INFO: Run Behavior\ReadHtmlCacheBehavior [ RunTime:0.000938s ]
INFO: [ app_begin ] --END-- [ RunTime:0.001656s ]
INFO: [ action_begin ] --START--
INFO: Run \Home\Behavior\CheckUserBehavior [ RunTime:0.000826s ]
INFO: [ action_begin ] --END-- [ RunTime:0.001050s ]
NOTIC: [2048] Declaration of Home\Model\ShoppingCarModel::add() should be compatible with that of Think\Model::add() D:\wamp\WAMP\www\shop\www.shop.com\Application\Home\Model\ShoppingCarModel.class.php 第 15 行.
SQL: SHOW COLUMNS FROM `shopping_car` [ RunTime:0.0046s ]
SQL: SELECT COUNT(*) AS tp_count FROM `shopping_car` WHERE `member_id` = 21 AND `goods_id` = 36 LIMIT 1   [ RunTime:0.0006s ]
SQL: UPDATE `shopping_car` SET `num`=num+1 WHERE `member_id` = 21 AND `goods_id` = 36 [ RunTime:0.0007s ]

[ 2016-05-20T21:58:16+08:00 ] 127.0.0.1 /Member/getUserInfo.html
INFO: [ app_begin ] --START--
INFO: Run Behavior\ReadHtmlCacheBehavior [ RunTime:0.001422s ]
INFO: [ app_begin ] --END-- [ RunTime:0.003383s ]
INFO: [ action_begin ] --START--
INFO: Run \Home\Behavior\CheckUserBehavior [ RunTime:0.001244s ]
INFO: [ action_begin ] --END-- [ RunTime:0.001556s ]

[ 2016-05-20T21:58:42+08:00 ] 127.0.0.1 /Member/getUserInfo.html
INFO: [ app_begin ] --START--
INFO: Run Behavior\ReadHtmlCacheBehavior [ RunTime:0.005517s ]
INFO: [ app_begin ] --END-- [ RunTime:0.007288s ]
INFO: [ action_begin ] --START--
INFO: Run \Home\Behavior\CheckUserBehavior [ RunTime:0.002044s ]
INFO: [ action_begin ] --END-- [ RunTime:0.002419s ]

[ 2016-05-20T22:04:54+08:00 ] 127.0.0.1 /Member/getUserInfo.html
INFO: [ app_begin ] --START--
INFO: Run Behavior\ReadHtmlCacheBehavior [ RunTime:0.001941s ]
INFO: [ app_begin ] --END-- [ RunTime:0.003311s ]
INFO: [ action_begin ] --START--
INFO: Run \Home\Behavior\CheckUserBehavior [ RunTime:0.004534s ]
INFO: [ action_begin ] --END-- [ RunTime:0.004977s ]

[ 2016-05-20T22:04:58+08:00 ] 127.0.0.1 /ShoppingCar/add.html
INFO: [ app_begin ] --START--
INFO: Run Behavior\ReadHtmlCacheBehavior [ RunTime:0.001942s ]
INFO: [ app_begin ] --END-- [ RunTime:0.003326s ]

[ 2016-05-20T22:05:35+08:00 ] 127.0.0.1 /Member/getUserInfo.html
INFO: [ app_begin ] --START--
INFO: Run Behavior\ReadHtmlCacheBehavior [ RunTime:0.001606s ]
INFO: [ app_begin ] --END-- [ RunTime:0.002768s ]
INFO: [ action_begin ] --START--
INFO: Run \Home\Behavior\CheckUserBehavior [ RunTime:0.002083s ]
INFO: [ action_begin ] --END-- [ RunTime:0.002440s ]

[ 2016-05-20T22:05:38+08:00 ] 127.0.0.1 /ShoppingCar/add.html
INFO: [ app_begin ] --START--
INFO: Run Behavior\ReadHtmlCacheBehavior [ RunTime:0.001605s ]
INFO: [ app_begin ] --END-- [ RunTime:0.002747s ]

[ 2016-05-20T22:06:37+08:00 ] 127.0.0.1 /Member/getUserInfo.html
INFO: [ app_begin ] --START--
INFO: Run Behavior\ReadHtmlCacheBehavior [ RunTime:0.001230s ]
INFO: [ app_begin ] --END-- [ RunTime:0.002276s ]
INFO: [ action_begin ] --START--
INFO: Run \Home\Behavior\CheckUserBehavior [ RunTime:0.001634s ]
INFO: [ action_begin ] --END-- [ RunTime:0.001944s ]

[ 2016-05-20T22:06:41+08:00 ] 127.0.0.1 /ShoppingCar/add.html
INFO: [ app_begin ] --START--
INFO: Run Behavior\ReadHtmlCacheBehavior [ RunTime:0.000934s ]
INFO: [ app_begin ] --END-- [ RunTime:0.001733s ]
INFO: [ action_begin ] --START--
INFO: Run \Home\Behavior\CheckUserBehavior [ RunTime:0.001092s ]
INFO: [ action_begin ] --END-- [ RunTime:0.001324s ]
NOTIC: [2048] Declaration of Home\Model\ShoppingCarModel::add() should be compatible with that of Think\Model::add() D:\wamp\WAMP\www\shop\www.shop.com\Application\Home\Model\ShoppingCarModel.class.php 第 15 行.
SQL: SHOW COLUMNS FROM `shopping_car` [ RunTime:0.0041s ]
SQL: SELECT COUNT(*) AS tp_count FROM `shopping_car` WHERE `member_id` = 21 AND `goods_id` = 36 LIMIT 1   [ RunTime:0.0007s ]
SQL: UPDATE `shopping_car` SET `num`=num+1 WHERE `member_id` = 21 AND `goods_id` = 36 [ RunTime:0.0008s ]

[ 2016-05-20T22:06:41+08:00 ] 127.0.0.1 /ShoppingCar/getCartNum.html
INFO: [ app_begin ] --START--
INFO: Run Behavior\ReadHtmlCacheBehavior [ RunTime:0.000908s ]
INFO: [ app_begin ] --END-- [ RunTime:0.001638s ]
INFO: [ action_begin ] --START--
INFO: Run \Home\Behavior\CheckUserBehavior [ RunTime:0.001323s ]
INFO: [ action_begin ] --END-- [ RunTime:0.001603s ]
NOTIC: [2048] Declaration of Home\Model\ShoppingCarModel::add() should be compatible with that of Think\Model::add() D:\wamp\WAMP\www\shop\www.shop.com\Application\Home\Model\ShoppingCarModel.class.php 第 15 行.
SQL: SHOW COLUMNS FROM `shopping_car` [ RunTime:0.0047s ]
SQL: SELECT COUNT(*) AS tp_count FROM `shopping_car` WHERE `member_id` = 21 AND `goods_id` = 36 LIMIT 1   [ RunTime:0.0005s ]

[ 2016-05-20T22:07:11+08:00 ] 127.0.0.1 /Member/getUserInfo.html
INFO: [ app_begin ] --START--
INFO: Run Behavior\ReadHtmlCacheBehavior [ RunTime:0.002184s ]
INFO: [ app_begin ] --END-- [ RunTime:0.003836s ]
INFO: [ action_begin ] --START--
INFO: Run \Home\Behavior\CheckUserBehavior [ RunTime:0.002912s ]
INFO: [ action_begin ] --END-- [ RunTime:0.003228s ]

[ 2016-05-20T22:07:12+08:00 ] 127.0.0.1 /ShoppingCar/add.html
INFO: [ app_begin ] --START--
INFO: Run Behavior\ReadHtmlCacheBehavior [ RunTime:0.001406s ]
INFO: [ app_begin ] --END-- [ RunTime:0.002416s ]
INFO: [ action_begin ] --START--
INFO: Run \Home\Behavior\CheckUserBehavior [ RunTime:0.001969s ]
INFO: [ action_begin ] --END-- [ RunTime:0.002201s ]
NOTIC: [2048] Declaration of Home\Model\ShoppingCarModel::add() should be compatible with that of Think\Model::add() D:\wamp\WAMP\www\shop\www.shop.com\Application\Home\Model\ShoppingCarModel.class.php 第 15 行.
SQL: SHOW COLUMNS FROM `shopping_car` [ RunTime:0.0043s ]
SQL: SELECT COUNT(*) AS tp_count FROM `shopping_car` WHERE `member_id` = 21 AND `goods_id` = 36 LIMIT 1   [ RunTime:0.0007s ]
SQL: UPDATE `shopping_car` SET `num`=num+1 WHERE `member_id` = 21 AND `goods_id` = 36 [ RunTime:0.0006s ]

[ 2016-05-20T22:07:12+08:00 ] 127.0.0.1 /ShoppingCar/getCartNum.html
INFO: [ app_begin ] --START--
INFO: Run Behavior\ReadHtmlCacheBehavior [ RunTime:0.001249s ]
INFO: [ app_begin ] --END-- [ RunTime:0.002119s ]
INFO: [ action_begin ] --START--
INFO: Run \Home\Behavior\CheckUserBehavior [ RunTime:0.002060s ]
INFO: [ action_begin ] --END-- [ RunTime:0.002308s ]
NOTIC: [2048] Declaration of Home\Model\ShoppingCarModel::add() should be compatible with that of Think\Model::add() D:\wamp\WAMP\www\shop\www.shop.com\Application\Home\Model\ShoppingCarModel.class.php 第 15 行.
SQL: SHOW COLUMNS FROM `shopping_car` [ RunTime:0.0040s ]
SQL: SELECT `num` FROM `shopping_car` WHERE `member_id` = 21 AND `goods_id` = 36 LIMIT 1   [ RunTime:0.0006s ]

[ 2016-05-20T22:07:18+08:00 ] 127.0.0.1 /ShoppingCar/add.html
INFO: [ app_begin ] --START--
INFO: Run Behavior\ReadHtmlCacheBehavior [ RunTime:0.001549s ]
INFO: [ app_begin ] --END-- [ RunTime:0.002553s ]
INFO: [ action_begin ] --START--
INFO: Run \Home\Behavior\CheckUserBehavior [ RunTime:0.001984s ]
INFO: [ action_begin ] --END-- [ RunTime:0.002208s ]
NOTIC: [2048] Declaration of Home\Model\ShoppingCarModel::add() should be compatible with that of Think\Model::add() D:\wamp\WAMP\www\shop\www.shop.com\Application\Home\Model\ShoppingCarModel.class.php 第 15 行.
SQL: SHOW COLUMNS FROM `shopping_car` [ RunTime:0.0042s ]
SQL: SELECT COUNT(*) AS tp_count FROM `shopping_car` WHERE `member_id` = 21 AND `goods_id` = 36 LIMIT 1   [ RunTime:0.0004s ]
SQL: UPDATE `shopping_car` SET `num`=num+1 WHERE `member_id` = 21 AND `goods_id` = 36 [ RunTime:0.0007s ]

[ 2016-05-20T22:07:18+08:00 ] 127.0.0.1 /ShoppingCar/getCartNum.html
INFO: [ app_begin ] --START--
INFO: Run Behavior\ReadHtmlCacheBehavior [ RunTime:0.001518s ]
INFO: [ app_begin ] --END-- [ RunTime:0.002632s ]
INFO: [ action_begin ] --START--
INFO: Run \Home\Behavior\CheckUserBehavior [ RunTime:0.002985s ]
INFO: [ action_begin ] --END-- [ RunTime:0.003382s ]
NOTIC: [2048] Declaration of Home\Model\ShoppingCarModel::add() should be compatible with that of Think\Model::add() D:\wamp\WAMP\www\shop\www.shop.com\Application\Home\Model\ShoppingCarModel.class.php 第 15 行.
SQL: SHOW COLUMNS FROM `shopping_car` [ RunTime:0.0041s ]
SQL: SELECT `num` FROM `shopping_car` WHERE `member_id` = 21 AND `goods_id` = 36 LIMIT 1   [ RunTime:0.0004s ]

[ 2016-05-20T22:07:19+08:00 ] 127.0.0.1 /ShoppingCar/add.html
INFO: [ app_begin ] --START--
INFO: Run Behavior\ReadHtmlCacheBehavior [ RunTime:0.001395s ]
INFO: [ app_begin ] --END-- [ RunTime:0.002428s ]
INFO: [ action_begin ] --START--
INFO: Run \Home\Behavior\CheckUserBehavior [ RunTime:0.002237s ]
INFO: [ action_begin ] --END-- [ RunTime:0.002509s ]
NOTIC: [2048] Declaration of Home\Model\ShoppingCarModel::add() should be compatible with that of Think\Model::add() D:\wamp\WAMP\www\shop\www.shop.com\Application\Home\Model\ShoppingCarModel.class.php 第 15 行.
SQL: SHOW COLUMNS FROM `shopping_car` [ RunTime:0.0049s ]
SQL: SELECT COUNT(*) AS tp_count FROM `shopping_car` WHERE `member_id` = 21 AND `goods_id` = 36 LIMIT 1   [ RunTime:0.0008s ]
SQL: UPDATE `shopping_car` SET `num`=num+1 WHERE `member_id` = 21 AND `goods_id` = 36 [ RunTime:0.0006s ]

[ 2016-05-20T22:07:19+08:00 ] 127.0.0.1 /ShoppingCar/getCartNum.html
INFO: [ app_begin ] --START--
INFO: Run Behavior\ReadHtmlCacheBehavior [ RunTime:0.001399s ]
INFO: [ app_begin ] --END-- [ RunTime:0.002439s ]
INFO: [ action_begin ] --START--
INFO: Run \Home\Behavior\CheckUserBehavior [ RunTime:0.002478s ]
INFO: [ action_begin ] --END-- [ RunTime:0.002738s ]
NOTIC: [2048] Declaration of Home\Model\ShoppingCarModel::add() should be compatible with that of Think\Model::add() D:\wamp\WAMP\www\shop\www.shop.com\Application\Home\Model\ShoppingCarModel.class.php 第 15 行.
SQL: SHOW COLUMNS FROM `shopping_car` [ RunTime:0.0046s ]
SQL: SELECT `num` FROM `shopping_car` WHERE `member_id` = 21 AND `goods_id` = 36 LIMIT 1   [ RunTime:0.0007s ]

[ 2016-05-20T22:07:20+08:00 ] 127.0.0.1 /ShoppingCar/add.html
INFO: [ app_begin ] --START--
INFO: Run Behavior\ReadHtmlCacheBehavior [ RunTime:0.001174s ]
INFO: [ app_begin ] --END-- [ RunTime:0.002034s ]
INFO: [ action_begin ] --START--
INFO: Run \Home\Behavior\CheckUserBehavior [ RunTime:0.001983s ]
INFO: [ action_begin ] --END-- [ RunTime:0.002203s ]
NOTIC: [2048] Declaration of Home\Model\ShoppingCarModel::add() should be compatible with that of Think\Model::add() D:\wamp\WAMP\www\shop\www.shop.com\Application\Home\Model\ShoppingCarModel.class.php 第 15 行.
SQL: SHOW COLUMNS FROM `shopping_car` [ RunTime:0.0041s ]
SQL: SELECT COUNT(*) AS tp_count FROM `shopping_car` WHERE `member_id` = 21 AND `goods_id` = 36 LIMIT 1   [ RunTime:0.0004s ]
SQL: UPDATE `shopping_car` SET `num`=num+1 WHERE `member_id` = 21 AND `goods_id` = 36 [ RunTime:0.0003s ]

[ 2016-05-20T22:07:20+08:00 ] 127.0.0.1 /ShoppingCar/getCartNum.html
INFO: [ app_begin ] --START--
INFO: Run Behavior\ReadHtmlCacheBehavior [ RunTime:0.001157s ]
INFO: [ app_begin ] --END-- [ RunTime:0.002010s ]
INFO: [ action_begin ] --START--
INFO: Run \Home\Behavior\CheckUserBehavior [ RunTime:0.002881s ]
INFO: [ action_begin ] --END-- [ RunTime:0.003187s ]
NOTIC: [2048] Declaration of Home\Model\ShoppingCarModel::add() should be compatible with that of Think\Model::add() D:\wamp\WAMP\www\shop\www.shop.com\Application\Home\Model\ShoppingCarModel.class.php 第 15 行.
SQL: SHOW COLUMNS FROM `shopping_car` [ RunTime:0.0042s ]
SQL: SELECT `num` FROM `shopping_car` WHERE `member_id` = 21 AND `goods_id` = 36 LIMIT 1   [ RunTime:0.0004s ]

[ 2016-05-20T22:13:42+08:00 ] 127.0.0.1 /Member/getUserInfo.html
INFO: [ app_begin ] --START--
INFO: Run Behavior\ReadHtmlCacheBehavior [ RunTime:0.001396s ]
INFO: [ app_begin ] --END-- [ RunTime:0.002437s ]
INFO: [ action_begin ] --START--
INFO: Run \Home\Behavior\CheckUserBehavior [ RunTime:0.001285s ]
INFO: [ action_begin ] --END-- [ RunTime:0.001678s ]

[ 2016-05-20T22:13:44+08:00 ] 127.0.0.1 /ShoppingCar/add.html
INFO: [ app_begin ] --START--
INFO: Run Behavior\ReadHtmlCacheBehavior [ RunTime:0.001656s ]
INFO: [ app_begin ] --END-- [ RunTime:0.002916s ]
INFO: [ action_begin ] --START--
INFO: Run \Home\Behavior\CheckUserBehavior [ RunTime:0.001544s ]
INFO: [ action_begin ] --END-- [ RunTime:0.001910s ]
NOTIC: [2048] Declaration of Home\Model\ShoppingCarModel::add() should be compatible with that of Think\Model::add() D:\wamp\WAMP\www\shop\www.shop.com\Application\Home\Model\ShoppingCarModel.class.php 第 15 行.
SQL: SHOW COLUMNS FROM `shopping_car` [ RunTime:0.0066s ]
SQL: SELECT COUNT(*) AS tp_count FROM `shopping_car` WHERE `member_id` = 21 AND `goods_id` = 36 LIMIT 1   [ RunTime:0.0007s ]
SQL: INSERT INTO `shopping_car` (`num`,`goods_id`,`member_id`) VALUES ('1','36','21') [ RunTime:0.0005s ]

[ 2016-05-20T22:13:44+08:00 ] 127.0.0.1 /ShoppingCar/getCartNum.html
INFO: [ app_begin ] --START--
INFO: Run Behavior\ReadHtmlCacheBehavior [ RunTime:0.001125s ]
INFO: [ app_begin ] --END-- [ RunTime:0.002103s ]
INFO: [ action_begin ] --START--
INFO: Run \Home\Behavior\CheckUserBehavior [ RunTime:0.000941s ]
INFO: [ action_begin ] --END-- [ RunTime:0.001202s ]
NOTIC: [2048] Declaration of Home\Model\ShoppingCarModel::add() should be compatible with that of Think\Model::add() D:\wamp\WAMP\www\shop\www.shop.com\Application\Home\Model\ShoppingCarModel.class.php 第 15 行.
SQL: SHOW COLUMNS FROM `shopping_car` [ RunTime:0.0046s ]
SQL: SELECT COUNT(*) AS tp_count FROM `shopping_car` WHERE `member_id` = 21 AND `goods_id` = 36 LIMIT 1   [ RunTime:0.0006s ]

[ 2016-05-20T22:14:00+08:00 ] 127.0.0.1 /Member/getUserInfo.html
INFO: [ app_begin ] --START--
INFO: Run Behavior\ReadHtmlCacheBehavior [ RunTime:0.001526s ]
INFO: [ app_begin ] --END-- [ RunTime:0.002791s ]
INFO: [ action_begin ] --START--
INFO: Run \Home\Behavior\CheckUserBehavior [ RunTime:0.002642s ]
INFO: [ action_begin ] --END-- [ RunTime:0.002999s ]

[ 2016-05-20T22:14:02+08:00 ] 127.0.0.1 /ShoppingCar/add.html
INFO: [ app_begin ] --START--
INFO: Run Behavior\ReadHtmlCacheBehavior [ RunTime:0.001209s ]
INFO: [ app_begin ] --END-- [ RunTime:0.002075s ]
INFO: [ action_begin ] --START--
INFO: Run \Home\Behavior\CheckUserBehavior [ RunTime:0.002376s ]
INFO: [ action_begin ] --END-- [ RunTime:0.002671s ]
NOTIC: [2048] Declaration of Home\Model\ShoppingCarModel::add() should be compatible with that of Think\Model::add() D:\wamp\WAMP\www\shop\www.shop.com\Application\Home\Model\ShoppingCarModel.class.php 第 15 行.
SQL: SHOW COLUMNS FROM `shopping_car` [ RunTime:0.0045s ]
SQL: SELECT COUNT(*) AS tp_count FROM `shopping_car` WHERE `member_id` = 21 AND `goods_id` = 36 LIMIT 1   [ RunTime:0.0006s ]
SQL: UPDATE `shopping_car` SET `num`=num+1 WHERE `member_id` = 21 AND `goods_id` = 36 [ RunTime:0.0004s ]

[ 2016-05-20T22:14:02+08:00 ] 127.0.0.1 /ShoppingCar/getCartNum.html
INFO: [ app_begin ] --START--
INFO: Run Behavior\ReadHtmlCacheBehavior [ RunTime:0.001176s ]
INFO: [ app_begin ] --END-- [ RunTime:0.002044s ]
INFO: [ action_begin ] --START--
INFO: Run \Home\Behavior\CheckUserBehavior [ RunTime:0.001892s ]
INFO: [ action_begin ] --END-- [ RunTime:0.002128s ]
NOTIC: [2048] Declaration of Home\Model\ShoppingCarModel::add() should be compatible with that of Think\Model::add() D:\wamp\WAMP\www\shop\www.shop.com\Application\Home\Model\ShoppingCarModel.class.php 第 15 行.
SQL: SHOW COLUMNS FROM `shopping_car` [ RunTime:0.0048s ]
SQL: SELECT COUNT(*) AS tp_count FROM `shopping_car` WHERE `member_id` = 21 AND `goods_id` = 36 LIMIT 1   [ RunTime:0.0009s ]

[ 2016-05-20T22:14:08+08:00 ] 127.0.0.1 /Member/getUserInfo.html
INFO: [ app_begin ] --START--
INFO: Run Behavior\ReadHtmlCacheBehavior [ RunTime:0.002012s ]
INFO: [ app_begin ] --END-- [ RunTime:0.003349s ]
INFO: [ action_begin ] --START--
INFO: Run \Home\Behavior\CheckUserBehavior [ RunTime:0.001694s ]
INFO: [ action_begin ] --END-- [ RunTime:0.001958s ]

[ 2016-05-20T22:16:20+08:00 ] 127.0.0.1 /Member/getUserInfo.html
INFO: [ app_begin ] --START--
INFO: Run Behavior\ReadHtmlCacheBehavior [ RunTime:0.001504s ]
INFO: [ app_begin ] --END-- [ RunTime:0.002665s ]
INFO: [ action_begin ] --START--
INFO: Run \Home\Behavior\CheckUserBehavior [ RunTime:0.001476s ]
INFO: [ action_begin ] --END-- [ RunTime:0.001765s ]

[ 2016-05-20T22:16:24+08:00 ] 127.0.0.1 /Member/getUserInfo.html
INFO: [ app_begin ] --START--
INFO: Run Behavior\ReadHtmlCacheBehavior [ RunTime:0.001469s ]
INFO: [ app_begin ] --END-- [ RunTime:0.002686s ]
INFO: [ action_begin ] --START--
INFO: Run \Home\Behavior\CheckUserBehavior [ RunTime:0.001238s ]
INFO: [ action_begin ] --END-- [ RunTime:0.001550s ]

[ 2016-05-20T22:16:34+08:00 ] 127.0.0.1 /Member/getUserInfo.html
INFO: [ app_begin ] --START--
INFO: Run Behavior\ReadHtmlCacheBehavior [ RunTime:0.001445s ]
INFO: [ app_begin ] --END-- [ RunTime:0.002554s ]
INFO: [ action_begin ] --START--
INFO: Run \Home\Behavior\CheckUserBehavior [ RunTime:0.001255s ]
INFO: [ action_begin ] --END-- [ RunTime:0.001587s ]

[ 2016-05-20T22:16:35+08:00 ] 127.0.0.1 /ShoppingCar/add.html
INFO: [ app_begin ] --START--
INFO: Run Behavior\ReadHtmlCacheBehavior [ RunTime:0.001261s ]
INFO: [ app_begin ] --END-- [ RunTime:0.002217s ]
INFO: [ action_begin ] --START--
INFO: Run \Home\Behavior\CheckUserBehavior [ RunTime:0.001121s ]
INFO: [ action_begin ] --END-- [ RunTime:0.001423s ]
NOTIC: [2048] Declaration of Home\Model\ShoppingCarModel::add() should be compatible with that of Think\Model::add() D:\wamp\WAMP\www\shop\www.shop.com\Application\Home\Model\ShoppingCarModel.class.php 第 15 行.
SQL: SHOW COLUMNS FROM `shopping_car` [ RunTime:0.0042s ]
SQL: SELECT COUNT(*) AS tp_count FROM `shopping_car` WHERE `member_id` = 21 AND `goods_id` = 36 LIMIT 1   [ RunTime:0.0004s ]
SQL: INSERT INTO `shopping_car` (`num`,`goods_id`,`member_id`) VALUES ('1','36','21') [ RunTime:0.0003s ]

[ 2016-05-20T22:16:35+08:00 ] 127.0.0.1 /ShoppingCar/getCartNum.html
INFO: [ app_begin ] --START--
INFO: Run Behavior\ReadHtmlCacheBehavior [ RunTime:0.000911s ]
INFO: [ app_begin ] --END-- [ RunTime:0.001635s ]
INFO: [ action_begin ] --START--
INFO: Run \Home\Behavior\CheckUserBehavior [ RunTime:0.000837s ]
INFO: [ action_begin ] --END-- [ RunTime:0.001047s ]
NOTIC: [2048] Declaration of Home\Model\ShoppingCarModel::add() should be compatible with that of Think\Model::add() D:\wamp\WAMP\www\shop\www.shop.com\Application\Home\Model\ShoppingCarModel.class.php 第 15 行.
SQL: SHOW COLUMNS FROM `shopping_car` [ RunTime:0.0046s ]
SQL: SELECT COUNT(*) AS tp_count FROM `shopping_car` WHERE `member_id` = 21 AND `goods_id` = 36 LIMIT 1   [ RunTime:0.0006s ]

[ 2016-05-20T22:16:36+08:00 ] 127.0.0.1 /ShoppingCar/add.html
INFO: [ app_begin ] --START--
INFO: Run Behavior\ReadHtmlCacheBehavior [ RunTime:0.000906s ]
INFO: [ app_begin ] --END-- [ RunTime:0.001613s ]
INFO: [ action_begin ] --START--
INFO: Run \Home\Behavior\CheckUserBehavior [ RunTime:0.000835s ]
INFO: [ action_begin ] --END-- [ RunTime:0.001073s ]
NOTIC: [2048] Declaration of Home\Model\ShoppingCarModel::add() should be compatible with that of Think\Model::add() D:\wamp\WAMP\www\shop\www.shop.com\Application\Home\Model\ShoppingCarModel.class.php 第 15 行.
SQL: SHOW COLUMNS FROM `shopping_car` [ RunTime:0.0043s ]
SQL: SELECT COUNT(*) AS tp_count FROM `shopping_car` WHERE `member_id` = 21 AND `goods_id` = 36 LIMIT 1   [ RunTime:0.0005s ]
SQL: UPDATE `shopping_car` SET `num`=num+1 WHERE `member_id` = 21 AND `goods_id` = 36 [ RunTime:0.0006s ]

[ 2016-05-20T22:16:36+08:00 ] 127.0.0.1 /ShoppingCar/getCartNum.html
INFO: [ app_begin ] --START--
INFO: Run Behavior\ReadHtmlCacheBehavior [ RunTime:0.000919s ]
INFO: [ app_begin ] --END-- [ RunTime:0.001642s ]
INFO: [ action_begin ] --START--
INFO: Run \Home\Behavior\CheckUserBehavior [ RunTime:0.000845s ]
INFO: [ action_begin ] --END-- [ RunTime:0.001053s ]
NOTIC: [2048] Declaration of Home\Model\ShoppingCarModel::add() should be compatible with that of Think\Model::add() D:\wamp\WAMP\www\shop\www.shop.com\Application\Home\Model\ShoppingCarModel.class.php 第 15 行.
SQL: SHOW COLUMNS FROM `shopping_car` [ RunTime:0.0041s ]
SQL: SELECT COUNT(*) AS tp_count FROM `shopping_car` WHERE `member_id` = 21 AND `goods_id` = 36 LIMIT 1   [ RunTime:0.0004s ]

[ 2016-05-20T22:16:37+08:00 ] 127.0.0.1 /ShoppingCar/add.html
INFO: [ app_begin ] --START--
INFO: Run Behavior\ReadHtmlCacheBehavior [ RunTime:0.001253s ]
INFO: [ app_begin ] --END-- [ RunTime:0.002221s ]
INFO: [ action_begin ] --START--
INFO: Run \Home\Behavior\CheckUserBehavior [ RunTime:0.000838s ]
INFO: [ action_begin ] --END-- [ RunTime:0.001046s ]
NOTIC: [2048] Declaration of Home\Model\ShoppingCarModel::add() should be compatible with that of Think\Model::add() D:\wamp\WAMP\www\shop\www.shop.com\Application\Home\Model\ShoppingCarModel.class.php 第 15 行.
SQL: SHOW COLUMNS FROM `shopping_car` [ RunTime:0.0042s ]
SQL: SELECT COUNT(*) AS tp_count FROM `shopping_car` WHERE `member_id` = 21 AND `goods_id` = 36 LIMIT 1   [ RunTime:0.0004s ]
SQL: UPDATE `shopping_car` SET `num`=num+1 WHERE `member_id` = 21 AND `goods_id` = 36 [ RunTime:0.0003s ]

[ 2016-05-20T22:16:38+08:00 ] 127.0.0.1 /ShoppingCar/getCartNum.html
INFO: [ app_begin ] --START--
INFO: Run Behavior\ReadHtmlCacheBehavior [ RunTime:0.000913s ]
INFO: [ app_begin ] --END-- [ RunTime:0.001632s ]
INFO: [ action_begin ] --START--
INFO: Run \Home\Behavior\CheckUserBehavior [ RunTime:0.000965s ]
INFO: [ action_begin ] --END-- [ RunTime:0.001230s ]
NOTIC: [2048] Declaration of Home\Model\ShoppingCarModel::add() should be compatible with that of Think\Model::add() D:\wamp\WAMP\www\shop\www.shop.com\Application\Home\Model\ShoppingCarModel.class.php 第 15 行.
SQL: SHOW COLUMNS FROM `shopping_car` [ RunTime:0.0043s ]
SQL: SELECT COUNT(*) AS tp_count FROM `shopping_car` WHERE `member_id` = 21 AND `goods_id` = 36 LIMIT 1   [ RunTime:0.0005s ]

[ 2016-05-20T22:18:25+08:00 ] 127.0.0.1 /Member/getUserInfo.html
INFO: [ app_begin ] --START--
INFO: Run Behavior\ReadHtmlCacheBehavior [ RunTime:0.001550s ]
INFO: [ app_begin ] --END-- [ RunTime:0.002735s ]
INFO: [ action_begin ] --START--
INFO: Run \Home\Behavior\CheckUserBehavior [ RunTime:0.001828s ]
INFO: [ action_begin ] --END-- [ RunTime:0.002141s ]

[ 2016-05-20T22:18:27+08:00 ] 127.0.0.1 /Member/getUserInfo.html
INFO: [ app_begin ] --START--
INFO: Run Behavior\ReadHtmlCacheBehavior [ RunTime:0.003546s ]
INFO: [ app_begin ] --END-- [ RunTime:0.004657s ]
INFO: [ action_begin ] --START--
INFO: Run \Home\Behavior\CheckUserBehavior [ RunTime:0.002982s ]
INFO: [ action_begin ] --END-- [ RunTime:0.003538s ]

[ 2016-05-20T22:18:30+08:00 ] 127.0.0.1 /Member/getUserInfo.html
INFO: [ app_begin ] --START--
INFO: Run Behavior\ReadHtmlCacheBehavior [ RunTime:0.001443s ]
INFO: [ app_begin ] --END-- [ RunTime:0.002711s ]
INFO: [ action_begin ] --START--
INFO: Run \Home\Behavior\CheckUserBehavior [ RunTime:0.001419s ]
INFO: [ action_begin ] --END-- [ RunTime:0.001736s ]

[ 2016-05-20T22:18:33+08:00 ] 127.0.0.1 /Index/show/id/index.html
ERR: 1064:You have an error in your SQL syntax; check the manual that corresponds to your MySQL server version for the right syntax to use near '' at line 1
 [ SQL语句 ] : SELECT a.`name`,a.id FROM goods_category AS a,goods_category AS b WHERE a.`lft`<=b.`lft` AND a.`rgt`>=b.`rgt` AND b.`id`=

[ 2016-05-20T22:18:34+08:00 ] 127.0.0.1 /Member/getUserInfo.html
INFO: [ app_begin ] --START--
INFO: Run Behavior\ReadHtmlCacheBehavior [ RunTime:0.002095s ]
INFO: [ app_begin ] --END-- [ RunTime:0.003505s ]
INFO: [ action_begin ] --START--
INFO: Run \Home\Behavior\CheckUserBehavior [ RunTime:0.004794s ]
INFO: [ action_begin ] --END-- [ RunTime:0.005146s ]

[ 2016-05-20T22:18:37+08:00 ] 127.0.0.1 /Member/getUserInfo.html
INFO: [ app_begin ] --START--
INFO: Run Behavior\ReadHtmlCacheBehavior [ RunTime:0.001474s ]
INFO: [ app_begin ] --END-- [ RunTime:0.002715s ]
INFO: [ action_begin ] --START--
INFO: Run \Home\Behavior\CheckUserBehavior [ RunTime:0.001364s ]
INFO: [ action_begin ] --END-- [ RunTime:0.001710s ]

[ 2016-05-20T22:18:40+08:00 ] 127.0.0.1 /Member/getUserInfo.html
INFO: [ app_begin ] --START--
INFO: Run Behavior\ReadHtmlCacheBehavior [ RunTime:0.001325s ]
INFO: [ app_begin ] --END-- [ RunTime:0.002430s ]
INFO: [ action_begin ] --START--
INFO: Run \Home\Behavior\CheckUserBehavior [ RunTime:0.001338s ]
INFO: [ action_begin ] --END-- [ RunTime:0.001682s ]

[ 2016-05-20T22:18:43+08:00 ] 127.0.0.1 /ShoppingCar/add.html
INFO: [ app_begin ] --START--
INFO: Run Behavior\ReadHtmlCacheBehavior [ RunTime:0.000939s ]
INFO: [ app_begin ] --END-- [ RunTime:0.001651s ]
INFO: [ action_begin ] --START--
INFO: Run \Home\Behavior\CheckUserBehavior [ RunTime:0.000821s ]
INFO: [ action_begin ] --END-- [ RunTime:0.001049s ]
NOTIC: [2048] Declaration of Home\Model\ShoppingCarModel::add() should be compatible with that of Think\Model::add() D:\wamp\WAMP\www\shop\www.shop.com\Application\Home\Model\ShoppingCarModel.class.php 第 15 行.
SQL: SHOW COLUMNS FROM `shopping_car` [ RunTime:0.0044s ]
SQL: SELECT COUNT(*) AS tp_count FROM `shopping_car` WHERE `member_id` = 21 AND `goods_id` = 37 LIMIT 1   [ RunTime:0.0006s ]
SQL: INSERT INTO `shopping_car` (`num`,`goods_id`,`member_id`) VALUES ('1','37','21') [ RunTime:0.0006s ]

[ 2016-05-20T22:18:43+08:00 ] 127.0.0.1 /ShoppingCar/getCartNum.html
INFO: [ app_begin ] --START--
INFO: Run Behavior\ReadHtmlCacheBehavior [ RunTime:0.000895s ]
INFO: [ app_begin ] --END-- [ RunTime:0.001611s ]
INFO: [ action_begin ] --START--
INFO: Run \Home\Behavior\CheckUserBehavior [ RunTime:0.001027s ]
INFO: [ action_begin ] --END-- [ RunTime:0.001250s ]
NOTIC: [2048] Declaration of Home\Model\ShoppingCarModel::add() should be compatible with that of Think\Model::add() D:\wamp\WAMP\www\shop\www.shop.com\Application\Home\Model\ShoppingCarModel.class.php 第 15 行.
SQL: SHOW COLUMNS FROM `shopping_car` [ RunTime:0.0042s ]
SQL: SELECT COUNT(*) AS tp_count FROM `shopping_car` WHERE `member_id` = 21 AND `goods_id` = 37 LIMIT 1   [ RunTime:0.0006s ]

[ 2016-05-20T22:20:38+08:00 ] 127.0.0.1 /Member/getUserInfo.html
INFO: [ app_begin ] --START--
INFO: Run Behavior\ReadHtmlCacheBehavior [ RunTime:0.001794s ]
INFO: [ app_begin ] --END-- [ RunTime:0.003215s ]
INFO: [ action_begin ] --START--
INFO: Run \Home\Behavior\CheckUserBehavior [ RunTime:0.002920s ]
INFO: [ action_begin ] --END-- [ RunTime:0.003226s ]

[ 2016-05-20T22:20:41+08:00 ] 127.0.0.1 /Member/getUserInfo.html
INFO: [ app_begin ] --START--
INFO: Run Behavior\ReadHtmlCacheBehavior [ RunTime:0.001688s ]
INFO: [ app_begin ] --END-- [ RunTime:0.002792s ]
INFO: [ action_begin ] --START--
INFO: Run \Home\Behavior\CheckUserBehavior [ RunTime:0.001785s ]
INFO: [ action_begin ] --END-- [ RunTime:0.002081s ]

[ 2016-05-20T22:20:42+08:00 ] 127.0.0.1 /ShoppingCar/add.html
INFO: [ app_begin ] --START--
INFO: Run Behavior\ReadHtmlCacheBehavior [ RunTime:0.001089s ]
INFO: [ app_begin ] --END-- [ RunTime:0.002061s ]
INFO: [ action_begin ] --START--
INFO: Run \Home\Behavior\CheckUserBehavior [ RunTime:0.000982s ]
INFO: [ action_begin ] --END-- [ RunTime:0.001249s ]
NOTIC: [2048] Declaration of Home\Model\ShoppingCarModel::add() should be compatible with that of Think\Model::add() D:\wamp\WAMP\www\shop\www.shop.com\Application\Home\Model\ShoppingCarModel.class.php 第 15 行.
SQL: SHOW COLUMNS FROM `shopping_car` [ RunTime:0.0040s ]
SQL: SELECT COUNT(*) AS tp_count FROM `shopping_car` WHERE `member_id` = 21 AND `goods_id` = 37 LIMIT 1   [ RunTime:0.0005s ]
SQL: INSERT INTO `shopping_car` (`num`,`goods_id`,`member_id`) VALUES ('1','37','21') [ RunTime:0.0005s ]

[ 2016-05-20T22:20:42+08:00 ] 127.0.0.1 /ShoppingCar/getCartNum.html
INFO: [ app_begin ] --START--
INFO: Run Behavior\ReadHtmlCacheBehavior [ RunTime:0.000993s ]
INFO: [ app_begin ] --END-- [ RunTime:0.001809s ]
INFO: [ action_begin ] --START--
INFO: Run \Home\Behavior\CheckUserBehavior [ RunTime:0.001151s ]
INFO: [ action_begin ] --END-- [ RunTime:0.001411s ]
NOTIC: [2048] Declaration of Home\Model\ShoppingCarModel::add() should be compatible with that of Think\Model::add() D:\wamp\WAMP\www\shop\www.shop.com\Application\Home\Model\ShoppingCarModel.class.php 第 15 行.
SQL: SHOW COLUMNS FROM `shopping_car` [ RunTime:0.0042s ]
SQL: SELECT COUNT(*) AS tp_count FROM `shopping_car` WHERE `member_id` = 21 LIMIT 1   [ RunTime:0.0004s ]

[ 2016-05-20T22:20:44+08:00 ] 127.0.0.1 /ShoppingCar/add.html
INFO: [ app_begin ] --START--
INFO: Run Behavior\ReadHtmlCacheBehavior [ RunTime:0.001560s ]
INFO: [ app_begin ] --END-- [ RunTime:0.002630s ]
INFO: [ action_begin ] --START--
INFO: Run \Home\Behavior\CheckUserBehavior [ RunTime:0.001187s ]
INFO: [ action_begin ] --END-- [ RunTime:0.001489s ]
NOTIC: [2048] Declaration of Home\Model\ShoppingCarModel::add() should be compatible with that of Think\Model::add() D:\wamp\WAMP\www\shop\www.shop.com\Application\Home\Model\ShoppingCarModel.class.php 第 15 行.
SQL: SHOW COLUMNS FROM `shopping_car` [ RunTime:0.0060s ]
SQL: SELECT COUNT(*) AS tp_count FROM `shopping_car` WHERE `member_id` = 21 AND `goods_id` = 37 LIMIT 1   [ RunTime:0.0007s ]
SQL: UPDATE `shopping_car` SET `num`=num+1 WHERE `member_id` = 21 AND `goods_id` = 37 [ RunTime:0.0007s ]

[ 2016-05-20T22:20:44+08:00 ] 127.0.0.1 /ShoppingCar/getCartNum.html
INFO: [ app_begin ] --START--
INFO: Run Behavior\ReadHtmlCacheBehavior [ RunTime:0.001051s ]
INFO: [ app_begin ] --END-- [ RunTime:0.002057s ]
INFO: [ action_begin ] --START--
INFO: Run \Home\Behavior\CheckUserBehavior [ RunTime:0.001142s ]
INFO: [ action_begin ] --END-- [ RunTime:0.001442s ]
NOTIC: [2048] Declaration of Home\Model\ShoppingCarModel::add() should be compatible with that of Think\Model::add() D:\wamp\WAMP\www\shop\www.shop.com\Application\Home\Model\ShoppingCarModel.class.php 第 15 行.
SQL: SHOW COLUMNS FROM `shopping_car` [ RunTime:0.0430s ]
SQL: SELECT COUNT(*) AS tp_count FROM `shopping_car` WHERE `member_id` = 21 LIMIT 1   [ RunTime:0.0005s ]

[ 2016-05-20T22:20:46+08:00 ] 127.0.0.1 /Member/getUserInfo.html
INFO: [ app_begin ] --START--
INFO: Run Behavior\ReadHtmlCacheBehavior [ RunTime:0.001293s ]
INFO: [ app_begin ] --END-- [ RunTime:0.002520s ]
INFO: [ action_begin ] --START--
INFO: Run \Home\Behavior\CheckUserBehavior [ RunTime:0.001479s ]
INFO: [ action_begin ] --END-- [ RunTime:0.001887s ]

[ 2016-05-20T22:20:47+08:00 ] 127.0.0.1 /Member/getUserInfo.html
INFO: [ app_begin ] --START--
INFO: Run Behavior\ReadHtmlCacheBehavior [ RunTime:0.001332s ]
INFO: [ app_begin ] --END-- [ RunTime:0.002439s ]
INFO: [ action_begin ] --START--
INFO: Run \Home\Behavior\CheckUserBehavior [ RunTime:0.001496s ]
INFO: [ action_begin ] --END-- [ RunTime:0.001885s ]

[ 2016-05-20T22:20:48+08:00 ] 127.0.0.1 /ShoppingCar/add.html
INFO: [ app_begin ] --START--
INFO: Run Behavior\ReadHtmlCacheBehavior [ RunTime:0.001473s ]
INFO: [ app_begin ] --END-- [ RunTime:0.002582s ]
INFO: [ action_begin ] --START--
INFO: Run \Home\Behavior\CheckUserBehavior [ RunTime:0.001353s ]
INFO: [ action_begin ] --END-- [ RunTime:0.001727s ]
NOTIC: [2048] Declaration of Home\Model\ShoppingCarModel::add() should be compatible with that of Think\Model::add() D:\wamp\WAMP\www\shop\www.shop.com\Application\Home\Model\ShoppingCarModel.class.php 第 15 行.
SQL: SHOW COLUMNS FROM `shopping_car` [ RunTime:0.0043s ]
SQL: SELECT COUNT(*) AS tp_count FROM `shopping_car` WHERE `member_id` = 21 AND `goods_id` = 36 LIMIT 1   [ RunTime:0.0006s ]
SQL: INSERT INTO `shopping_car` (`num`,`goods_id`,`member_id`) VALUES ('1','36','21') [ RunTime:0.0006s ]

[ 2016-05-20T22:20:49+08:00 ] 127.0.0.1 /ShoppingCar/getCartNum.html
INFO: [ app_begin ] --START--
INFO: Run Behavior\ReadHtmlCacheBehavior [ RunTime:0.000940s ]
INFO: [ app_begin ] --END-- [ RunTime:0.001679s ]
INFO: [ action_begin ] --START--
INFO: Run \Home\Behavior\CheckUserBehavior [ RunTime:0.000995s ]
INFO: [ action_begin ] --END-- [ RunTime:0.001229s ]
NOTIC: [2048] Declaration of Home\Model\ShoppingCarModel::add() should be compatible with that of Think\Model::add() D:\wamp\WAMP\www\shop\www.shop.com\Application\Home\Model\ShoppingCarModel.class.php 第 15 行.
SQL: SHOW COLUMNS FROM `shopping_car` [ RunTime:0.0045s ]
SQL: SELECT COUNT(*) AS tp_count FROM `shopping_car` WHERE `member_id` = 21 LIMIT 1   [ RunTime:0.0007s ]

[ 2016-05-20T22:45:11+08:00 ] 127.0.0.1 /Region/getChildren.html?parent_id=1
INFO: [ app_begin ] --START--
INFO: Run Behavior\ReadHtmlCacheBehavior [ RunTime:0.001045s ]
INFO: [ app_begin ] --END-- [ RunTime:0.001783s ]
INFO: [ action_begin ] --START--
INFO: Run \Home\Behavior\CheckUserBehavior [ RunTime:0.001550s ]
INFO: [ action_begin ] --END-- [ RunTime:0.001741s ]
SQL: SHOW COLUMNS FROM `region` [ RunTime:0.0036s ]
SQL: SELECT `id`,`name` FROM `region` WHERE `parent_id` = 1  [ RunTime:0.0005s ]

[ 2016-05-20T22:45:12+08:00 ] 127.0.0.1 /Region/getChildren.html?parent_id=3
INFO: [ app_begin ] --START--
INFO: Run Behavior\ReadHtmlCacheBehavior [ RunTime:0.000997s ]
INFO: [ app_begin ] --END-- [ RunTime:0.001778s ]
INFO: [ action_begin ] --START--
INFO: Run \Home\Behavior\CheckUserBehavior [ RunTime:0.001544s ]
INFO: [ action_begin ] --END-- [ RunTime:0.001722s ]
SQL: SHOW COLUMNS FROM `region` [ RunTime:0.0037s ]
SQL: SELECT `id`,`name` FROM `region` WHERE `parent_id` = 3  [ RunTime:0.0005s ]

[ 2016-05-20T22:45:25+08:00 ] 127.0.0.1 /Address/add.html
INFO: [ app_begin ] --START--
INFO: Run Behavior\ReadHtmlCacheBehavior [ RunTime:0.000962s ]
INFO: [ app_begin ] --END-- [ RunTime:0.001643s ]
INFO: [ action_begin ] --START--
INFO: Run \Home\Behavior\CheckUserBehavior [ RunTime:0.001591s ]
INFO: [ action_begin ] --END-- [ RunTime:0.001783s ]
NOTIC: [2048] Declaration of Home\Model\AddressModel::add() should be compatible with that of Think\Model::add() D:\wamp\WAMP\www\shop\www.shop.com\Application\Home\Model\AddressModel.class.php 第 15 行.
NOTIC: [2048] Declaration of Home\Model\AddressModel::save() should be compatible with that of Think\Model::save() D:\wamp\WAMP\www\shop\www.shop.com\Application\Home\Model\AddressModel.class.php 第 15 行.
SQL: SHOW COLUMNS FROM `address` [ RunTime:0.0034s ]
SQL: UPDATE `address` SET `is_default`='0' WHERE `member_id` = 21 [ RunTime:0.0003s ]
SQL: INSERT INTO `address` (`receiver`,`province_id`,`city_id`,`area_id`,`detail_address`,`tel`,`is_default`,`id`,`member_id`) VALUES ('大明','1','3','7','aaaaaaa','1838044838080','1','0','21') [ RunTime:0.0005s ]

[ 2016-05-20T22:45:33+08:00 ] 127.0.0.1 /Region/getChildren.html?parent_id=1
INFO: [ app_begin ] --START--
INFO: Run Behavior\ReadHtmlCacheBehavior [ RunTime:0.000935s ]
INFO: [ app_begin ] --END-- [ RunTime:0.001582s ]
INFO: [ action_begin ] --START--
INFO: Run \Home\Behavior\CheckUserBehavior [ RunTime:0.001591s ]
INFO: [ action_begin ] --END-- [ RunTime:0.001775s ]
SQL: SHOW COLUMNS FROM `region` [ RunTime:0.0032s ]
SQL: SELECT `id`,`name` FROM `region` WHERE `parent_id` = 1  [ RunTime:0.0004s ]

[ 2016-05-20T22:45:35+08:00 ] 127.0.0.1 /Region/getChildren.html?parent_id=2
INFO: [ app_begin ] --START--
INFO: Run Behavior\ReadHtmlCacheBehavior [ RunTime:0.000924s ]
INFO: [ app_begin ] --END-- [ RunTime:0.001616s ]
INFO: [ action_begin ] --START--
INFO: Run \Home\Behavior\CheckUserBehavior [ RunTime:0.001850s ]
INFO: [ action_begin ] --END-- [ RunTime:0.002022s ]
SQL: SHOW COLUMNS FROM `region` [ RunTime:0.0032s ]
SQL: SELECT `id`,`name` FROM `region` WHERE `parent_id` = 2  [ RunTime:0.0004s ]

[ 2016-05-20T22:45:36+08:00 ] 127.0.0.1 /Region/getChildren.html?parent_id=14
INFO: [ app_begin ] --START--
INFO: Run Behavior\ReadHtmlCacheBehavior [ RunTime:0.000957s ]
INFO: [ app_begin ] --END-- [ RunTime:0.001655s ]
INFO: [ action_begin ] --START--
INFO: Run \Home\Behavior\CheckUserBehavior [ RunTime:0.001734s ]
INFO: [ action_begin ] --END-- [ RunTime:0.001951s ]
SQL: SHOW COLUMNS FROM `region` [ RunTime:0.0033s ]
SQL: SELECT `id`,`name` FROM `region` WHERE `parent_id` = 14  [ RunTime:0.0003s ]

[ 2016-05-20T22:45:49+08:00 ] 127.0.0.1 /Address/add.html
INFO: [ app_begin ] --START--
INFO: Run Behavior\ReadHtmlCacheBehavior [ RunTime:0.000937s ]
INFO: [ app_begin ] --END-- [ RunTime:0.001603s ]
INFO: [ action_begin ] --START--
INFO: Run \Home\Behavior\CheckUserBehavior [ RunTime:0.001498s ]
INFO: [ action_begin ] --END-- [ RunTime:0.001664s ]
NOTIC: [2048] Declaration of Home\Model\AddressModel::add() should be compatible with that of Think\Model::add() D:\wamp\WAMP\www\shop\www.shop.com\Application\Home\Model\AddressModel.class.php 第 15 行.
NOTIC: [2048] Declaration of Home\Model\AddressModel::save() should be compatible with that of Think\Model::save() D:\wamp\WAMP\www\shop\www.shop.com\Application\Home\Model\AddressModel.class.php 第 15 行.
SQL: SHOW COLUMNS FROM `address` [ RunTime:0.0034s ]
SQL: INSERT INTO `address` (`receiver`,`province_id`,`city_id`,`area_id`,`detail_address`,`tel`,`id`,`member_id`) VALUES ('小明','2','14','0','bbbbbb','18380448380','0','21') [ RunTime:0.0006s ]

[ 2016-05-20T22:52:03+08:00 ] 127.0.0.1 /Member/getUserInfo.html
INFO: [ app_begin ] --START--
INFO: Run Behavior\ReadHtmlCacheBehavior [ RunTime:0.001244s ]
INFO: [ app_begin ] --END-- [ RunTime:0.002388s ]
INFO: [ action_begin ] --START--
INFO: Run \Home\Behavior\CheckUserBehavior [ RunTime:0.001440s ]
INFO: [ action_begin ] --END-- [ RunTime:0.001624s ]

[ 2016-05-20T22:52:05+08:00 ] 127.0.0.1 /Member/getUserInfo.html
INFO: [ app_begin ] --START--
INFO: Run Behavior\ReadHtmlCacheBehavior [ RunTime:0.001072s ]
INFO: [ app_begin ] --END-- [ RunTime:0.001771s ]
INFO: [ action_begin ] --START--
INFO: Run \Home\Behavior\CheckUserBehavior [ RunTime:0.001406s ]
INFO: [ action_begin ] --END-- [ RunTime:0.001577s ]

[ 2016-05-20T22:52:05+08:00 ] 127.0.0.1 /Member/getUserInfo.html
INFO: [ app_begin ] --START--
INFO: Run Behavior\ReadHtmlCacheBehavior [ RunTime:0.001169s ]
INFO: [ app_begin ] --END-- [ RunTime:0.001902s ]
INFO: [ action_begin ] --START--
INFO: Run \Home\Behavior\CheckUserBehavior [ RunTime:0.001800s ]
INFO: [ action_begin ] --END-- [ RunTime:0.002046s ]

[ 2016-05-20T22:52:11+08:00 ] 127.0.0.1 /Member/getUserInfo.html
INFO: [ app_begin ] --START--
INFO: Run Behavior\ReadHtmlCacheBehavior [ RunTime:0.001586s ]
INFO: [ app_begin ] --END-- [ RunTime:0.002530s ]
INFO: [ action_begin ] --START--
INFO: Run \Home\Behavior\CheckUserBehavior [ RunTime:0.001464s ]
INFO: [ action_begin ] --END-- [ RunTime:0.001658s ]

[ 2016-05-20T22:52:46+08:00 ] 127.0.0.1 /Member/getUserInfo.html
INFO: [ app_begin ] --START--
INFO: Run Behavior\ReadHtmlCacheBehavior [ RunTime:0.001431s ]
INFO: [ app_begin ] --END-- [ RunTime:0.002312s ]
INFO: [ action_begin ] --START--
INFO: Run \Home\Behavior\CheckUserBehavior [ RunTime:0.001433s ]
INFO: [ action_begin ] --END-- [ RunTime:0.001637s ]

[ 2016-05-20T22:53:35+08:00 ] 127.0.0.1 /Member/getUserInfo.html
INFO: [ app_begin ] --START--
INFO: Run Behavior\ReadHtmlCacheBehavior [ RunTime:0.001032s ]
INFO: [ app_begin ] --END-- [ RunTime:0.001761s ]
INFO: [ action_begin ] --START--
INFO: Run \Home\Behavior\CheckUserBehavior [ RunTime:0.002084s ]
INFO: [ action_begin ] --END-- [ RunTime:0.002343s ]

[ 2016-05-20T22:55:18+08:00 ] 127.0.0.1 /ShoppingCar/add.html
INFO: [ app_begin ] --START--
INFO: Run Behavior\ReadHtmlCacheBehavior [ RunTime:0.000928s ]
INFO: [ app_begin ] --END-- [ RunTime:0.001603s ]
INFO: [ action_begin ] --START--
INFO: Run \Home\Behavior\CheckUserBehavior [ RunTime:0.001587s ]
INFO: [ action_begin ] --END-- [ RunTime:0.001771s ]
NOTIC: [2048] Declaration of Home\Model\ShoppingCarModel::add() should be compatible with that of Think\Model::add() D:\wamp\WAMP\www\shop\www.shop.com\Application\Home\Model\ShoppingCarModel.class.php 第 15 行.
SQL: SHOW COLUMNS FROM `shopping_car` [ RunTime:0.0034s ]
SQL: SELECT COUNT(*) AS tp_count FROM `shopping_car` WHERE `member_id` = 21 AND `goods_id` = 36 LIMIT 1   [ RunTime:0.0003s ]
SQL: INSERT INTO `shopping_car` (`num`,`goods_id`,`member_id`) VALUES ('1','36','21') [ RunTime:0.0003s ]

[ 2016-05-20T22:55:19+08:00 ] 127.0.0.1 /ShoppingCar/getCartNum.html
INFO: [ app_begin ] --START--
INFO: Run Behavior\ReadHtmlCacheBehavior [ RunTime:0.000906s ]
INFO: [ app_begin ] --END-- [ RunTime:0.001563s ]
INFO: [ action_begin ] --START--
INFO: Run \Home\Behavior\CheckUserBehavior [ RunTime:0.001548s ]
INFO: [ action_begin ] --END-- [ RunTime:0.001738s ]
NOTIC: [2048] Declaration of Home\Model\ShoppingCarModel::add() should be compatible with that of Think\Model::add() D:\wamp\WAMP\www\shop\www.shop.com\Application\Home\Model\ShoppingCarModel.class.php 第 15 行.
SQL: SHOW COLUMNS FROM `shopping_car` [ RunTime:0.0032s ]
SQL: SELECT COUNT(*) AS tp_count FROM `shopping_car` WHERE `member_id` = 21 LIMIT 1   [ RunTime:0.0004s ]

[ 2016-05-20T22:58:22+08:00 ] 127.0.0.1 /Member/getUserInfo.html
INFO: [ app_begin ] --START--
INFO: Run Behavior\ReadHtmlCacheBehavior [ RunTime:0.001435s ]
INFO: [ app_begin ] --END-- [ RunTime:0.002416s ]
INFO: [ action_begin ] --START--
INFO: Run \Home\Behavior\CheckUserBehavior [ RunTime:0.002224s ]
INFO: [ action_begin ] --END-- [ RunTime:0.002504s ]

[ 2016-05-20T22:58:24+08:00 ] 127.0.0.1 /Member/getUserInfo.html
INFO: [ app_begin ] --START--
INFO: Run Behavior\ReadHtmlCacheBehavior [ RunTime:0.001447s ]
INFO: [ app_begin ] --END-- [ RunTime:0.002434s ]
INFO: [ action_begin ] --START--
INFO: Run \Home\Behavior\CheckUserBehavior [ RunTime:0.002231s ]
INFO: [ action_begin ] --END-- [ RunTime:0.002539s ]

[ 2016-05-20T22:58:25+08:00 ] 127.0.0.1 /Member/getUserInfo.html
INFO: [ app_begin ] --START--
INFO: Run Behavior\ReadHtmlCacheBehavior [ RunTime:0.001142s ]
INFO: [ app_begin ] --END-- [ RunTime:0.002023s ]
INFO: [ action_begin ] --START--
INFO: Run \Home\Behavior\CheckUserBehavior [ RunTime:0.001801s ]
INFO: [ action_begin ] --END-- [ RunTime:0.002020s ]

[ 2016-05-20T22:58:27+08:00 ] 127.0.0.1 /ShoppingCar/add.html
INFO: [ app_begin ] --START--
INFO: Run Behavior\ReadHtmlCacheBehavior [ RunTime:0.001124s ]
INFO: [ app_begin ] --END-- [ RunTime:0.001980s ]
INFO: [ action_begin ] --START--
INFO: Run \Home\Behavior\CheckUserBehavior [ RunTime:0.001554s ]
INFO: [ action_begin ] --END-- [ RunTime:0.001749s ]
NOTIC: [2048] Declaration of Home\Model\ShoppingCarModel::add() should be compatible with that of Think\Model::add() D:\wamp\WAMP\www\shop\www.shop.com\Application\Home\Model\ShoppingCarModel.class.php 第 15 行.
SQL: SHOW COLUMNS FROM `shopping_car` [ RunTime:0.0033s ]
SQL: SELECT COUNT(*) AS tp_count FROM `shopping_car` WHERE `member_id` = 21 AND `goods_id` = 37 LIMIT 1   [ RunTime:0.0004s ]
SQL: INSERT INTO `shopping_car` (`num`,`goods_id`,`member_id`) VALUES ('2','37','21') [ RunTime:0.0004s ]

[ 2016-05-20T22:58:27+08:00 ] 127.0.0.1 /ShoppingCar/getCartNum.html
INFO: [ app_begin ] --START--
INFO: Run Behavior\ReadHtmlCacheBehavior [ RunTime:0.000908s ]
INFO: [ app_begin ] --END-- [ RunTime:0.001585s ]
INFO: [ action_begin ] --START--
INFO: Run \Home\Behavior\CheckUserBehavior [ RunTime:0.001742s ]
INFO: [ action_begin ] --END-- [ RunTime:0.001949s ]
NOTIC: [2048] Declaration of Home\Model\ShoppingCarModel::add() should be compatible with that of Think\Model::add() D:\wamp\WAMP\www\shop\www.shop.com\Application\Home\Model\ShoppingCarModel.class.php 第 15 行.
SQL: SHOW COLUMNS FROM `shopping_car` [ RunTime:0.0032s ]
SQL: SELECT COUNT(*) AS tp_count FROM `shopping_car` WHERE `member_id` = 21 LIMIT 1   [ RunTime:0.0004s ]

[ 2016-05-20T23:11:56+08:00 ] 127.0.0.1 /Member/getUserInfo.html
INFO: [ app_begin ] --START--
INFO: Run Behavior\ReadHtmlCacheBehavior [ RunTime:0.001426s ]
INFO: [ app_begin ] --END-- [ RunTime:0.002515s ]
INFO: [ action_begin ] --START--
INFO: Run \Home\Behavior\CheckUserBehavior [ RunTime:0.002272s ]
INFO: [ action_begin ] --END-- [ RunTime:0.002538s ]

[ 2016-05-20T23:12:00+08:00 ] 127.0.0.1 /ShoppingCar/add.html
INFO: [ app_begin ] --START--
INFO: Run Behavior\ReadHtmlCacheBehavior [ RunTime:0.000941s ]
INFO: [ app_begin ] --END-- [ RunTime:0.001584s ]
INFO: [ action_begin ] --START--
INFO: Run \Home\Behavior\CheckUserBehavior [ RunTime:0.001816s ]
INFO: [ action_begin ] --END-- [ RunTime:0.002080s ]
NOTIC: [2048] Declaration of Home\Model\ShoppingCarModel::add() should be compatible with that of Think\Model::add() D:\wamp\WAMP\www\shop\www.shop.com\Application\Home\Model\ShoppingCarModel.class.php 第 15 行.
SQL: SHOW COLUMNS FROM `shopping_car` [ RunTime:0.0036s ]
SQL: SELECT COUNT(*) AS tp_count FROM `shopping_car` WHERE `member_id` = 21 AND `goods_id` = 37 LIMIT 1   [ RunTime:0.0004s ]
SQL: UPDATE `shopping_car` SET `num`=num+3 WHERE `member_id` = 21 AND `goods_id` = 37 [ RunTime:0.0006s ]

[ 2016-05-20T23:12:00+08:00 ] 127.0.0.1 /ShoppingCar/getCartNum.html
INFO: [ app_begin ] --START--
INFO: Run Behavior\ReadHtmlCacheBehavior [ RunTime:0.000938s ]
INFO: [ app_begin ] --END-- [ RunTime:0.001677s ]
INFO: [ action_begin ] --START--
INFO: Run \Home\Behavior\CheckUserBehavior [ RunTime:0.001521s ]
INFO: [ action_begin ] --END-- [ RunTime:0.001688s ]
NOTIC: [2048] Declaration of Home\Model\ShoppingCarModel::add() should be compatible with that of Think\Model::add() D:\wamp\WAMP\www\shop\www.shop.com\Application\Home\Model\ShoppingCarModel.class.php 第 15 行.
SQL: SHOW COLUMNS FROM `shopping_car` [ RunTime:0.0035s ]
SQL: SELECT COUNT(*) AS tp_count FROM `shopping_car` WHERE `member_id` = 21 LIMIT 1   [ RunTime:0.0005s ]

[ 2016-05-20T23:13:17+08:00 ] 127.0.0.1 /Member/getUserInfo.html
INFO: [ app_begin ] --START--
INFO: Run Behavior\ReadHtmlCacheBehavior [ RunTime:0.000990s ]
INFO: [ app_begin ] --END-- [ RunTime:0.001861s ]
INFO: [ action_begin ] --START--
INFO: Run \Home\Behavior\CheckUserBehavior [ RunTime:0.001461s ]
INFO: [ action_begin ] --END-- [ RunTime:0.001768s ]

[ 2016-05-20T23:13:18+08:00 ] 127.0.0.1 /Member/getUserInfo.html
INFO: [ app_begin ] --START--
INFO: Run Behavior\ReadHtmlCacheBehavior [ RunTime:0.000958s ]
INFO: [ app_begin ] --END-- [ RunTime:0.001751s ]
INFO: [ action_begin ] --START--
INFO: Run \Home\Behavior\CheckUserBehavior [ RunTime:0.001412s ]
INFO: [ action_begin ] --END-- [ RunTime:0.001734s ]

[ 2016-05-20T23:13:36+08:00 ] 127.0.0.1 /Member/getUserInfo.html
INFO: [ app_begin ] --START--
INFO: Run Behavior\ReadHtmlCacheBehavior [ RunTime:0.001166s ]
INFO: [ app_begin ] --END-- [ RunTime:0.002188s ]
INFO: [ action_begin ] --START--
INFO: Run \Home\Behavior\CheckUserBehavior [ RunTime:0.000970s ]
INFO: [ action_begin ] --END-- [ RunTime:0.001229s ]

[ 2016-05-20T23:24:33+08:00 ] 127.0.0.1 /OrderInfo/add.html
ERR: 1136:Column count doesn't match value count at row 2
 [ SQL语句 ] : INSERT INTO `order_info_item` (`order_info_id`,`price`,`id`) VALUES ('26','0',NULL),()

[ 2016-05-20T23:31:18+08:00 ] 127.0.0.1 /OrderInfo/add.html
ERR: 1048:Column 'price' cannot be null
 [ SQL语句 ] : INSERT INTO `invoice` (`name`,`order_info_id`,`content`,`price`) VALUES ('21','27','bbb5110<br/>aa112<br/>',NULL)

[ 2016-05-20T23:33:15+08:00 ] 127.0.0.1 /OrderInfo/add.html
ERR: 1048:Column 'name' cannot be null
 [ SQL语句 ] : INSERT INTO `invoice` (`name`,`order_info_id`,`content`,`price`) VALUES (NULL,'28',NULL,'122')

